<?xml version="1.0" encoding="UTF-8"?>
<testsuite name="Card authorization" tests="10" skipped="0" failures="0" errors="0" timestamp="2026-09-08T07:37:38.527Z" hostname="nas" time="7.065">
  <properties/>
  <testcase name="A purchase within the available balance is approved" classname="feature_classpath_pl/fairydeck/authorization/acceptance/card_authorization.feature" time="6.44"/>
  <testcase name="A purchase exceeding the available balance is declined" classname="feature_classpath_pl/fairydeck/authorization/acceptance/card_authorization.feature" time="0.042"/>
  <testcase name="A purchase on a blocked card is declined" classname="feature_classpath_pl/fairydeck/authorization/acceptance/card_authorization.feature" time="0.028"/>
  <testcase name="A retried purchase with the same idempotency key is not authorized twice" classname="feature_classpath_pl/fairydeck/authorization/acceptance/card_authorization.feature" time="0.046"/>
  <testcase name="Concurrent purchases cannot overdraw the available balance" classname="feature_classpath_pl/fairydeck/authorization/acceptance/card_authorization.feature" time="0.121"/>
  <testcase name="When the risk service times out, the purchase is declined" classname="feature_classpath_pl/fairydeck/authorization/acceptance/card_authorization.feature" time="0.19"/>
  <testcase name="Capturing an authorization converts the hold into a settled charge" classname="feature_classpath_pl/fairydeck/authorization/acceptance/card_authorization.feature" time="0.048"/>
  <testcase name="Reversing an authorization releases the hold and restores the balance" classname="feature_classpath_pl/fairydeck/authorization/acceptance/card_authorization.feature" time="0.043"/>
  <testcase name="Retrying a capture after it succeeded changes nothing" classname="feature_classpath_pl/fairydeck/authorization/acceptance/card_authorization.feature" time="0.051"/>
  <testcase name="The card's transactions show every decision, newest first" classname="feature_classpath_pl/fairydeck/authorization/acceptance/card_authorization.feature" time="0.053"/>
  <system-out><![CDATA[07:37:38.627 [Test worker] INFO org.springframework.test.context.support.AnnotationConfigContextLoaderUtils -- Could not detect default configuration classes for test class [pl.fairydeck.authorization.acceptance.AcceptanceContext]: AcceptanceContext does not declare any static, non-private, non-final, nested classes annotated with @Configuration.
07:37:38.724 [Test worker] INFO org.springframework.boot.test.context.SpringBootTestContextBootstrapper -- Found @SpringBootConfiguration pl.fairydeck.authorization.CardAuthorizationApplication for test class pl.fairydeck.authorization.acceptance.AcceptanceContext
07:37:38.775 [Test worker] INFO org.springframework.test.context.support.AnnotationConfigContextLoaderUtils -- Could not detect default configuration classes for test class [pl.fairydeck.authorization.acceptance.AcceptanceContext]: AcceptanceContext does not declare any static, non-private, non-final, nested classes annotated with @Configuration.
07:37:38.778 [Test worker] INFO org.springframework.boot.test.context.SpringBootTestContextBootstrapper -- Found @SpringBootConfiguration pl.fairydeck.authorization.CardAuthorizationApplication for test class pl.fairydeck.authorization.acceptance.AcceptanceContext
{"@timestamp":"2026-09-08T07:37:39.435353366Z","log":{"level":"INFO","logger":"pl.fairydeck.authorization.acceptance.AcceptanceContext"},"process":{"pid":435405,"thread":{"name":"Test worker"}},"service":{"name":"card-authorization-service","node":{}},"message":"Starting AcceptanceContext using Java 25.0.4.1 with PID 435405 (started by muszkin in /home/muszkin/work/zilch/worktrees/s1)","tags":["COMMONS-LOGGING"],"ecs":{"version":"8.11"}}
{"@timestamp":"2026-09-08T07:37:39.440888700Z","log":{"level":"INFO","logger":"pl.fairydeck.authorization.acceptance.AcceptanceContext"},"process":{"pid":435405,"thread":{"name":"Test worker"}},"service":{"name":"card-authorization-service","node":{}},"message":"No active profile set, falling back to 1 default profile: \"default\"","tags":["COMMONS-LOGGING"],"ecs":{"version":"8.11"}}
{"@timestamp":"2026-09-08T07:37:39.894513596Z","log":{"level":"INFO","logger":"org.springframework.data.repository.config.RepositoryConfigurationDelegate"},"process":{"pid":435405,"thread":{"name":"Test worker"}},"service":{"name":"card-authorization-service","node":{}},"message":"Multiple Spring Data modules found, entering strict repository configuration mode","tags":["COMMONS-LOGGING"],"ecs":{"version":"8.11"}}
{"@timestamp":"2026-09-08T07:37:39.897405135Z","log":{"level":"INFO","logger":"org.springframework.data.repository.config.RepositoryConfigurationDelegate"},"process":{"pid":435405,"thread":{"name":"Test worker"}},"service":{"name":"card-authorization-service","node":{}},"message":"Bootstrapping Spring Data Redis repositories in DEFAULT mode.","tags":["COMMONS-LOGGING"],"ecs":{"version":"8.11"}}
{"@timestamp":"2026-09-08T07:37:39.922600193Z","log":{"level":"INFO","logger":"org.springframework.data.repository.config.RepositoryConfigurationDelegate"},"process":{"pid":435405,"thread":{"name":"Test worker"}},"service":{"name":"card-authorization-service","node":{}},"message":"Finished Spring Data repository scanning in 10 ms. Found 0 Redis repository interfaces.","tags":["COMMONS-LOGGING"],"ecs":{"version":"8.11"}}
{"@timestamp":"2026-09-08T07:37:40.349766632Z","log":{"level":"INFO","logger":"org.springframework.boot.tomcat.TomcatWebServer"},"process":{"pid":435405,"thread":{"name":"Test worker"}},"service":{"name":"card-authorization-service","node":{}},"message":"Tomcat initialized with port 0 (http)","tags":["COMMONS-LOGGING"],"ecs":{"version":"8.11"}}
{"@timestamp":"2026-09-08T07:37:40.360688551Z","log":{"level":"INFO","logger":"org.apache.catalina.core.StandardService"},"process":{"pid":435405,"thread":{"name":"Test worker"}},"service":{"name":"card-authorization-service","node":{}},"message":"Starting service [Tomcat]","ecs":{"version":"8.11"}}
{"@timestamp":"2026-09-08T07:37:40.361311949Z","log":{"level":"INFO","logger":"org.apache.catalina.core.StandardEngine"},"process":{"pid":435405,"thread":{"name":"Test worker"}},"service":{"name":"card-authorization-service","node":{}},"message":"Starting Servlet engine: [Apache Tomcat/11.0.24]","ecs":{"version":"8.11"}}
{"@timestamp":"2026-09-08T07:37:40.389566982Z","log":{"level":"INFO","logger":"org.springframework.boot.web.context.servlet.WebApplicationContextInitializer"},"process":{"pid":435405,"thread":{"name":"Test worker"}},"service":{"name":"card-authorization-service","node":{}},"message":"Root WebApplicationContext: initialization completed in 936 ms","tags":["COMMONS-LOGGING"],"ecs":{"version":"8.11"}}
{"@timestamp":"2026-09-08T07:37:40.469869897Z","log":{"level":"INFO","logger":"org.testcontainers.images.PullPolicy"},"process":{"pid":435405,"thread":{"name":"Test worker"}},"service":{"name":"card-authorization-service","node":{}},"message":"Image pull policy will be performed by: DefaultPullPolicy()","ecs":{"version":"8.11"}}
{"@timestamp":"2026-09-08T07:37:40.471933464Z","log":{"level":"INFO","logger":"org.testcontainers.utility.ImageNameSubstitutor"},"process":{"pid":435405,"thread":{"name":"Test worker"}},"service":{"name":"card-authorization-service","node":{}},"message":"Image name substitution will be performed by: DefaultImageNameSubstitutor (composite of 'ConfigurationFileImageNameSubstitutor' and 'PrefixingImageNameSubstitutor')","ecs":{"version":"8.11"}}
{"@timestamp":"2026-09-08T07:37:40.495293954Z","log":{"level":"INFO","logger":"org.testcontainers.DockerClientFactory"},"process":{"pid":435405,"thread":{"name":"Test worker"}},"service":{"name":"card-authorization-service","node":{}},"message":"Testcontainers version: 2.0.5","ecs":{"version":"8.11"}}
{"@timestamp":"2026-09-08T07:37:40.602762290Z","log":{"level":"INFO","logger":"org.testcontainers.dockerclient.DockerClientProviderStrategy"},"process":{"pid":435405,"thread":{"name":"Test worker"}},"service":{"name":"card-authorization-service","node":{}},"message":"Loaded org.testcontainers.dockerclient.UnixSocketClientProviderStrategy from ~/.testcontainers.properties, will try it first","ecs":{"version":"8.11"}}
{"@timestamp":"2026-09-08T07:37:40.817893636Z","log":{"level":"INFO","logger":"org.testcontainers.dockerclient.DockerClientProviderStrategy"},"process":{"pid":435405,"thread":{"name":"Test worker"}},"service":{"name":"card-authorization-service","node":{}},"message":"Found Docker environment with local Unix socket (unix:///var/run/docker.sock)","ecs":{"version":"8.11"}}
{"@timestamp":"2026-09-08T07:37:40.823516553Z","log":{"level":"INFO","logger":"org.testcontainers.DockerClientFactory"},"process":{"pid":435405,"thread":{"name":"Test worker"}},"service":{"name":"card-authorization-service","node":{}},"message":"Docker host IP address is localhost","ecs":{"version":"8.11"}}
{"@timestamp":"2026-09-08T07:37:40.842834938Z","log":{"level":"INFO","logger":"org.testcontainers.DockerClientFactory"},"process":{"pid":435405,"thread":{"name":"Test worker"}},"service":{"name":"card-authorization-service","node":{}},"message":"Connected to docker: \n  Server Version: 29.8.0\n  API Version: 1.56\n  Operating System: Ubuntu 24.04.4 LTS\n  Total Memory: 128182 MB","ecs":{"version":"8.11"}}
{"@timestamp":"2026-09-08T07:37:40.872721849Z","log":{"level":"INFO","logger":"tc.testcontainers/ryuk:0.14.0"},"process":{"pid":435405,"thread":{"name":"Test worker"}},"service":{"name":"card-authorization-service","node":{}},"message":"Creating container for image: testcontainers/ryuk:0.14.0","ecs":{"version":"8.11"}}
{"@timestamp":"2026-09-08T07:37:40.876354657Z","log":{"level":"INFO","logger":"org.testcontainers.utility.RegistryAuthLocator"},"process":{"pid":435405,"thread":{"name":"Test worker"}},"service":{"name":"card-authorization-service","node":{}},"message":"Failure when attempting to lookup auth config. Please ignore if you don't have images in an authenticated registry. Details: (dockerImageName: testcontainers/ryuk:0.14.0, configFile: /home/muszkin/.docker/config.json, configEnv: DOCKER_AUTH_CONFIG). Falling back to docker-java default behaviour. Exception message: Status 404: No config supplied. Checked in order: /home/muszkin/.docker/config.json (file not found), DOCKER_AUTH_CONFIG (not set)","ecs":{"version":"8.11"}}
{"@timestamp":"2026-09-08T07:37:40.938733180Z","log":{"level":"INFO","logger":"tc.testcontainers/ryuk:0.14.0"},"process":{"pid":435405,"thread":{"name":"Test worker"}},"service":{"name":"card-authorization-service","node":{}},"message":"Container testcontainers/ryuk:0.14.0 is starting: cbd91d85e6aad59e3578f651df308adffec413f71c8739c872c161d3eb16640f","ecs":{"version":"8.11"}}
{"@timestamp":"2026-09-08T07:37:41.206346703Z","log":{"level":"INFO","logger":"tc.testcontainers/ryuk:0.14.0"},"process":{"pid":435405,"thread":{"name":"Test worker"}},"service":{"name":"card-authorization-service","node":{}},"message":"Container testcontainers/ryuk:0.14.0 started in PT0.333594257S","ecs":{"version":"8.11"}}
{"@timestamp":"2026-09-08T07:37:41.210052738Z","log":{"level":"INFO","logger":"org.testcontainers.utility.RyukResourceReaper"},"process":{"pid":435405,"thread":{"name":"Test worker"}},"service":{"name":"card-authorization-service","node":{}},"message":"Ryuk started - will monitor and terminate Testcontainers containers on JVM exit","ecs":{"version":"8.11"}}
{"@timestamp":"2026-09-08T07:37:41.210386003Z","log":{"level":"INFO","logger":"org.testcontainers.DockerClientFactory"},"process":{"pid":435405,"thread":{"name":"Test worker"}},"service":{"name":"card-authorization-service","node":{}},"message":"Checking the system...","ecs":{"version":"8.11"}}
{"@timestamp":"2026-09-08T07:37:41.211061890Z","log":{"level":"INFO","logger":"org.testcontainers.DockerClientFactory"},"process":{"pid":435405,"thread":{"name":"Test worker"}},"service":{"name":"card-authorization-service","node":{}},"message":"✔︎ Docker server version should be at least 1.6.0","ecs":{"version":"8.11"}}
{"@timestamp":"2026-09-08T07:37:41.211647287Z","log":{"level":"INFO","logger":"tc.redis:7-alpine"},"process":{"pid":435405,"thread":{"name":"Test worker"}},"service":{"name":"card-authorization-service","node":{}},"message":"Creating container for image: redis:7-alpine","ecs":{"version":"8.11"}}
{"@timestamp":"2026-09-08T07:37:41.225280977Z","log":{"level":"INFO","logger":"tc.redis:7-alpine"},"process":{"pid":435405,"thread":{"name":"Test worker"}},"service":{"name":"card-authorization-service","node":{}},"message":"Container redis:7-alpine is starting: 581d2b388904cae7a791be72735a8eca8599dbc5115b00c577808ca5d05d9a90","ecs":{"version":"8.11"}}
{"@timestamp":"2026-09-08T07:37:41.411883257Z","log":{"level":"INFO","logger":"tc.redis:7-alpine"},"process":{"pid":435405,"thread":{"name":"Test worker"}},"service":{"name":"card-authorization-service","node":{}},"message":"Container redis:7-alpine started in PT0.200233846S","ecs":{"version":"8.11"}}
{"@timestamp":"2026-09-08T07:37:41.412294167Z","log":{"level":"INFO","logger":"tc.postgres:17-alpine"},"process":{"pid":435405,"thread":{"name":"Test worker"}},"service":{"name":"card-authorization-service","node":{}},"message":"Creating container for image: postgres:17-alpine","ecs":{"version":"8.11"}}
{"@timestamp":"2026-09-08T07:37:41.440996077Z","log":{"level":"INFO","logger":"tc.postgres:17-alpine"},"process":{"pid":435405,"thread":{"name":"Test worker"}},"service":{"name":"card-authorization-service","node":{}},"message":"Container postgres:17-alpine is starting: a3a38cc0e9a4ac83f09f420f394b994581789649d9bb29d7792ae2290ec306e7","ecs":{"version":"8.11"}}
{"@timestamp":"2026-09-08T07:37:42.754730497Z","log":{"level":"INFO","logger":"tc.postgres:17-alpine"},"process":{"pid":435405,"thread":{"name":"Test worker"}},"service":{"name":"card-authorization-service","node":{}},"message":"Container postgres:17-alpine started in PT1.342411964S","ecs":{"version":"8.11"}}
{"@timestamp":"2026-09-08T07:37:42.755490241Z","log":{"level":"INFO","logger":"tc.postgres:17-alpine"},"process":{"pid":435405,"thread":{"name":"Test worker"}},"service":{"name":"card-authorization-service","node":{}},"message":"Container is started (JDBC URL: jdbc:postgresql://localhost:32827/test?loggerLevel=OFF)","ecs":{"version":"8.11"}}
{"@timestamp":"2026-09-08T07:37:43.245861091Z","log":{"level":"INFO","logger":"org.flywaydb.core.FlywayExecutor"},"process":{"pid":435405,"thread":{"name":"Test worker"}},"service":{"name":"card-authorization-service","node":{}},"message":"Database: jdbc:postgresql://localhost:32827/test?loggerLevel=OFF (PostgreSQL 17.11)","ecs":{"version":"8.11"}}
{"@timestamp":"2026-09-08T07:37:43.283521620Z","log":{"level":"INFO","logger":"org.flywaydb.core.internal.schemahistory.JdbcTableSchemaHistory"},"process":{"pid":435405,"thread":{"name":"Test worker"}},"service":{"name":"card-authorization-service","node":{}},"message":"Schema history table \"public\".\"flyway_schema_history\" does not exist yet","ecs":{"version":"8.11"}}
{"@timestamp":"2026-09-08T07:37:43.285816842Z","log":{"level":"INFO","logger":"org.flywaydb.core.internal.command.DbValidate"},"process":{"pid":435405,"thread":{"name":"Test worker"}},"service":{"name":"card-authorization-service","node":{}},"message":"Successfully validated 2 migrations (execution time 00:00.011s)","ecs":{"version":"8.11"}}
{"@timestamp":"2026-09-08T07:37:43.295734148Z","log":{"level":"INFO","logger":"org.flywaydb.core.internal.schemahistory.JdbcTableSchemaHistory"},"process":{"pid":435405,"thread":{"name":"Test worker"}},"service":{"name":"card-authorization-service","node":{}},"message":"Creating Schema History table \"public\".\"flyway_schema_history\" ...","ecs":{"version":"8.11"}}
{"@timestamp":"2026-09-08T07:37:43.340277055Z","log":{"level":"INFO","logger":"org.flywaydb.core.internal.command.DbMigrate"},"process":{"pid":435405,"thread":{"name":"Test worker"}},"service":{"name":"card-authorization-service","node":{}},"message":"Current version of schema \"public\": << Empty Schema >>","ecs":{"version":"8.11"}}
{"@timestamp":"2026-09-08T07:37:43.349121991Z","log":{"level":"INFO","logger":"org.flywaydb.core.internal.command.DbMigrate"},"process":{"pid":435405,"thread":{"name":"Test worker"}},"service":{"name":"card-authorization-service","node":{}},"message":"Migrating schema \"public\" to version \"1 - cards authorizations ledger\"","ecs":{"version":"8.11"}}
{"@timestamp":"2026-09-08T07:37:43.379307712Z","log":{"level":"INFO","logger":"org.flywaydb.core.internal.command.DbMigrate"},"process":{"pid":435405,"thread":{"name":"Test worker"}},"service":{"name":"card-authorization-service","node":{}},"message":"Migrating schema \"public\" to version \"2 - outbox events\"","ecs":{"version":"8.11"}}
{"@timestamp":"2026-09-08T07:37:43.390319299Z","log":{"level":"INFO","logger":"org.flywaydb.core.internal.command.DbMigrate"},"process":{"pid":435405,"thread":{"name":"Test worker"}},"service":{"name":"card-authorization-service","node":{}},"message":"Successfully applied 2 migrations to schema \"public\", now at version v2 (execution time 00:00.025s)","ecs":{"version":"8.11"}}
{"@timestamp":"2026-09-08T07:37:43.912317011Z","log":{"level":"INFO","logger":"org.springframework.boot.tomcat.TomcatWebServer"},"process":{"pid":435405,"thread":{"name":"Test worker"}},"service":{"name":"card-authorization-service","node":{}},"message":"Tomcat started on port 38203 (http) with context path '/'","tags":["COMMONS-LOGGING"],"ecs":{"version":"8.11"}}
{"@timestamp":"2026-09-08T07:37:43.919550827Z","log":{"level":"INFO","logger":"pl.fairydeck.authorization.acceptance.AcceptanceContext"},"process":{"pid":435405,"thread":{"name":"Test worker"}},"service":{"name":"card-authorization-service","node":{}},"message":"Started AcceptanceContext in 5.116 seconds (process running for 6.129)","tags":["COMMONS-LOGGING"],"ecs":{"version":"8.11"}}
{"@timestamp":"2026-09-08T07:37:43.923849444Z","log":{"level":"INFO","logger":"com.zaxxer.hikari.HikariDataSource"},"process":{"pid":435405,"thread":{"name":"scheduling-1"}},"service":{"name":"card-authorization-service","node":{}},"message":"HikariPool-1 - Starting...","ecs":{"version":"8.11"}}
{"@timestamp":"2026-09-08T07:37:43.940507232Z","log":{"level":"INFO","logger":"com.zaxxer.hikari.pool.HikariPool"},"process":{"pid":435405,"thread":{"name":"scheduling-1"}},"service":{"name":"card-authorization-service","node":{}},"message":"HikariPool-1 - Added connection org.postgresql.jdbc.PgConnection@2062b6db","ecs":{"version":"8.11"}}
{"@timestamp":"2026-09-08T07:37:43.941583859Z","log":{"level":"INFO","logger":"com.zaxxer.hikari.HikariDataSource"},"process":{"pid":435405,"thread":{"name":"scheduling-1"}},"service":{"name":"card-authorization-service","node":{}},"message":"HikariPool-1 - Start completed.","ecs":{"version":"8.11"}}

?[1mScenario:?[22m A purchase within the available balance is approved ?[90m# classpath:pl/fairydeck/authorization/acceptance/card_authorization.feature:9?[39m
  ?[32m✔?[39m ?[32m?[1mGiven ?[22mthe risk engine scores every purchase as low risk?[39m   ?[90m# pl.fairydeck.authorization.acceptance.CardAuthorizationSteps.theRiskEngineScoresEveryPurchaseAsLowRisk()?[39m
{"@timestamp":"2026-09-08T07:37:44.458161554Z","log":{"level":"INFO","logger":"org.apache.catalina.core.ContainerBase.[Tomcat].[localhost].[/]"},"process":{"pid":435405,"thread":{"name":"http-nio-auto-1-exec-1"}},"service":{"name":"card-authorization-service","node":{}},"message":"Initializing Spring DispatcherServlet 'dispatcherServlet'","ecs":{"version":"8.11"}}
{"@timestamp":"2026-09-08T07:37:44.458502032Z","log":{"level":"INFO","logger":"org.springframework.web.servlet.DispatcherServlet"},"process":{"pid":435405,"thread":{"name":"http-nio-auto-1-exec-1"}},"service":{"name":"card-authorization-service","node":{}},"message":"Initializing Servlet 'dispatcherServlet'","tags":["COMMONS-LOGGING"],"ecs":{"version":"8.11"}}
{"@timestamp":"2026-09-08T07:37:44.459437434Z","log":{"level":"INFO","logger":"org.springframework.web.servlet.DispatcherServlet"},"process":{"pid":435405,"thread":{"name":"http-nio-auto-1-exec-1"}},"service":{"name":"card-authorization-service","node":{}},"message":"Completed initialization in 1 ms","tags":["COMMONS-LOGGING"],"ecs":{"version":"8.11"}}
{"@timestamp":"2026-09-08T07:37:44.534254288Z","log":{"level":"INFO","logger":"pl.fairydeck.authorization.technical.logbook.RequestLoggingFilter"},"process":{"pid":435405,"thread":{"name":"http-nio-auto-1-exec-1"}},"service":{"name":"card-authorization-service","node":{}},"message":"POST /v1/cards responded 201 in 72 ms","correlationId":"9ceeb39c-718c-42e4-86dc-fe895d4d32a7","ecs":{"version":"8.11"}}
  ?[32m✔?[39m ?[32m?[1mGiven ?[22ma card with a credit limit of ?[1m100.00?[22m ?[1mGBP?[22m?[39m            ?[90m# pl.fairydeck.authorization.acceptance.CardAuthorizationSteps.aCardWithACreditLimitOf(java.math.BigDecimal,java.lang.String)?[39m
{"@timestamp":"2026-09-08T07:37:44.913173367Z","log":{"level":"INFO","logger":"pl.fairydeck.authorization.technical.logbook.RequestLoggingFilter"},"process":{"pid":435405,"thread":{"name":"http-nio-auto-1-exec-2"}},"service":{"name":"card-authorization-service","node":{}},"message":"POST /v1/authorizations responded 201 in 365 ms","correlationId":"5940851f-4d2b-496b-a3a4-a82ac9469afd","ecs":{"version":"8.11"}}
  ?[32m✔?[39m ?[32m?[1mWhen ?[22ma purchase of ?[1m30.00?[22m ?[1mGBP?[22m is made at ?[1m"Coffee Corner"?[22m?[39m   ?[90m# pl.fairydeck.authorization.acceptance.CardAuthorizationSteps.aPurchaseIsMadeAt(java.math.BigDecimal,java.lang.String,java.lang.String)?[39m
  ?[32m✔?[39m ?[32m?[1mThen ?[22mthe purchase is approved?[39m                             ?[90m# pl.fairydeck.authorization.acceptance.CardAuthorizationSteps.thePurchaseIsApproved()?[39m
{"@timestamp":"2026-09-08T07:37:44.954628047Z","log":{"level":"INFO","logger":"pl.fairydeck.authorization.technical.logbook.RequestLoggingFilter"},"process":{"pid":435405,"thread":{"name":"http-nio-auto-1-exec-3"}},"service":{"name":"card-authorization-service","node":{}},"message":"GET /v1/cards/8bc576a8-41de-41f4-a77c-bdc3f0448f93/balance responded 200 in 10 ms","correlationId":"e4f1ed9b-9344-42d4-a111-8e74e1050642","ecs":{"version":"8.11"}}
{"@timestamp":"2026-09-08T07:37:44.961771164Z","log":{"level":"INFO","logger":"pl.fairydeck.authorization.technical.logbook.RequestLoggingFilter"},"process":{"pid":435405,"thread":{"name":"http-nio-auto-1-exec-4"}},"service":{"name":"card-authorization-service","node":{}},"message":"GET /v1/cards/8bc576a8-41de-41f4-a77c-bdc3f0448f93/balance responded 200 in 2 ms","correlationId":"e70f4455-96cc-4280-bb05-1d3ee8b55749","ecs":{"version":"8.11"}}
  ?[32m✔?[39m ?[32m?[1mAnd ?[22mthe available balance is ?[1m70.00?[22m ?[1mGBP?[22m?[39m                    ?[90m# pl.fairydeck.authorization.acceptance.CardAuthorizationSteps.theAvailableBalanceIs(java.math.BigDecimal,java.lang.String)?[39m
{"@timestamp":"2026-09-08T07:37:44.965984290Z","log":{"level":"INFO","logger":"pl.fairydeck.authorization.adapter.out.events.LoggingEventPublisher"},"process":{"pid":435405,"thread":{"name":"scheduling-1"}},"service":{"name":"card-authorization-service","node":{}},"message":"Published event e8a99e5e-2a23-424e-9f83-98de55a2d192 of type authorization.approved: {\"amount\": 30.00, \"cardId\": \"8bc576a8-41de-41f4-a77c-bdc3f0448f93\", \"status\": \"APPROVED\", \"eventId\": \"e8a99e5e-2a23-424e-9f83-98de55a2d192\", \"currency\": \"GBP\", \"occurredAt\": \"2026-09-08T07:37:44.896Z\", \"authorizationId\": \"3862cf54-f922-4f7c-8978-78fb986dc627\"}","ecs":{"version":"8.11"}}
{"@timestamp":"2026-09-08T07:37:44.971325339Z","log":{"level":"INFO","logger":"org.springframework.test.context.support.AnnotationConfigContextLoaderUtils"},"process":{"pid":435405,"thread":{"name":"Test worker"}},"service":{"name":"card-authorization-service","node":{}},"message":"Could not detect default configuration classes for test class [pl.fairydeck.authorization.acceptance.AcceptanceContext]: AcceptanceContext does not declare any static, non-private, non-final, nested classes annotated with @Configuration.","tags":["COMMONS-LOGGING"],"ecs":{"version":"8.11"}}
{"@timestamp":"2026-09-08T07:37:44.974101542Z","log":{"level":"INFO","logger":"org.springframework.boot.test.context.SpringBootTestContextBootstrapper"},"process":{"pid":435405,"thread":{"name":"Test worker"}},"service":{"name":"card-authorization-service","node":{}},"message":"Found @SpringBootConfiguration pl.fairydeck.authorization.CardAuthorizationApplication for test class pl.fairydeck.authorization.acceptance.AcceptanceContext","tags":["COMMONS-LOGGING"],"ecs":{"version":"8.11"}}
{"@timestamp":"2026-09-08T07:37:44.974921288Z","log":{"level":"INFO","logger":"org.springframework.test.context.support.AnnotationConfigContextLoaderUtils"},"process":{"pid":435405,"thread":{"name":"Test worker"}},"service":{"name":"card-authorization-service","node":{}},"message":"Could not detect default configuration classes for test class [pl.fairydeck.authorization.acceptance.AcceptanceContext]: AcceptanceContext does not declare any static, non-private, non-final, nested classes annotated with @Configuration.","tags":["COMMONS-LOGGING"],"ecs":{"version":"8.11"}}
{"@timestamp":"2026-09-08T07:37:44.976844172Z","log":{"level":"INFO","logger":"org.springframework.boot.test.context.SpringBootTestContextBootstrapper"},"process":{"pid":435405,"thread":{"name":"Test worker"}},"service":{"name":"card-authorization-service","node":{}},"message":"Found @SpringBootConfiguration pl.fairydeck.authorization.CardAuthorizationApplication for test class pl.fairydeck.authorization.acceptance.AcceptanceContext","tags":["COMMONS-LOGGING"],"ecs":{"version":"8.11"}}

?[1mScenario:?[22m A purchase exceeding the available balance is declined  ?[90m# classpath:pl/fairydeck/authorization/acceptance/card_authorization.feature:15?[39m
  ?[32m✔?[39m ?[32m?[1mGiven ?[22mthe risk engine scores every purchase as low risk?[39m       ?[90m# pl.fairydeck.authorization.acceptance.CardAuthorizationSteps.theRiskEngineScoresEveryPurchaseAsLowRisk()?[39m
{"@timestamp":"2026-09-08T07:37:44.985817910Z","log":{"level":"INFO","logger":"pl.fairydeck.authorization.technical.logbook.RequestLoggingFilter"},"process":{"pid":435405,"thread":{"name":"http-nio-auto-1-exec-5"}},"service":{"name":"card-authorization-service","node":{}},"message":"POST /v1/cards responded 201 in 1 ms","correlationId":"f3afc559-8f1a-4b0c-89a0-ac33c7633e7f","ecs":{"version":"8.11"}}
  ?[32m✔?[39m ?[32m?[1mGiven ?[22ma card with a credit limit of ?[1m100.00?[22m ?[1mGBP?[22m?[39m                ?[90m# pl.fairydeck.authorization.acceptance.CardAuthorizationSteps.aCardWithACreditLimitOf(java.math.BigDecimal,java.lang.String)?[39m
{"@timestamp":"2026-09-08T07:37:44.999482569Z","log":{"level":"INFO","logger":"pl.fairydeck.authorization.technical.logbook.RequestLoggingFilter"},"process":{"pid":435405,"thread":{"name":"http-nio-auto-1-exec-6"}},"service":{"name":"card-authorization-service","node":{}},"message":"POST /v1/authorizations responded 201 in 10 ms","correlationId":"34046291-61a3-4dc6-8cbf-42640420f6c9","ecs":{"version":"8.11"}}
  ?[32m✔?[39m ?[32m?[1mWhen ?[22ma purchase of ?[1m100.01?[22m ?[1mGBP?[22m is made at ?[1m"Coffee Corner"?[22m?[39m      ?[90m# pl.fairydeck.authorization.acceptance.CardAuthorizationSteps.aPurchaseIsMadeAt(java.math.BigDecimal,java.lang.String,java.lang.String)?[39m
  ?[32m✔?[39m ?[32m?[1mThen ?[22mthe purchase is declined because of ?[1m"INSUFFICIENT_FUNDS"?[22m?[39m ?[90m# pl.fairydeck.authorization.acceptance.CardAuthorizationSteps.thePurchaseIsDeclinedBecauseOf(java.lang.String)?[39m
{"@timestamp":"2026-09-08T07:37:45.004708072Z","log":{"level":"INFO","logger":"pl.fairydeck.authorization.technical.logbook.RequestLoggingFilter"},"process":{"pid":435405,"thread":{"name":"http-nio-auto-1-exec-7"}},"service":{"name":"card-authorization-service","node":{}},"message":"GET /v1/cards/626b125a-589a-4dbf-90c3-1880b01bc59a/balance responded 200 in 2 ms","correlationId":"e7bc4398-3dcc-4ee7-babf-cb9e32384c59","ecs":{"version":"8.11"}}
{"@timestamp":"2026-09-08T07:37:45.009570124Z","log":{"level":"INFO","logger":"pl.fairydeck.authorization.technical.logbook.RequestLoggingFilter"},"process":{"pid":435405,"thread":{"name":"http-nio-auto-1-exec-8"}},"service":{"name":"card-authorization-service","node":{}},"message":"GET /v1/cards/626b125a-589a-4dbf-90c3-1880b01bc59a/balance responded 200 in 1 ms","correlationId":"74586bc5-1cb6-4404-8ea6-6af2f84219c4","ecs":{"version":"8.11"}}
  ?[32m✔?[39m ?[32m?[1mAnd ?[22mthe available balance is ?[1m100.00?[22m ?[1mGBP?[22m?[39m                       ?[90m# pl.fairydeck.authorization.acceptance.CardAuthorizationSteps.theAvailableBalanceIs(java.math.BigDecimal,java.lang.String)?[39m
{"@timestamp":"2026-09-08T07:37:45.012897980Z","log":{"level":"INFO","logger":"org.springframework.test.context.support.AnnotationConfigContextLoaderUtils"},"process":{"pid":435405,"thread":{"name":"Test worker"}},"service":{"name":"card-authorization-service","node":{}},"message":"Could not detect default configuration classes for test class [pl.fairydeck.authorization.acceptance.AcceptanceContext]: AcceptanceContext does not declare any static, non-private, non-final, nested classes annotated with @Configuration.","tags":["COMMONS-LOGGING"],"ecs":{"version":"8.11"}}
{"@timestamp":"2026-09-08T07:37:45.015358712Z","log":{"level":"INFO","logger":"org.springframework.boot.test.context.SpringBootTestContextBootstrapper"},"process":{"pid":435405,"thread":{"name":"Test worker"}},"service":{"name":"card-authorization-service","node":{}},"message":"Found @SpringBootConfiguration pl.fairydeck.authorization.CardAuthorizationApplication for test class pl.fairydeck.authorization.acceptance.AcceptanceContext","tags":["COMMONS-LOGGING"],"ecs":{"version":"8.11"}}
{"@timestamp":"2026-09-08T07:37:45.016025421Z","log":{"level":"INFO","logger":"org.springframework.test.context.support.AnnotationConfigContextLoaderUtils"},"process":{"pid":435405,"thread":{"name":"Test worker"}},"service":{"name":"card-authorization-service","node":{}},"message":"Could not detect default configuration classes for test class [pl.fairydeck.authorization.acceptance.AcceptanceContext]: AcceptanceContext does not declare any static, non-private, non-final, nested classes annotated with @Configuration.","tags":["COMMONS-LOGGING"],"ecs":{"version":"8.11"}}
{"@timestamp":"2026-09-08T07:37:45.018140886Z","log":{"level":"INFO","logger":"org.springframework.boot.test.context.SpringBootTestContextBootstrapper"},"process":{"pid":435405,"thread":{"name":"Test worker"}},"service":{"name":"card-authorization-service","node":{}},"message":"Found @SpringBootConfiguration pl.fairydeck.authorization.CardAuthorizationApplication for test class pl.fairydeck.authorization.acceptance.AcceptanceContext","tags":["COMMONS-LOGGING"],"ecs":{"version":"8.11"}}

?[1mScenario:?[22m A purchase on a blocked card is declined             ?[90m# classpath:pl/fairydeck/authorization/acceptance/card_authorization.feature:21?[39m
  ?[32m✔?[39m ?[32m?[1mGiven ?[22mthe risk engine scores every purchase as low risk?[39m    ?[90m# pl.fairydeck.authorization.acceptance.CardAuthorizationSteps.theRiskEngineScoresEveryPurchaseAsLowRisk()?[39m
  ?[32m✔?[39m ?[32m?[1mGiven ?[22ma blocked card with a credit limit of ?[1m100.00?[22m ?[1mGBP?[22m?[39m     ?[90m# pl.fairydeck.authorization.acceptance.CardAuthorizationSteps.aBlockedCardWithACreditLimitOf(java.math.BigDecimal,java.lang.String)?[39m
{"@timestamp":"2026-09-08T07:37:45.036625428Z","log":{"level":"INFO","logger":"pl.fairydeck.authorization.technical.logbook.RequestLoggingFilter"},"process":{"pid":435405,"thread":{"name":"http-nio-auto-1-exec-9"}},"service":{"name":"card-authorization-service","node":{}},"message":"POST /v1/authorizations responded 201 in 10 ms","correlationId":"5c710322-dab0-410b-a13d-1b14111d14be","ecs":{"version":"8.11"}}
  ?[32m✔?[39m ?[32m?[1mWhen ?[22ma purchase of ?[1m1.00?[22m ?[1mGBP?[22m is made at ?[1m"Coffee Corner"?[22m?[39m     ?[90m# pl.fairydeck.authorization.acceptance.CardAuthorizationSteps.aPurchaseIsMadeAt(java.math.BigDecimal,java.lang.String,java.lang.String)?[39m
  ?[32m✔?[39m ?[32m?[1mThen ?[22mthe purchase is declined because of ?[1m"CARD_NOT_ACTIVE"?[22m?[39m ?[90m# pl.fairydeck.authorization.acceptance.CardAuthorizationSteps.thePurchaseIsDeclinedBecauseOf(java.lang.String)?[39m
{"@timestamp":"2026-09-08T07:37:45.040648046Z","log":{"level":"INFO","logger":"org.springframework.test.context.support.AnnotationConfigContextLoaderUtils"},"process":{"pid":435405,"thread":{"name":"Test worker"}},"service":{"name":"card-authorization-service","node":{}},"message":"Could not detect default configuration classes for test class [pl.fairydeck.authorization.acceptance.AcceptanceContext]: AcceptanceContext does not declare any static, non-private, non-final, nested classes annotated with @Configuration.","tags":["COMMONS-LOGGING"],"ecs":{"version":"8.11"}}
{"@timestamp":"2026-09-08T07:37:45.042952425Z","log":{"level":"INFO","logger":"org.springframework.boot.test.context.SpringBootTestContextBootstrapper"},"process":{"pid":435405,"thread":{"name":"Test worker"}},"service":{"name":"card-authorization-service","node":{}},"message":"Found @SpringBootConfiguration pl.fairydeck.authorization.CardAuthorizationApplication for test class pl.fairydeck.authorization.acceptance.AcceptanceContext","tags":["COMMONS-LOGGING"],"ecs":{"version":"8.11"}}
{"@timestamp":"2026-09-08T07:37:45.043548372Z","log":{"level":"INFO","logger":"org.springframework.test.context.support.AnnotationConfigContextLoaderUtils"},"process":{"pid":435405,"thread":{"name":"Test worker"}},"service":{"name":"card-authorization-service","node":{}},"message":"Could not detect default configuration classes for test class [pl.fairydeck.authorization.acceptance.AcceptanceContext]: AcceptanceContext does not declare any static, non-private, non-final, nested classes annotated with @Configuration.","tags":["COMMONS-LOGGING"],"ecs":{"version":"8.11"}}
{"@timestamp":"2026-09-08T07:37:45.045480914Z","log":{"level":"INFO","logger":"org.springframework.boot.test.context.SpringBootTestContextBootstrapper"},"process":{"pid":435405,"thread":{"name":"Test worker"}},"service":{"name":"card-authorization-service","node":{}},"message":"Found @SpringBootConfiguration pl.fairydeck.authorization.CardAuthorizationApplication for test class pl.fairydeck.authorization.acceptance.AcceptanceContext","tags":["COMMONS-LOGGING"],"ecs":{"version":"8.11"}}

?[1mScenario:?[22m A retried purchase with the same idempotency key is not authorized twice ?[90m# classpath:pl/fairydeck/authorization/acceptance/card_authorization.feature:26?[39m
  ?[32m✔?[39m ?[32m?[1mGiven ?[22mthe risk engine scores every purchase as low risk?[39m                        ?[90m# pl.fairydeck.authorization.acceptance.CardAuthorizationSteps.theRiskEngineScoresEveryPurchaseAsLowRisk()?[39m
{"@timestamp":"2026-09-08T07:37:45.054185457Z","log":{"level":"INFO","logger":"pl.fairydeck.authorization.technical.logbook.RequestLoggingFilter"},"process":{"pid":435405,"thread":{"name":"http-nio-auto-1-exec-10"}},"service":{"name":"card-authorization-service","node":{}},"message":"POST /v1/cards responded 201 in 2 ms","correlationId":"010f0bc9-2ee8-4719-a9fb-9f3e265a50eb","ecs":{"version":"8.11"}}
  ?[32m✔?[39m ?[32m?[1mGiven ?[22ma card with a credit limit of ?[1m100.00?[22m ?[1mGBP?[22m?[39m                                 ?[90m# pl.fairydeck.authorization.acceptance.CardAuthorizationSteps.aCardWithACreditLimitOf(java.math.BigDecimal,java.lang.String)?[39m
{"@timestamp":"2026-09-08T07:37:45.066056154Z","log":{"level":"INFO","logger":"pl.fairydeck.authorization.technical.logbook.RequestLoggingFilter"},"process":{"pid":435405,"thread":{"name":"http-nio-auto-1-exec-1"}},"service":{"name":"card-authorization-service","node":{}},"message":"POST /v1/authorizations responded 201 in 9 ms","correlationId":"b70816c9-76d1-4fd3-b8fe-934633174719","ecs":{"version":"8.11"}}
  ?[32m✔?[39m ?[32m?[1mWhen ?[22ma purchase of ?[1m30.00?[22m ?[1mGBP?[22m is made with idempotency key ?[1m"retry-once"?[22m?[39m         ?[90m# pl.fairydeck.authorization.acceptance.CardAuthorizationSteps.aPurchaseIsMadeWithIdempotencyKey(java.math.BigDecimal,java.lang.String,java.lang.String)?[39m
{"@timestamp":"2026-09-08T07:37:45.071423222Z","log":{"level":"INFO","logger":"pl.fairydeck.authorization.technical.logbook.RequestLoggingFilter"},"process":{"pid":435405,"thread":{"name":"http-nio-auto-1-exec-2"}},"service":{"name":"card-authorization-service","node":{}},"message":"POST /v1/authorizations responded 201 in 2 ms","correlationId":"9e98ec06-5ece-482d-9810-63d6459613b9","ecs":{"version":"8.11"}}
  ?[32m✔?[39m ?[32m?[1mAnd ?[22mthe same purchase is retried with idempotency key ?[1m"retry-once"?[22m?[39m             ?[90m# pl.fairydeck.authorization.acceptance.CardAuthorizationSteps.theSamePurchaseIsRetriedWithIdempotencyKey(java.lang.String)?[39m
  ?[32m✔?[39m ?[32m?[1mThen ?[22mboth answers refer to the same authorization?[39m                              ?[90m# pl.fairydeck.authorization.acceptance.CardAuthorizationSteps.bothAnswersReferToTheSameAuthorization()?[39m
{"@timestamp":"2026-09-08T07:37:45.080381471Z","log":{"level":"INFO","logger":"pl.fairydeck.authorization.technical.logbook.RequestLoggingFilter"},"process":{"pid":435405,"thread":{"name":"http-nio-auto-1-exec-3"}},"service":{"name":"card-authorization-service","node":{}},"message":"GET /v1/cards/551306d9-e07f-47a8-b175-7f06e8d44fe5/balance responded 200 in 2 ms","correlationId":"f2c666a9-264d-4b6a-85dd-e02b13cd7893","ecs":{"version":"8.11"}}
{"@timestamp":"2026-09-08T07:37:45.084432402Z","log":{"level":"INFO","logger":"pl.fairydeck.authorization.technical.logbook.RequestLoggingFilter"},"process":{"pid":435405,"thread":{"name":"http-nio-auto-1-exec-4"}},"service":{"name":"card-authorization-service","node":{}},"message":"GET /v1/cards/551306d9-e07f-47a8-b175-7f06e8d44fe5/balance responded 200 in 1 ms","correlationId":"4043ded3-8b6a-4dd5-bafb-f867833ba78e","ecs":{"version":"8.11"}}
  ?[32m✔?[39m ?[32m?[1mAnd ?[22mthe available balance is ?[1m70.00?[22m ?[1mGBP?[22m?[39m                                         ?[90m# pl.fairydeck.authorization.acceptance.CardAuthorizationSteps.theAvailableBalanceIs(java.math.BigDecimal,java.lang.String)?[39m
{"@timestamp":"2026-09-08T07:37:45.087169592Z","log":{"level":"INFO","logger":"org.springframework.test.context.support.AnnotationConfigContextLoaderUtils"},"process":{"pid":435405,"thread":{"name":"Test worker"}},"service":{"name":"card-authorization-service","node":{}},"message":"Could not detect default configuration classes for test class [pl.fairydeck.authorization.acceptance.AcceptanceContext]: AcceptanceContext does not declare any static, non-private, non-final, nested classes annotated with @Configuration.","tags":["COMMONS-LOGGING"],"ecs":{"version":"8.11"}}
{"@timestamp":"2026-09-08T07:37:45.089409079Z","log":{"level":"INFO","logger":"org.springframework.boot.test.context.SpringBootTestContextBootstrapper"},"process":{"pid":435405,"thread":{"name":"Test worker"}},"service":{"name":"card-authorization-service","node":{}},"message":"Found @SpringBootConfiguration pl.fairydeck.authorization.CardAuthorizationApplication for test class pl.fairydeck.authorization.acceptance.AcceptanceContext","tags":["COMMONS-LOGGING"],"ecs":{"version":"8.11"}}
{"@timestamp":"2026-09-08T07:37:45.089947468Z","log":{"level":"INFO","logger":"org.springframework.test.context.support.AnnotationConfigContextLoaderUtils"},"process":{"pid":435405,"thread":{"name":"Test worker"}},"service":{"name":"card-authorization-service","node":{}},"message":"Could not detect default configuration classes for test class [pl.fairydeck.authorization.acceptance.AcceptanceContext]: AcceptanceContext does not declare any static, non-private, non-final, nested classes annotated with @Configuration.","tags":["COMMONS-LOGGING"],"ecs":{"version":"8.11"}}
{"@timestamp":"2026-09-08T07:37:45.091743063Z","log":{"level":"INFO","logger":"org.springframework.boot.test.context.SpringBootTestContextBootstrapper"},"process":{"pid":435405,"thread":{"name":"Test worker"}},"service":{"name":"card-authorization-service","node":{}},"message":"Found @SpringBootConfiguration pl.fairydeck.authorization.CardAuthorizationApplication for test class pl.fairydeck.authorization.acceptance.AcceptanceContext","tags":["COMMONS-LOGGING"],"ecs":{"version":"8.11"}}

?[1mScenario:?[22m Concurrent purchases cannot overdraw the available balance ?[90m# classpath:pl/fairydeck/authorization/acceptance/card_authorization.feature:33?[39m
  ?[32m✔?[39m ?[32m?[1mGiven ?[22mthe risk engine scores every purchase as low risk?[39m          ?[90m# pl.fairydeck.authorization.acceptance.CardAuthorizationSteps.theRiskEngineScoresEveryPurchaseAsLowRisk()?[39m
{"@timestamp":"2026-09-08T07:37:45.099031492Z","log":{"level":"INFO","logger":"pl.fairydeck.authorization.technical.logbook.RequestLoggingFilter"},"process":{"pid":435405,"thread":{"name":"http-nio-auto-1-exec-5"}},"service":{"name":"card-authorization-service","node":{}},"message":"POST /v1/cards responded 201 in 1 ms","correlationId":"39cdee48-779f-4464-ac8a-98d88efbac08","ecs":{"version":"8.11"}}
  ?[32m✔?[39m ?[32m?[1mGiven ?[22ma card with a credit limit of ?[1m100.00?[22m ?[1mGBP?[22m?[39m                   ?[90m# pl.fairydeck.authorization.acceptance.CardAuthorizationSteps.aCardWithACreditLimitOf(java.math.BigDecimal,java.lang.String)?[39m
{"@timestamp":"2026-09-08T07:37:45.119717911Z","log":{"level":"INFO","logger":"pl.fairydeck.authorization.technical.logbook.RequestLoggingFilter"},"process":{"pid":435405,"thread":{"name":"http-nio-auto-1-exec-7"}},"service":{"name":"card-authorization-service","node":{}},"message":"POST /v1/authorizations responded 201 in 11 ms","correlationId":"ce5f1635-8c64-4bc5-a268-23e7cefe858b","ecs":{"version":"8.11"}}
{"@timestamp":"2026-09-08T07:37:45.130362329Z","log":{"level":"INFO","logger":"pl.fairydeck.authorization.technical.logbook.RequestLoggingFilter"},"process":{"pid":435405,"thread":{"name":"http-nio-auto-1-exec-8"}},"service":{"name":"card-authorization-service","node":{}},"message":"POST /v1/authorizations responded 201 in 22 ms","correlationId":"1076e98e-6aff-46c5-93d6-f8fac4461ef0","ecs":{"version":"8.11"}}
{"@timestamp":"2026-09-08T07:37:45.140490761Z","log":{"level":"INFO","logger":"pl.fairydeck.authorization.technical.logbook.RequestLoggingFilter"},"process":{"pid":435405,"thread":{"name":"http-nio-auto-1-exec-9"}},"service":{"name":"card-authorization-service","node":{}},"message":"POST /v1/authorizations responded 201 in 32 ms","correlationId":"0f665372-02f8-491c-b361-38f408c3ed81","ecs":{"version":"8.11"}}
{"@timestamp":"2026-09-08T07:37:45.151204199Z","log":{"level":"INFO","logger":"pl.fairydeck.authorization.technical.logbook.RequestLoggingFilter"},"process":{"pid":435405,"thread":{"name":"http-nio-auto-1-exec-6"}},"service":{"name":"card-authorization-service","node":{}},"message":"POST /v1/authorizations responded 201 in 43 ms","correlationId":"ebc64849-a62e-4e1d-ad14-f4dd450676ce","ecs":{"version":"8.11"}}
{"@timestamp":"2026-09-08T07:37:45.162724138Z","log":{"level":"INFO","logger":"pl.fairydeck.authorization.technical.logbook.RequestLoggingFilter"},"process":{"pid":435405,"thread":{"name":"http-nio-auto-1-exec-10"}},"service":{"name":"card-authorization-service","node":{}},"message":"POST /v1/authorizations responded 201 in 54 ms","correlationId":"a3b44ab6-d761-4523-a1a6-42300b08232a","ecs":{"version":"8.11"}}
{"@timestamp":"2026-09-08T07:37:45.164619500Z","log":{"level":"INFO","logger":"pl.fairydeck.authorization.technical.logbook.RequestLoggingFilter"},"process":{"pid":435405,"thread":{"name":"http-nio-auto-1-exec-1"}},"service":{"name":"card-authorization-service","node":{}},"message":"POST /v1/authorizations responded 201 in 41 ms","correlationId":"17b003ba-fbd8-4938-b652-9fa35148644b","ecs":{"version":"8.11"}}
{"@timestamp":"2026-09-08T07:37:45.167368302Z","log":{"level":"INFO","logger":"pl.fairydeck.authorization.technical.logbook.RequestLoggingFilter"},"process":{"pid":435405,"thread":{"name":"http-nio-auto-1-exec-2"}},"service":{"name":"card-authorization-service","node":{}},"message":"POST /v1/authorizations responded 201 in 35 ms","correlationId":"0d3153e3-e107-4c85-a85d-81541d784a3a","ecs":{"version":"8.11"}}
{"@timestamp":"2026-09-08T07:37:45.173324013Z","log":{"level":"INFO","logger":"pl.fairydeck.authorization.technical.logbook.RequestLoggingFilter"},"process":{"pid":435405,"thread":{"name":"http-nio-auto-1-exec-3"}},"service":{"name":"card-authorization-service","node":{}},"message":"POST /v1/authorizations responded 201 in 31 ms","correlationId":"e385febd-8c47-463c-8d6f-a828ba43a6bb","ecs":{"version":"8.11"}}
{"@timestamp":"2026-09-08T07:37:45.176428722Z","log":{"level":"INFO","logger":"pl.fairydeck.authorization.technical.logbook.RequestLoggingFilter"},"process":{"pid":435405,"thread":{"name":"http-nio-auto-1-exec-4"}},"service":{"name":"card-authorization-service","node":{}},"message":"POST /v1/authorizations responded 201 in 23 ms","correlationId":"173ee231-db96-4248-95a2-2ba60d3901ae","ecs":{"version":"8.11"}}
{"@timestamp":"2026-09-08T07:37:45.179208391Z","log":{"level":"INFO","logger":"pl.fairydeck.authorization.technical.logbook.RequestLoggingFilter"},"process":{"pid":435405,"thread":{"name":"http-nio-auto-1-exec-5"}},"service":{"name":"card-authorization-service","node":{}},"message":"POST /v1/authorizations responded 201 in 15 ms","correlationId":"ac59af9a-e29a-49e5-b075-1ba066e4bd67","ecs":{"version":"8.11"}}
{"@timestamp":"2026-09-08T07:37:45.181547555Z","log":{"level":"INFO","logger":"pl.fairydeck.authorization.technical.logbook.RequestLoggingFilter"},"process":{"pid":435405,"thread":{"name":"http-nio-auto-1-exec-7"}},"service":{"name":"card-authorization-service","node":{}},"message":"POST /v1/authorizations responded 201 in 15 ms","correlationId":"19a04687-147a-4b92-8b5b-c3e1f1fee86b","ecs":{"version":"8.11"}}
{"@timestamp":"2026-09-08T07:37:45.184250511Z","log":{"level":"INFO","logger":"pl.fairydeck.authorization.technical.logbook.RequestLoggingFilter"},"process":{"pid":435405,"thread":{"name":"http-nio-auto-1-exec-8"}},"service":{"name":"card-authorization-service","node":{}},"message":"POST /v1/authorizations responded 201 in 13 ms","correlationId":"c70d5195-79f1-47cf-9a4d-e984f4f9319b","ecs":{"version":"8.11"}}
{"@timestamp":"2026-09-08T07:37:45.187259229Z","log":{"level":"INFO","logger":"pl.fairydeck.authorization.technical.logbook.RequestLoggingFilter"},"process":{"pid":435405,"thread":{"name":"http-nio-auto-1-exec-1"}},"service":{"name":"card-authorization-service","node":{}},"message":"POST /v1/authorizations responded 201 in 12 ms","correlationId":"acd447e7-98dc-41c9-a068-fd53bc9c0838","ecs":{"version":"8.11"}}
{"@timestamp":"2026-09-08T07:37:45.189944011Z","log":{"level":"INFO","logger":"pl.fairydeck.authorization.technical.logbook.RequestLoggingFilter"},"process":{"pid":435405,"thread":{"name":"http-nio-auto-1-exec-2"}},"service":{"name":"card-authorization-service","node":{}},"message":"POST /v1/authorizations responded 201 in 12 ms","correlationId":"70d506ce-efd8-4497-82a8-f139aa0c594d","ecs":{"version":"8.11"}}
{"@timestamp":"2026-09-08T07:37:45.191926987Z","log":{"level":"INFO","logger":"pl.fairydeck.authorization.technical.logbook.RequestLoggingFilter"},"process":{"pid":435405,"thread":{"name":"http-nio-auto-1-exec-10"}},"service":{"name":"card-authorization-service","node":{}},"message":"POST /v1/authorizations responded 201 in 11 ms","correlationId":"63dc276e-37d0-465c-97c7-d67b80476f2c","ecs":{"version":"8.11"}}
{"@timestamp":"2026-09-08T07:37:45.193795308Z","log":{"level":"INFO","logger":"pl.fairydeck.authorization.technical.logbook.RequestLoggingFilter"},"process":{"pid":435405,"thread":{"name":"http-nio-auto-1-exec-9"}},"service":{"name":"card-authorization-service","node":{}},"message":"POST /v1/authorizations responded 201 in 10 ms","correlationId":"899ef337-489b-453e-81f7-29bde71fc456","ecs":{"version":"8.11"}}
  ?[32m✔?[39m ?[32m?[1mWhen ?[22m?[1m16?[22m purchases of ?[1m10.00?[22m ?[1mGBP?[22m are made at the same time?[39m         ?[90m# pl.fairydeck.authorization.acceptance.CardAuthorizationSteps.purchasesAreMadeAtTheSameTime(int,java.math.BigDecimal,java.lang.String)?[39m
  ?[32m✔?[39m ?[32m?[1mThen ?[22mexactly ?[1m10?[22m of them are approved?[39m                             ?[90m# pl.fairydeck.authorization.acceptance.CardAuthorizationSteps.exactlyOfThemAreApproved(int)?[39m
{"@timestamp":"2026-09-08T07:37:45.199436821Z","log":{"level":"INFO","logger":"pl.fairydeck.authorization.technical.logbook.RequestLoggingFilter"},"process":{"pid":435405,"thread":{"name":"http-nio-auto-1-exec-6"}},"service":{"name":"card-authorization-service","node":{}},"message":"GET /v1/cards/ddc400a0-188b-4827-91e9-7a880bb1c32f/balance responded 200 in 2 ms","correlationId":"1e0fe52d-f4fa-419a-a52a-f263303e8154","ecs":{"version":"8.11"}}
{"@timestamp":"2026-09-08T07:37:45.204863181Z","log":{"level":"INFO","logger":"pl.fairydeck.authorization.technical.logbook.RequestLoggingFilter"},"process":{"pid":435405,"thread":{"name":"http-nio-auto-1-exec-3"}},"service":{"name":"card-authorization-service","node":{}},"message":"GET /v1/cards/ddc400a0-188b-4827-91e9-7a880bb1c32f/balance responded 200 in 2 ms","correlationId":"4ad38e9e-5c86-445f-9a36-34b084b1d927","ecs":{"version":"8.11"}}
  ?[32m✔?[39m ?[32m?[1mAnd ?[22mthe available balance is ?[1m0.00?[22m ?[1mGBP?[22m?[39m                            ?[90m# pl.fairydeck.authorization.acceptance.CardAuthorizationSteps.theAvailableBalanceIs(java.math.BigDecimal,java.lang.String)?[39m
{"@timestamp":"2026-09-08T07:37:45.208538959Z","log":{"level":"INFO","logger":"org.springframework.test.context.support.AnnotationConfigContextLoaderUtils"},"process":{"pid":435405,"thread":{"name":"Test worker"}},"service":{"name":"card-authorization-service","node":{}},"message":"Could not detect default configuration classes for test class [pl.fairydeck.authorization.acceptance.AcceptanceContext]: AcceptanceContext does not declare any static, non-private, non-final, nested classes annotated with @Configuration.","tags":["COMMONS-LOGGING"],"ecs":{"version":"8.11"}}
{"@timestamp":"2026-09-08T07:37:45.211077016Z","log":{"level":"INFO","logger":"org.springframework.boot.test.context.SpringBootTestContextBootstrapper"},"process":{"pid":435405,"thread":{"name":"Test worker"}},"service":{"name":"card-authorization-service","node":{}},"message":"Found @SpringBootConfiguration pl.fairydeck.authorization.CardAuthorizationApplication for test class pl.fairydeck.authorization.acceptance.AcceptanceContext","tags":["COMMONS-LOGGING"],"ecs":{"version":"8.11"}}
{"@timestamp":"2026-09-08T07:37:45.211637546Z","log":{"level":"INFO","logger":"org.springframework.test.context.support.AnnotationConfigContextLoaderUtils"},"process":{"pid":435405,"thread":{"name":"Test worker"}},"service":{"name":"card-authorization-service","node":{}},"message":"Could not detect default configuration classes for test class [pl.fairydeck.authorization.acceptance.AcceptanceContext]: AcceptanceContext does not declare any static, non-private, non-final, nested classes annotated with @Configuration.","tags":["COMMONS-LOGGING"],"ecs":{"version":"8.11"}}
{"@timestamp":"2026-09-08T07:37:45.213495839Z","log":{"level":"INFO","logger":"org.springframework.boot.test.context.SpringBootTestContextBootstrapper"},"process":{"pid":435405,"thread":{"name":"Test worker"}},"service":{"name":"card-authorization-service","node":{}},"message":"Found @SpringBootConfiguration pl.fairydeck.authorization.CardAuthorizationApplication for test class pl.fairydeck.authorization.acceptance.AcceptanceContext","tags":["COMMONS-LOGGING"],"ecs":{"version":"8.11"}}

?[1mScenario:?[22m When the risk service times out, the purchase is declined ?[90m# classpath:pl/fairydeck/authorization/acceptance/card_authorization.feature:39?[39m
  ?[32m✔?[39m ?[32m?[1mGiven ?[22mthe risk engine scores every purchase as low risk?[39m         ?[90m# pl.fairydeck.authorization.acceptance.CardAuthorizationSteps.theRiskEngineScoresEveryPurchaseAsLowRisk()?[39m
{"@timestamp":"2026-09-08T07:37:45.222113068Z","log":{"level":"INFO","logger":"pl.fairydeck.authorization.technical.logbook.RequestLoggingFilter"},"process":{"pid":435405,"thread":{"name":"http-nio-auto-1-exec-4"}},"service":{"name":"card-authorization-service","node":{}},"message":"POST /v1/cards responded 201 in 2 ms","correlationId":"e77269e6-5b73-4bd8-8840-b4be554b1c49","ecs":{"version":"8.11"}}
  ?[32m✔?[39m ?[32m?[1mGiven ?[22ma card with a credit limit of ?[1m100.00?[22m ?[1mGBP?[22m?[39m                  ?[90m# pl.fairydeck.authorization.acceptance.CardAuthorizationSteps.aCardWithACreditLimitOf(java.math.BigDecimal,java.lang.String)?[39m
  ?[32m✔?[39m ?[32m?[1mBut ?[22mthe risk engine does not answer in time?[39m                     ?[90m# pl.fairydeck.authorization.acceptance.CardAuthorizationSteps.theRiskEngineDoesNotAnswerInTime()?[39m
{"@timestamp":"2026-09-08T07:37:45.381146892Z","log":{"level":"WARN","logger":"pl.fairydeck.authorization.adapter.out.risk.HttpRiskScorer"},"process":{"pid":435405,"thread":{"name":"http-nio-auto-1-exec-5"}},"service":{"name":"card-authorization-service","node":{}},"message":"Risk scoring unavailable for card 3284c537-482e-4a7c-9b47-f5d104cb7a92: I/O error on POST request for \"http://localhost:41425/v1/scores\": Read timed out","correlationId":"9eb00984-05a9-453c-9093-368e6b3e5deb","ecs":{"version":"8.11"}}
{"@timestamp":"2026-09-08T07:37:45.384589675Z","log":{"level":"INFO","logger":"pl.fairydeck.authorization.technical.logbook.RequestLoggingFilter"},"process":{"pid":435405,"thread":{"name":"http-nio-auto-1-exec-5"}},"service":{"name":"card-authorization-service","node":{}},"message":"POST /v1/authorizations responded 201 in 158 ms","correlationId":"9eb00984-05a9-453c-9093-368e6b3e5deb","ecs":{"version":"8.11"}}
  ?[32m✔?[39m ?[32m?[1mWhen ?[22ma purchase of ?[1m30.00?[22m ?[1mGBP?[22m is made at ?[1m"Coffee Corner"?[22m?[39m         ?[90m# pl.fairydeck.authorization.acceptance.CardAuthorizationSteps.aPurchaseIsMadeAt(java.math.BigDecimal,java.lang.String,java.lang.String)?[39m
  ?[32m✔?[39m ?[32m?[1mThen ?[22mthe purchase is declined because of ?[1m"RISK_UNAVAILABLE"?[22m?[39m     ?[90m# pl.fairydeck.authorization.acceptance.CardAuthorizationSteps.thePurchaseIsDeclinedBecauseOf(java.lang.String)?[39m
  ?[32m✔?[39m ?[32m?[1mAnd ?[22mthe decision took less than ?[1m1000?[22m ms?[39m                         ?[90m# pl.fairydeck.authorization.acceptance.CardAuthorizationSteps.theDecisionTookLessThan(int)?[39m
{"@timestamp":"2026-09-08T07:37:45.391011379Z","log":{"level":"INFO","logger":"pl.fairydeck.authorization.technical.logbook.RequestLoggingFilter"},"process":{"pid":435405,"thread":{"name":"http-nio-auto-1-exec-7"}},"service":{"name":"card-authorization-service","node":{}},"message":"GET /v1/cards/3284c537-482e-4a7c-9b47-f5d104cb7a92/balance responded 200 in 2 ms","correlationId":"15ca7f91-af26-4ceb-a2ab-a2d8c72b8ced","ecs":{"version":"8.11"}}
{"@timestamp":"2026-09-08T07:37:45.396056594Z","log":{"level":"INFO","logger":"pl.fairydeck.authorization.technical.logbook.RequestLoggingFilter"},"process":{"pid":435405,"thread":{"name":"http-nio-auto-1-exec-8"}},"service":{"name":"card-authorization-service","node":{}},"message":"GET /v1/cards/3284c537-482e-4a7c-9b47-f5d104cb7a92/balance responded 200 in 2 ms","correlationId":"83b4a8d8-39ee-4619-8729-f562a3a853ed","ecs":{"version":"8.11"}}
  ?[32m✔?[39m ?[32m?[1mAnd ?[22mthe available balance is ?[1m100.00?[22m ?[1mGBP?[22m?[39m                         ?[90m# pl.fairydeck.authorization.acceptance.CardAuthorizationSteps.theAvailableBalanceIs(java.math.BigDecimal,java.lang.String)?[39m
{"@timestamp":"2026-09-08T07:37:45.398729774Z","log":{"level":"INFO","logger":"org.springframework.test.context.support.AnnotationConfigContextLoaderUtils"},"process":{"pid":435405,"thread":{"name":"Test worker"}},"service":{"name":"card-authorization-service","node":{}},"message":"Could not detect default configuration classes for test class [pl.fairydeck.authorization.acceptance.AcceptanceContext]: AcceptanceContext does not declare any static, non-private, non-final, nested classes annotated with @Configuration.","tags":["COMMONS-LOGGING"],"ecs":{"version":"8.11"}}
{"@timestamp":"2026-09-08T07:37:45.400958281Z","log":{"level":"INFO","logger":"org.springframework.boot.test.context.SpringBootTestContextBootstrapper"},"process":{"pid":435405,"thread":{"name":"Test worker"}},"service":{"name":"card-authorization-service","node":{}},"message":"Found @SpringBootConfiguration pl.fairydeck.authorization.CardAuthorizationApplication for test class pl.fairydeck.authorization.acceptance.AcceptanceContext","tags":["COMMONS-LOGGING"],"ecs":{"version":"8.11"}}
{"@timestamp":"2026-09-08T07:37:45.401486491Z","log":{"level":"INFO","logger":"org.springframework.test.context.support.AnnotationConfigContextLoaderUtils"},"process":{"pid":435405,"thread":{"name":"Test worker"}},"service":{"name":"card-authorization-service","node":{}},"message":"Could not detect default configuration classes for test class [pl.fairydeck.authorization.acceptance.AcceptanceContext]: AcceptanceContext does not declare any static, non-private, non-final, nested classes annotated with @Configuration.","tags":["COMMONS-LOGGING"],"ecs":{"version":"8.11"}}
{"@timestamp":"2026-09-08T07:37:45.403337149Z","log":{"level":"INFO","logger":"org.springframework.boot.test.context.SpringBootTestContextBootstrapper"},"process":{"pid":435405,"thread":{"name":"Test worker"}},"service":{"name":"card-authorization-service","node":{}},"message":"Found @SpringBootConfiguration pl.fairydeck.authorization.CardAuthorizationApplication for test class pl.fairydeck.authorization.acceptance.AcceptanceContext","tags":["COMMONS-LOGGING"],"ecs":{"version":"8.11"}}

?[1mScenario:?[22m Capturing an authorization converts the hold into a settled charge ?[90m# classpath:pl/fairydeck/authorization/acceptance/card_authorization.feature:47?[39m
  ?[32m✔?[39m ?[32m?[1mGiven ?[22mthe risk engine scores every purchase as low risk?[39m                  ?[90m# pl.fairydeck.authorization.acceptance.CardAuthorizationSteps.theRiskEngineScoresEveryPurchaseAsLowRisk()?[39m
{"@timestamp":"2026-09-08T07:37:45.410599038Z","log":{"level":"INFO","logger":"pl.fairydeck.authorization.technical.logbook.RequestLoggingFilter"},"process":{"pid":435405,"thread":{"name":"http-nio-auto-1-exec-1"}},"service":{"name":"card-authorization-service","node":{}},"message":"POST /v1/cards responded 201 in 1 ms","correlationId":"188782e6-1c4e-4127-bc58-14fe731603ef","ecs":{"version":"8.11"}}
  ?[32m✔?[39m ?[32m?[1mGiven ?[22ma card with a credit limit of ?[1m100.00?[22m ?[1mGBP?[22m?[39m                           ?[90m# pl.fairydeck.authorization.acceptance.CardAuthorizationSteps.aCardWithACreditLimitOf(java.math.BigDecimal,java.lang.String)?[39m
{"@timestamp":"2026-09-08T07:37:45.421576491Z","log":{"level":"INFO","logger":"pl.fairydeck.authorization.technical.logbook.RequestLoggingFilter"},"process":{"pid":435405,"thread":{"name":"http-nio-auto-1-exec-2"}},"service":{"name":"card-authorization-service","node":{}},"message":"POST /v1/authorizations responded 201 in 8 ms","correlationId":"f32586a2-9e91-4bd7-a617-2f9b0a9dd9fa","ecs":{"version":"8.11"}}
  ?[32m✔?[39m ?[32m?[1mAnd ?[22man approved purchase of ?[1m30.00?[22m ?[1mGBP?[22m?[39m                                    ?[90m# pl.fairydeck.authorization.acceptance.CardAuthorizationSteps.anApprovedPurchaseOf(java.math.BigDecimal,java.lang.String)?[39m
{"@timestamp":"2026-09-08T07:37:45.429925708Z","log":{"level":"INFO","logger":"pl.fairydeck.authorization.technical.logbook.RequestLoggingFilter"},"process":{"pid":435405,"thread":{"name":"http-nio-auto-1-exec-10"}},"service":{"name":"card-authorization-service","node":{}},"message":"POST /v1/authorizations/906e6719-9202-41ae-ac78-05f1561be528/capture responded 200 in 5 ms","correlationId":"6f9b0ef8-6211-4b90-ada9-b3282a89aaa9","ecs":{"version":"8.11"}}
  ?[32m✔?[39m ?[32m?[1mWhen ?[22mthe purchase is captured?[39m                                            ?[90m# pl.fairydeck.authorization.acceptance.CardAuthorizationSteps.thePurchaseIsCaptured()?[39m
  ?[32m✔?[39m ?[32m?[1mThen ?[22mthe authorization is ?[1m"CAPTURED"?[22m?[39m                                     ?[90m# pl.fairydeck.authorization.acceptance.CardAuthorizationSteps.theAuthorizationIs(java.lang.String)?[39m
{"@timestamp":"2026-09-08T07:37:45.434761852Z","log":{"level":"INFO","logger":"pl.fairydeck.authorization.technical.logbook.RequestLoggingFilter"},"process":{"pid":435405,"thread":{"name":"http-nio-auto-1-exec-9"}},"service":{"name":"card-authorization-service","node":{}},"message":"GET /v1/cards/1703d190-81be-437d-a166-7172378a8761/balance responded 200 in 2 ms","correlationId":"25073c80-0cf2-478a-8e9c-c91c76f7a571","ecs":{"version":"8.11"}}
  ?[32m✔?[39m ?[32m?[1mAnd ?[22mthe settled amount is ?[1m30.00?[22m ?[1mGBP?[22m?[39m                                      ?[90m# pl.fairydeck.authorization.acceptance.CardAuthorizationSteps.theSettledAmountIs(java.math.BigDecimal,java.lang.String)?[39m
{"@timestamp":"2026-09-08T07:37:45.439743167Z","log":{"level":"INFO","logger":"pl.fairydeck.authorization.technical.logbook.RequestLoggingFilter"},"process":{"pid":435405,"thread":{"name":"http-nio-auto-1-exec-6"}},"service":{"name":"card-authorization-service","node":{}},"message":"GET /v1/cards/1703d190-81be-437d-a166-7172378a8761/balance responded 200 in 2 ms","correlationId":"f062f757-3a17-42a8-80f8-db5149d0f543","ecs":{"version":"8.11"}}
{"@timestamp":"2026-09-08T07:37:45.443848Z","log":{"level":"INFO","logger":"pl.fairydeck.authorization.technical.logbook.RequestLoggingFilter"},"process":{"pid":435405,"thread":{"name":"http-nio-auto-1-exec-3"}},"service":{"name":"card-authorization-service","node":{}},"message":"GET /v1/cards/1703d190-81be-437d-a166-7172378a8761/balance responded 200 in 2 ms","correlationId":"004739bb-1220-44b0-891c-6e67e216b7fa","ecs":{"version":"8.11"}}
  ?[32m✔?[39m ?[32m?[1mAnd ?[22mthe available balance is ?[1m70.00?[22m ?[1mGBP?[22m?[39m                                   ?[90m# pl.fairydeck.authorization.acceptance.CardAuthorizationSteps.theAvailableBalanceIs(java.math.BigDecimal,java.lang.String)?[39m
{"@timestamp":"2026-09-08T07:37:45.446907784Z","log":{"level":"INFO","logger":"org.springframework.test.context.support.AnnotationConfigContextLoaderUtils"},"process":{"pid":435405,"thread":{"name":"Test worker"}},"service":{"name":"card-authorization-service","node":{}},"message":"Could not detect default configuration classes for test class [pl.fairydeck.authorization.acceptance.AcceptanceContext]: AcceptanceContext does not declare any static, non-private, non-final, nested classes annotated with @Configuration.","tags":["COMMONS-LOGGING"],"ecs":{"version":"8.11"}}
{"@timestamp":"2026-09-08T07:37:45.449328401Z","log":{"level":"INFO","logger":"org.springframework.boot.test.context.SpringBootTestContextBootstrapper"},"process":{"pid":435405,"thread":{"name":"Test worker"}},"service":{"name":"card-authorization-service","node":{}},"message":"Found @SpringBootConfiguration pl.fairydeck.authorization.CardAuthorizationApplication for test class pl.fairydeck.authorization.acceptance.AcceptanceContext","tags":["COMMONS-LOGGING"],"ecs":{"version":"8.11"}}
{"@timestamp":"2026-09-08T07:37:45.449972117Z","log":{"level":"INFO","logger":"org.springframework.test.context.support.AnnotationConfigContextLoaderUtils"},"process":{"pid":435405,"thread":{"name":"Test worker"}},"service":{"name":"card-authorization-service","node":{}},"message":"Could not detect default configuration classes for test class [pl.fairydeck.authorization.acceptance.AcceptanceContext]: AcceptanceContext does not declare any static, non-private, non-final, nested classes annotated with @Configuration.","tags":["COMMONS-LOGGING"],"ecs":{"version":"8.11"}}
{"@timestamp":"2026-09-08T07:37:45.451976153Z","log":{"level":"INFO","logger":"org.springframework.boot.test.context.SpringBootTestContextBootstrapper"},"process":{"pid":435405,"thread":{"name":"Test worker"}},"service":{"name":"card-authorization-service","node":{}},"message":"Found @SpringBootConfiguration pl.fairydeck.authorization.CardAuthorizationApplication for test class pl.fairydeck.authorization.acceptance.AcceptanceContext","tags":["COMMONS-LOGGING"],"ecs":{"version":"8.11"}}

?[1mScenario:?[22m Reversing an authorization releases the hold and restores the balance ?[90m# classpath:pl/fairydeck/authorization/acceptance/card_authorization.feature:55?[39m
  ?[32m✔?[39m ?[32m?[1mGiven ?[22mthe risk engine scores every purchase as low risk?[39m                     ?[90m# pl.fairydeck.authorization.acceptance.CardAuthorizationSteps.theRiskEngineScoresEveryPurchaseAsLowRisk()?[39m
{"@timestamp":"2026-09-08T07:37:45.459504712Z","log":{"level":"INFO","logger":"pl.fairydeck.authorization.technical.logbook.RequestLoggingFilter"},"process":{"pid":435405,"thread":{"name":"http-nio-auto-1-exec-4"}},"service":{"name":"card-authorization-service","node":{}},"message":"POST /v1/cards responded 201 in 1 ms","correlationId":"470cee53-0b47-41e2-9465-f722001ff5f8","ecs":{"version":"8.11"}}
  ?[32m✔?[39m ?[32m?[1mGiven ?[22ma card with a credit limit of ?[1m100.00?[22m ?[1mGBP?[22m?[39m                              ?[90m# pl.fairydeck.authorization.acceptance.CardAuthorizationSteps.aCardWithACreditLimitOf(java.math.BigDecimal,java.lang.String)?[39m
{"@timestamp":"2026-09-08T07:37:45.471240516Z","log":{"level":"INFO","logger":"pl.fairydeck.authorization.technical.logbook.RequestLoggingFilter"},"process":{"pid":435405,"thread":{"name":"http-nio-auto-1-exec-5"}},"service":{"name":"card-authorization-service","node":{}},"message":"POST /v1/authorizations responded 201 in 8 ms","correlationId":"fef13815-dc34-40cb-8ddc-7374c08665be","ecs":{"version":"8.11"}}
  ?[32m✔?[39m ?[32m?[1mAnd ?[22man approved purchase of ?[1m30.00?[22m ?[1mGBP?[22m?[39m                                       ?[90m# pl.fairydeck.authorization.acceptance.CardAuthorizationSteps.anApprovedPurchaseOf(java.math.BigDecimal,java.lang.String)?[39m
{"@timestamp":"2026-09-08T07:37:45.477911388Z","log":{"level":"INFO","logger":"pl.fairydeck.authorization.technical.logbook.RequestLoggingFilter"},"process":{"pid":435405,"thread":{"name":"http-nio-auto-1-exec-7"}},"service":{"name":"card-authorization-service","node":{}},"message":"POST /v1/authorizations/d7985339-bc5e-46d8-944d-075d0504a7a4/reverse responded 200 in 4 ms","correlationId":"8feaeca0-0d5f-4d46-906b-7f0ef9d44c79","ecs":{"version":"8.11"}}
  ?[32m✔?[39m ?[32m?[1mWhen ?[22mthe purchase is reversed?[39m                                               ?[90m# pl.fairydeck.authorization.acceptance.CardAuthorizationSteps.thePurchaseIsReversed()?[39m
  ?[32m✔?[39m ?[32m?[1mThen ?[22mthe authorization is ?[1m"REVERSED"?[22m?[39m                                        ?[90m# pl.fairydeck.authorization.acceptance.CardAuthorizationSteps.theAuthorizationIs(java.lang.String)?[39m
{"@timestamp":"2026-09-08T07:37:45.482609733Z","log":{"level":"INFO","logger":"pl.fairydeck.authorization.technical.logbook.RequestLoggingFilter"},"process":{"pid":435405,"thread":{"name":"http-nio-auto-1-exec-8"}},"service":{"name":"card-authorization-service","node":{}},"message":"GET /v1/cards/ebc43395-993a-4bcb-be03-73a15f35a76b/balance responded 200 in 2 ms","correlationId":"498ba5bf-0f63-4cd3-a114-b8ae01acf645","ecs":{"version":"8.11"}}
{"@timestamp":"2026-09-08T07:37:45.487088086Z","log":{"level":"INFO","logger":"pl.fairydeck.authorization.technical.logbook.RequestLoggingFilter"},"process":{"pid":435405,"thread":{"name":"http-nio-auto-1-exec-1"}},"service":{"name":"card-authorization-service","node":{}},"message":"GET /v1/cards/ebc43395-993a-4bcb-be03-73a15f35a76b/balance responded 200 in 2 ms","correlationId":"061c82c6-10ae-41fe-9f6e-f4232b6aeed6","ecs":{"version":"8.11"}}
  ?[32m✔?[39m ?[32m?[1mAnd ?[22mthe available balance is ?[1m100.00?[22m ?[1mGBP?[22m?[39m                                     ?[90m# pl.fairydeck.authorization.acceptance.CardAuthorizationSteps.theAvailableBalanceIs(java.math.BigDecimal,java.lang.String)?[39m
{"@timestamp":"2026-09-08T07:37:45.490015211Z","log":{"level":"INFO","logger":"org.springframework.test.context.support.AnnotationConfigContextLoaderUtils"},"process":{"pid":435405,"thread":{"name":"Test worker"}},"service":{"name":"card-authorization-service","node":{}},"message":"Could not detect default configuration classes for test class [pl.fairydeck.authorization.acceptance.AcceptanceContext]: AcceptanceContext does not declare any static, non-private, non-final, nested classes annotated with @Configuration.","tags":["COMMONS-LOGGING"],"ecs":{"version":"8.11"}}
{"@timestamp":"2026-09-08T07:37:45.492294523Z","log":{"level":"INFO","logger":"org.springframework.boot.test.context.SpringBootTestContextBootstrapper"},"process":{"pid":435405,"thread":{"name":"Test worker"}},"service":{"name":"card-authorization-service","node":{}},"message":"Found @SpringBootConfiguration pl.fairydeck.authorization.CardAuthorizationApplication for test class pl.fairydeck.authorization.acceptance.AcceptanceContext","tags":["COMMONS-LOGGING"],"ecs":{"version":"8.11"}}
{"@timestamp":"2026-09-08T07:37:45.492842190Z","log":{"level":"INFO","logger":"org.springframework.test.context.support.AnnotationConfigContextLoaderUtils"},"process":{"pid":435405,"thread":{"name":"Test worker"}},"service":{"name":"card-authorization-service","node":{}},"message":"Could not detect default configuration classes for test class [pl.fairydeck.authorization.acceptance.AcceptanceContext]: AcceptanceContext does not declare any static, non-private, non-final, nested classes annotated with @Configuration.","tags":["COMMONS-LOGGING"],"ecs":{"version":"8.11"}}
{"@timestamp":"2026-09-08T07:37:45.494582181Z","log":{"level":"INFO","logger":"org.springframework.boot.test.context.SpringBootTestContextBootstrapper"},"process":{"pid":435405,"thread":{"name":"Test worker"}},"service":{"name":"card-authorization-service","node":{}},"message":"Found @SpringBootConfiguration pl.fairydeck.authorization.CardAuthorizationApplication for test class pl.fairydeck.authorization.acceptance.AcceptanceContext","tags":["COMMONS-LOGGING"],"ecs":{"version":"8.11"}}

?[1mScenario:?[22m Retrying a capture after it succeeded changes nothing ?[90m# classpath:pl/fairydeck/authorization/acceptance/card_authorization.feature:62?[39m
  ?[32m✔?[39m ?[32m?[1mGiven ?[22mthe risk engine scores every purchase as low risk?[39m     ?[90m# pl.fairydeck.authorization.acceptance.CardAuthorizationSteps.theRiskEngineScoresEveryPurchaseAsLowRisk()?[39m
{"@timestamp":"2026-09-08T07:37:45.502105941Z","log":{"level":"INFO","logger":"pl.fairydeck.authorization.technical.logbook.RequestLoggingFilter"},"process":{"pid":435405,"thread":{"name":"http-nio-auto-1-exec-2"}},"service":{"name":"card-authorization-service","node":{}},"message":"POST /v1/cards responded 201 in 1 ms","correlationId":"cb638865-044d-4038-a08c-a4d3085fd3db","ecs":{"version":"8.11"}}
  ?[32m✔?[39m ?[32m?[1mGiven ?[22ma card with a credit limit of ?[1m100.00?[22m ?[1mGBP?[22m?[39m              ?[90m# pl.fairydeck.authorization.acceptance.CardAuthorizationSteps.aCardWithACreditLimitOf(java.math.BigDecimal,java.lang.String)?[39m
{"@timestamp":"2026-09-08T07:37:45.513371193Z","log":{"level":"INFO","logger":"pl.fairydeck.authorization.technical.logbook.RequestLoggingFilter"},"process":{"pid":435405,"thread":{"name":"http-nio-auto-1-exec-10"}},"service":{"name":"card-authorization-service","node":{}},"message":"POST /v1/authorizations responded 201 in 8 ms","correlationId":"efb37ab1-f32c-43e0-bc0c-98146490486d","ecs":{"version":"8.11"}}
  ?[32m✔?[39m ?[32m?[1mAnd ?[22man approved purchase of ?[1m30.00?[22m ?[1mGBP?[22m?[39m                       ?[90m# pl.fairydeck.authorization.acceptance.CardAuthorizationSteps.anApprovedPurchaseOf(java.math.BigDecimal,java.lang.String)?[39m
{"@timestamp":"2026-09-08T07:37:45.520200101Z","log":{"level":"INFO","logger":"pl.fairydeck.authorization.technical.logbook.RequestLoggingFilter"},"process":{"pid":435405,"thread":{"name":"http-nio-auto-1-exec-9"}},"service":{"name":"card-authorization-service","node":{}},"message":"POST /v1/authorizations/0b5c1529-78f2-493e-8855-7f1858af0f5d/capture responded 200 in 4 ms","correlationId":"7fa236b0-5fc8-4b05-84bc-c2f57c11f003","ecs":{"version":"8.11"}}
  ?[32m✔?[39m ?[32m?[1mWhen ?[22mthe purchase is captured?[39m                               ?[90m# pl.fairydeck.authorization.acceptance.CardAuthorizationSteps.thePurchaseIsCaptured()?[39m
{"@timestamp":"2026-09-08T07:37:45.525236780Z","log":{"level":"INFO","logger":"pl.fairydeck.authorization.technical.logbook.RequestLoggingFilter"},"process":{"pid":435405,"thread":{"name":"http-nio-auto-1-exec-6"}},"service":{"name":"card-authorization-service","node":{}},"message":"POST /v1/authorizations/0b5c1529-78f2-493e-8855-7f1858af0f5d/capture responded 200 in 2 ms","correlationId":"988a57a4-1f39-4072-8d00-4c575484637a","ecs":{"version":"8.11"}}
  ?[32m✔?[39m ?[32m?[1mAnd ?[22mthe capture is retried?[39m                                  ?[90m# pl.fairydeck.authorization.acceptance.CardAuthorizationSteps.theCaptureIsRetried()?[39m
  ?[32m✔?[39m ?[32m?[1mThen ?[22mthe retry returns the same settled authorization?[39m       ?[90m# pl.fairydeck.authorization.acceptance.CardAuthorizationSteps.theRetryReturnsTheSameSettledAuthorization()?[39m
{"@timestamp":"2026-09-08T07:37:45.529850006Z","log":{"level":"INFO","logger":"pl.fairydeck.authorization.technical.logbook.RequestLoggingFilter"},"process":{"pid":435405,"thread":{"name":"http-nio-auto-1-exec-3"}},"service":{"name":"card-authorization-service","node":{}},"message":"GET /v1/cards/5bdcd556-f7f4-4587-9138-0ac760fe88c4/balance responded 200 in 2 ms","correlationId":"f2874077-7645-4c33-af00-3eb202b5845a","ecs":{"version":"8.11"}}
  ?[32m✔?[39m ?[32m?[1mAnd ?[22mthe settled amount is ?[1m30.00?[22m ?[1mGBP?[22m?[39m                         ?[90m# pl.fairydeck.authorization.acceptance.CardAuthorizationSteps.theSettledAmountIs(java.math.BigDecimal,java.lang.String)?[39m
{"@timestamp":"2026-09-08T07:37:45.534885853Z","log":{"level":"INFO","logger":"pl.fairydeck.authorization.technical.logbook.RequestLoggingFilter"},"process":{"pid":435405,"thread":{"name":"http-nio-auto-1-exec-4"}},"service":{"name":"card-authorization-service","node":{}},"message":"GET /v1/cards/5bdcd556-f7f4-4587-9138-0ac760fe88c4/balance responded 200 in 1 ms","correlationId":"115f709a-d2a2-4461-a643-369415824564","ecs":{"version":"8.11"}}
{"@timestamp":"2026-09-08T07:37:45.537954043Z","log":{"level":"INFO","logger":"pl.fairydeck.authorization.technical.logbook.RequestLoggingFilter"},"process":{"pid":435405,"thread":{"name":"http-nio-auto-1-exec-5"}},"service":{"name":"card-authorization-service","node":{}},"message":"GET /v1/cards/5bdcd556-f7f4-4587-9138-0ac760fe88c4/balance responded 200 in 1 ms","correlationId":"f5d28445-ff37-43fd-b001-7fbf4d90c534","ecs":{"version":"8.11"}}
  ?[32m✔?[39m ?[32m?[1mAnd ?[22mthe available balance is ?[1m70.00?[22m ?[1mGBP?[22m?[39m                      ?[90m# pl.fairydeck.authorization.acceptance.CardAuthorizationSteps.theAvailableBalanceIs(java.math.BigDecimal,java.lang.String)?[39m
{"@timestamp":"2026-09-08T07:37:45.540760703Z","log":{"level":"INFO","logger":"org.springframework.test.context.support.AnnotationConfigContextLoaderUtils"},"process":{"pid":435405,"thread":{"name":"Test worker"}},"service":{"name":"card-authorization-service","node":{}},"message":"Could not detect default configuration classes for test class [pl.fairydeck.authorization.acceptance.AcceptanceContext]: AcceptanceContext does not declare any static, non-private, non-final, nested classes annotated with @Configuration.","tags":["COMMONS-LOGGING"],"ecs":{"version":"8.11"}}
{"@timestamp":"2026-09-08T07:37:45.542931041Z","log":{"level":"INFO","logger":"org.springframework.boot.test.context.SpringBootTestContextBootstrapper"},"process":{"pid":435405,"thread":{"name":"Test worker"}},"service":{"name":"card-authorization-service","node":{}},"message":"Found @SpringBootConfiguration pl.fairydeck.authorization.CardAuthorizationApplication for test class pl.fairydeck.authorization.acceptance.AcceptanceContext","tags":["COMMONS-LOGGING"],"ecs":{"version":"8.11"}}
{"@timestamp":"2026-09-08T07:37:45.543443741Z","log":{"level":"INFO","logger":"org.springframework.test.context.support.AnnotationConfigContextLoaderUtils"},"process":{"pid":435405,"thread":{"name":"Test worker"}},"service":{"name":"card-authorization-service","node":{}},"message":"Could not detect default configuration classes for test class [pl.fairydeck.authorization.acceptance.AcceptanceContext]: AcceptanceContext does not declare any static, non-private, non-final, nested classes annotated with @Configuration.","tags":["COMMONS-LOGGING"],"ecs":{"version":"8.11"}}
{"@timestamp":"2026-09-08T07:37:45.545285734Z","log":{"level":"INFO","logger":"org.springframework.boot.test.context.SpringBootTestContextBootstrapper"},"process":{"pid":435405,"thread":{"name":"Test worker"}},"service":{"name":"card-authorization-service","node":{}},"message":"Found @SpringBootConfiguration pl.fairydeck.authorization.CardAuthorizationApplication for test class pl.fairydeck.authorization.acceptance.AcceptanceContext","tags":["COMMONS-LOGGING"],"ecs":{"version":"8.11"}}

?[1mScenario:?[22m The card's transactions show every decision, newest first ?[90m# classpath:pl/fairydeck/authorization/acceptance/card_authorization.feature:71?[39m
  ?[32m✔?[39m ?[32m?[1mGiven ?[22mthe risk engine scores every purchase as low risk?[39m         ?[90m# pl.fairydeck.authorization.acceptance.CardAuthorizationSteps.theRiskEngineScoresEveryPurchaseAsLowRisk()?[39m
{"@timestamp":"2026-09-08T07:37:45.552395618Z","log":{"level":"INFO","logger":"pl.fairydeck.authorization.technical.logbook.RequestLoggingFilter"},"process":{"pid":435405,"thread":{"name":"http-nio-auto-1-exec-7"}},"service":{"name":"card-authorization-service","node":{}},"message":"POST /v1/cards responded 201 in 1 ms","correlationId":"4249d486-dae8-42d9-ab5b-957c7146441b","ecs":{"version":"8.11"}}
  ?[32m✔?[39m ?[32m?[1mGiven ?[22ma card with a credit limit of ?[1m100.00?[22m ?[1mGBP?[22m?[39m                  ?[90m# pl.fairydeck.authorization.acceptance.CardAuthorizationSteps.aCardWithACreditLimitOf(java.math.BigDecimal,java.lang.String)?[39m
{"@timestamp":"2026-09-08T07:37:45.563929093Z","log":{"level":"INFO","logger":"pl.fairydeck.authorization.technical.logbook.RequestLoggingFilter"},"process":{"pid":435405,"thread":{"name":"http-nio-auto-1-exec-8"}},"service":{"name":"card-authorization-service","node":{}},"message":"POST /v1/authorizations responded 201 in 8 ms","correlationId":"de9306cc-6390-4e39-95fe-73d34dca832c","ecs":{"version":"8.11"}}
  ?[32m✔?[39m ?[32m?[1mWhen ?[22ma purchase of ?[1m30.00?[22m ?[1mGBP?[22m is made at ?[1m"Coffee Corner"?[22m?[39m         ?[90m# pl.fairydeck.authorization.acceptance.CardAuthorizationSteps.aPurchaseIsMadeAt(java.math.BigDecimal,java.lang.String,java.lang.String)?[39m
{"@timestamp":"2026-09-08T07:37:45.574798894Z","log":{"level":"INFO","logger":"pl.fairydeck.authorization.technical.logbook.RequestLoggingFilter"},"process":{"pid":435405,"thread":{"name":"http-nio-auto-1-exec-1"}},"service":{"name":"card-authorization-service","node":{}},"message":"POST /v1/authorizations responded 201 in 7 ms","correlationId":"26462eec-9e07-4eba-9b05-f865fb29efb8","ecs":{"version":"8.11"}}
  ?[32m✔?[39m ?[32m?[1mAnd ?[22ma purchase of ?[1m80.00?[22m ?[1mGBP?[22m is made at ?[1m"Bike Shop"?[22m?[39m              ?[90m# pl.fairydeck.authorization.acceptance.CardAuthorizationSteps.aPurchaseIsMadeAt(java.math.BigDecimal,java.lang.String,java.lang.String)?[39m
{"@timestamp":"2026-09-08T07:37:45.583427034Z","log":{"level":"INFO","logger":"pl.fairydeck.authorization.technical.logbook.RequestLoggingFilter"},"process":{"pid":435405,"thread":{"name":"http-nio-auto-1-exec-2"}},"service":{"name":"card-authorization-service","node":{}},"message":"GET /v1/cards/66ade4b7-ab74-4604-a4e0-67c34c70b08e/transactions responded 200 in 6 ms","correlationId":"3a6353b2-e32a-4be1-9d00-aaad8314967e","ecs":{"version":"8.11"}}
  ?[32m✔?[39m ?[32m?[1mThen ?[22mthe card's transactions are ?[1m"DECLINED, APPROVED"?[22m?[39m           ?[90m# pl.fairydeck.authorization.acceptance.CardAuthorizationSteps.theCardsTransactionsAre(java.lang.String)?[39m
{"@timestamp":"2026-09-08T07:37:45.590956725Z","log":{"level":"INFO","logger":"pl.fairydeck.authorization.technical.logbook.RequestLoggingFilter"},"process":{"pid":435405,"thread":{"name":"http-nio-auto-1-exec-10"}},"service":{"name":"card-authorization-service","node":{}},"message":"GET /v1/cards/66ade4b7-ab74-4604-a4e0-67c34c70b08e/transactions responded 200 in 4 ms","correlationId":"7fe50759-3cf9-44bf-9ecc-ebca3d82fc9d","ecs":{"version":"8.11"}}
  ?[32m✔?[39m ?[32m?[1mAnd ?[22mthe card's approved transactions are ?[1m"APPROVED"?[22m?[39m             ?[90m# pl.fairydeck.authorization.acceptance.CardAuthorizationSteps.theCardsApprovedTransactionsAre(java.lang.String)?[39m
]]></system-out>
  <system-err><![CDATA[]]></system-err>
</testsuite>
