<?xml version="1.0" encoding="UTF-8"?>
<testsuite name="Card authorization" tests="10" skipped="0" failures="0" errors="0" timestamp="2026-09-08T07:45:57.418Z" hostname="nas" time="7.744">
  <properties/>
  <testcase name="A purchase within the available balance is approved" classname="feature_classpath_pl/fairydeck/authorization/acceptance/card_authorization.feature" time="7.085"/>
  <testcase name="A purchase exceeding the available balance is declined" classname="feature_classpath_pl/fairydeck/authorization/acceptance/card_authorization.feature" time="0.048"/>
  <testcase name="A purchase on a blocked card is declined" classname="feature_classpath_pl/fairydeck/authorization/acceptance/card_authorization.feature" time="0.034"/>
  <testcase name="A retried purchase with the same idempotency key is not authorized twice" classname="feature_classpath_pl/fairydeck/authorization/acceptance/card_authorization.feature" time="0.056"/>
  <testcase name="Concurrent purchases cannot overdraw the available balance" classname="feature_classpath_pl/fairydeck/authorization/acceptance/card_authorization.feature" time="0.121"/>
  <testcase name="When the risk service times out, the purchase is declined" classname="feature_classpath_pl/fairydeck/authorization/acceptance/card_authorization.feature" time="0.189"/>
  <testcase name="Capturing an authorization converts the hold into a settled charge" classname="feature_classpath_pl/fairydeck/authorization/acceptance/card_authorization.feature" time="0.056"/>
  <testcase name="Reversing an authorization releases the hold and restores the balance" classname="feature_classpath_pl/fairydeck/authorization/acceptance/card_authorization.feature" time="0.046"/>
  <testcase name="Retrying a capture after it succeeded changes nothing" classname="feature_classpath_pl/fairydeck/authorization/acceptance/card_authorization.feature" time="0.052"/>
  <testcase name="The card's transactions show every decision, newest first" classname="feature_classpath_pl/fairydeck/authorization/acceptance/card_authorization.feature" time="0.052"/>
  <system-out><![CDATA[07:45:57.539 [Test worker] INFO org.springframework.test.context.support.AnnotationConfigContextLoaderUtils -- Could not detect default configuration classes for test class [pl.fairydeck.authorization.acceptance.AcceptanceContext]: AcceptanceContext does not declare any static, non-private, non-final, nested classes annotated with @Configuration.
07:45:57.665 [Test worker] INFO org.springframework.boot.test.context.SpringBootTestContextBootstrapper -- Found @SpringBootConfiguration pl.fairydeck.authorization.CardAuthorizationApplication for test class pl.fairydeck.authorization.acceptance.AcceptanceContext
07:45:57.728 [Test worker] INFO org.springframework.test.context.support.AnnotationConfigContextLoaderUtils -- Could not detect default configuration classes for test class [pl.fairydeck.authorization.acceptance.AcceptanceContext]: AcceptanceContext does not declare any static, non-private, non-final, nested classes annotated with @Configuration.
07:45:57.732 [Test worker] INFO org.springframework.boot.test.context.SpringBootTestContextBootstrapper -- Found @SpringBootConfiguration pl.fairydeck.authorization.CardAuthorizationApplication for test class pl.fairydeck.authorization.acceptance.AcceptanceContext
{"@timestamp":"2026-09-08T07:45:58.538076903Z","log":{"level":"INFO","logger":"pl.fairydeck.authorization.acceptance.AcceptanceContext"},"process":{"pid":487503,"thread":{"name":"Test worker"}},"service":{"name":"card-authorization-service","node":{}},"message":"Starting AcceptanceContext using Java 25.0.4.1 with PID 487503 (started by muszkin in /home/muszkin/work/zilch/worktrees/r1)","tags":["COMMONS-LOGGING"],"ecs":{"version":"8.11"}}
{"@timestamp":"2026-09-08T07:45:58.543596136Z","log":{"level":"INFO","logger":"pl.fairydeck.authorization.acceptance.AcceptanceContext"},"process":{"pid":487503,"thread":{"name":"Test worker"}},"service":{"name":"card-authorization-service","node":{}},"message":"No active profile set, falling back to 1 default profile: \"default\"","tags":["COMMONS-LOGGING"],"ecs":{"version":"8.11"}}
{"@timestamp":"2026-09-08T07:45:58.998547872Z","log":{"level":"INFO","logger":"org.springframework.data.repository.config.RepositoryConfigurationDelegate"},"process":{"pid":487503,"thread":{"name":"Test worker"}},"service":{"name":"card-authorization-service","node":{}},"message":"Multiple Spring Data modules found, entering strict repository configuration mode","tags":["COMMONS-LOGGING"],"ecs":{"version":"8.11"}}
{"@timestamp":"2026-09-08T07:45:59.002360827Z","log":{"level":"INFO","logger":"org.springframework.data.repository.config.RepositoryConfigurationDelegate"},"process":{"pid":487503,"thread":{"name":"Test worker"}},"service":{"name":"card-authorization-service","node":{}},"message":"Bootstrapping Spring Data Redis repositories in DEFAULT mode.","tags":["COMMONS-LOGGING"],"ecs":{"version":"8.11"}}
{"@timestamp":"2026-09-08T07:45:59.028549264Z","log":{"level":"INFO","logger":"org.springframework.data.repository.config.RepositoryConfigurationDelegate"},"process":{"pid":487503,"thread":{"name":"Test worker"}},"service":{"name":"card-authorization-service","node":{}},"message":"Finished Spring Data repository scanning in 10 ms. Found 0 Redis repository interfaces.","tags":["COMMONS-LOGGING"],"ecs":{"version":"8.11"}}
{"@timestamp":"2026-09-08T07:45:59.541717587Z","log":{"level":"INFO","logger":"org.springframework.boot.tomcat.TomcatWebServer"},"process":{"pid":487503,"thread":{"name":"Test worker"}},"service":{"name":"card-authorization-service","node":{}},"message":"Tomcat initialized with port 0 (http)","tags":["COMMONS-LOGGING"],"ecs":{"version":"8.11"}}
{"@timestamp":"2026-09-08T07:45:59.560169886Z","log":{"level":"INFO","logger":"org.apache.catalina.core.StandardService"},"process":{"pid":487503,"thread":{"name":"Test worker"}},"service":{"name":"card-authorization-service","node":{}},"message":"Starting service [Tomcat]","ecs":{"version":"8.11"}}
{"@timestamp":"2026-09-08T07:45:59.561071135Z","log":{"level":"INFO","logger":"org.apache.catalina.core.StandardEngine"},"process":{"pid":487503,"thread":{"name":"Test worker"}},"service":{"name":"card-authorization-service","node":{}},"message":"Starting Servlet engine: [Apache Tomcat/11.0.24]","ecs":{"version":"8.11"}}
{"@timestamp":"2026-09-08T07:45:59.596479690Z","log":{"level":"INFO","logger":"org.springframework.boot.web.context.servlet.WebApplicationContextInitializer"},"process":{"pid":487503,"thread":{"name":"Test worker"}},"service":{"name":"card-authorization-service","node":{}},"message":"Root WebApplicationContext: initialization completed in 1040 ms","tags":["COMMONS-LOGGING"],"ecs":{"version":"8.11"}}
{"@timestamp":"2026-09-08T07:45:59.681327114Z","log":{"level":"INFO","logger":"org.testcontainers.images.PullPolicy"},"process":{"pid":487503,"thread":{"name":"Test worker"}},"service":{"name":"card-authorization-service","node":{}},"message":"Image pull policy will be performed by: DefaultPullPolicy()","ecs":{"version":"8.11"}}
{"@timestamp":"2026-09-08T07:45:59.683443029Z","log":{"level":"INFO","logger":"org.testcontainers.utility.ImageNameSubstitutor"},"process":{"pid":487503,"thread":{"name":"Test worker"}},"service":{"name":"card-authorization-service","node":{}},"message":"Image name substitution will be performed by: DefaultImageNameSubstitutor (composite of 'ConfigurationFileImageNameSubstitutor' and 'PrefixingImageNameSubstitutor')","ecs":{"version":"8.11"}}
{"@timestamp":"2026-09-08T07:45:59.707743578Z","log":{"level":"INFO","logger":"org.testcontainers.DockerClientFactory"},"process":{"pid":487503,"thread":{"name":"Test worker"}},"service":{"name":"card-authorization-service","node":{}},"message":"Testcontainers version: 2.0.5","ecs":{"version":"8.11"}}
{"@timestamp":"2026-09-08T07:45:59.828036115Z","log":{"level":"INFO","logger":"org.testcontainers.dockerclient.DockerClientProviderStrategy"},"process":{"pid":487503,"thread":{"name":"Test worker"}},"service":{"name":"card-authorization-service","node":{}},"message":"Loaded org.testcontainers.dockerclient.UnixSocketClientProviderStrategy from ~/.testcontainers.properties, will try it first","ecs":{"version":"8.11"}}
{"@timestamp":"2026-09-08T07:46:00.050246185Z","log":{"level":"INFO","logger":"org.testcontainers.dockerclient.DockerClientProviderStrategy"},"process":{"pid":487503,"thread":{"name":"Test worker"}},"service":{"name":"card-authorization-service","node":{}},"message":"Found Docker environment with local Unix socket (unix:///var/run/docker.sock)","ecs":{"version":"8.11"}}
{"@timestamp":"2026-09-08T07:46:00.051801069Z","log":{"level":"INFO","logger":"org.testcontainers.DockerClientFactory"},"process":{"pid":487503,"thread":{"name":"Test worker"}},"service":{"name":"card-authorization-service","node":{}},"message":"Docker host IP address is localhost","ecs":{"version":"8.11"}}
{"@timestamp":"2026-09-08T07:46:00.065702610Z","log":{"level":"INFO","logger":"org.testcontainers.DockerClientFactory"},"process":{"pid":487503,"thread":{"name":"Test worker"}},"service":{"name":"card-authorization-service","node":{}},"message":"Connected to docker: \n  Server Version: 29.8.0\n  API Version: 1.56\n  Operating System: Ubuntu 24.04.4 LTS\n  Total Memory: 128182 MB","ecs":{"version":"8.11"}}
{"@timestamp":"2026-09-08T07:46:00.095587864Z","log":{"level":"INFO","logger":"tc.testcontainers/ryuk:0.14.0"},"process":{"pid":487503,"thread":{"name":"Test worker"}},"service":{"name":"card-authorization-service","node":{}},"message":"Creating container for image: testcontainers/ryuk:0.14.0","ecs":{"version":"8.11"}}
{"@timestamp":"2026-09-08T07:46:00.099086781Z","log":{"level":"INFO","logger":"org.testcontainers.utility.RegistryAuthLocator"},"process":{"pid":487503,"thread":{"name":"Test worker"}},"service":{"name":"card-authorization-service","node":{}},"message":"Failure when attempting to lookup auth config. Please ignore if you don't have images in an authenticated registry. Details: (dockerImageName: testcontainers/ryuk:0.14.0, configFile: /home/muszkin/.docker/config.json, configEnv: DOCKER_AUTH_CONFIG). Falling back to docker-java default behaviour. Exception message: Status 404: No config supplied. Checked in order: /home/muszkin/.docker/config.json (file not found), DOCKER_AUTH_CONFIG (not set)","ecs":{"version":"8.11"}}
{"@timestamp":"2026-09-08T07:46:00.156898590Z","log":{"level":"INFO","logger":"tc.testcontainers/ryuk:0.14.0"},"process":{"pid":487503,"thread":{"name":"Test worker"}},"service":{"name":"card-authorization-service","node":{}},"message":"Container testcontainers/ryuk:0.14.0 is starting: 2acd5926ab3420d6e49c217befeb5159ee024d74516012b0959c6ae54f0fb896","ecs":{"version":"8.11"}}
{"@timestamp":"2026-09-08T07:46:00.420663874Z","log":{"level":"INFO","logger":"tc.testcontainers/ryuk:0.14.0"},"process":{"pid":487503,"thread":{"name":"Test worker"}},"service":{"name":"card-authorization-service","node":{}},"message":"Container testcontainers/ryuk:0.14.0 started in PT0.325039963S","ecs":{"version":"8.11"}}
{"@timestamp":"2026-09-08T07:46:00.424139327Z","log":{"level":"INFO","logger":"org.testcontainers.utility.RyukResourceReaper"},"process":{"pid":487503,"thread":{"name":"Test worker"}},"service":{"name":"card-authorization-service","node":{}},"message":"Ryuk started - will monitor and terminate Testcontainers containers on JVM exit","ecs":{"version":"8.11"}}
{"@timestamp":"2026-09-08T07:46:00.424517726Z","log":{"level":"INFO","logger":"org.testcontainers.DockerClientFactory"},"process":{"pid":487503,"thread":{"name":"Test worker"}},"service":{"name":"card-authorization-service","node":{}},"message":"Checking the system...","ecs":{"version":"8.11"}}
{"@timestamp":"2026-09-08T07:46:00.425207088Z","log":{"level":"INFO","logger":"org.testcontainers.DockerClientFactory"},"process":{"pid":487503,"thread":{"name":"Test worker"}},"service":{"name":"card-authorization-service","node":{}},"message":"✔︎ Docker server version should be at least 1.6.0","ecs":{"version":"8.11"}}
{"@timestamp":"2026-09-08T07:46:00.425903252Z","log":{"level":"INFO","logger":"tc.redis:7-alpine"},"process":{"pid":487503,"thread":{"name":"Test worker"}},"service":{"name":"card-authorization-service","node":{}},"message":"Creating container for image: redis:7-alpine","ecs":{"version":"8.11"}}
{"@timestamp":"2026-09-08T07:46:00.441395314Z","log":{"level":"INFO","logger":"tc.redis:7-alpine"},"process":{"pid":487503,"thread":{"name":"Test worker"}},"service":{"name":"card-authorization-service","node":{}},"message":"Container redis:7-alpine is starting: 3214abaa4f9ce5f882f6962a75a14058204a30f796a2c0316b2a767a4ad5df0d","ecs":{"version":"8.11"}}
{"@timestamp":"2026-09-08T07:46:00.638243466Z","log":{"level":"INFO","logger":"tc.redis:7-alpine"},"process":{"pid":487503,"thread":{"name":"Test worker"}},"service":{"name":"card-authorization-service","node":{}},"message":"Container redis:7-alpine started in PT0.212310107S","ecs":{"version":"8.11"}}
{"@timestamp":"2026-09-08T07:46:00.638698659Z","log":{"level":"INFO","logger":"tc.postgres:17-alpine"},"process":{"pid":487503,"thread":{"name":"Test worker"}},"service":{"name":"card-authorization-service","node":{}},"message":"Creating container for image: postgres:17-alpine","ecs":{"version":"8.11"}}
{"@timestamp":"2026-09-08T07:46:00.653950601Z","log":{"level":"INFO","logger":"tc.postgres:17-alpine"},"process":{"pid":487503,"thread":{"name":"Test worker"}},"service":{"name":"card-authorization-service","node":{}},"message":"Container postgres:17-alpine is starting: c15eb1e2e1af5c51803f07e1e651ebf2d4571d76cabfe7f2da7f82dae1703672","ecs":{"version":"8.11"}}
{"@timestamp":"2026-09-08T07:46:02.120965393Z","log":{"level":"INFO","logger":"tc.postgres:17-alpine"},"process":{"pid":487503,"thread":{"name":"Test worker"}},"service":{"name":"card-authorization-service","node":{}},"message":"Container postgres:17-alpine started in PT1.482244673S","ecs":{"version":"8.11"}}
{"@timestamp":"2026-09-08T07:46:02.121744663Z","log":{"level":"INFO","logger":"tc.postgres:17-alpine"},"process":{"pid":487503,"thread":{"name":"Test worker"}},"service":{"name":"card-authorization-service","node":{}},"message":"Container is started (JDBC URL: jdbc:postgresql://localhost:32845/test?loggerLevel=OFF)","ecs":{"version":"8.11"}}
{"@timestamp":"2026-09-08T07:46:02.668605846Z","log":{"level":"INFO","logger":"org.flywaydb.core.FlywayExecutor"},"process":{"pid":487503,"thread":{"name":"Test worker"}},"service":{"name":"card-authorization-service","node":{}},"message":"Database: jdbc:postgresql://localhost:32845/test?loggerLevel=OFF (PostgreSQL 17.11)","ecs":{"version":"8.11"}}
{"@timestamp":"2026-09-08T07:46:02.710869087Z","log":{"level":"INFO","logger":"org.flywaydb.core.internal.schemahistory.JdbcTableSchemaHistory"},"process":{"pid":487503,"thread":{"name":"Test worker"}},"service":{"name":"card-authorization-service","node":{}},"message":"Schema history table \"public\".\"flyway_schema_history\" does not exist yet","ecs":{"version":"8.11"}}
{"@timestamp":"2026-09-08T07:46:02.714107676Z","log":{"level":"INFO","logger":"org.flywaydb.core.internal.command.DbValidate"},"process":{"pid":487503,"thread":{"name":"Test worker"}},"service":{"name":"card-authorization-service","node":{}},"message":"Successfully validated 2 migrations (execution time 00:00.013s)","ecs":{"version":"8.11"}}
{"@timestamp":"2026-09-08T07:46:02.726945684Z","log":{"level":"INFO","logger":"org.flywaydb.core.internal.schemahistory.JdbcTableSchemaHistory"},"process":{"pid":487503,"thread":{"name":"Test worker"}},"service":{"name":"card-authorization-service","node":{}},"message":"Creating Schema History table \"public\".\"flyway_schema_history\" ...","ecs":{"version":"8.11"}}
{"@timestamp":"2026-09-08T07:46:02.770298116Z","log":{"level":"INFO","logger":"org.flywaydb.core.internal.command.DbMigrate"},"process":{"pid":487503,"thread":{"name":"Test worker"}},"service":{"name":"card-authorization-service","node":{}},"message":"Current version of schema \"public\": << Empty Schema >>","ecs":{"version":"8.11"}}
{"@timestamp":"2026-09-08T07:46:02.779855687Z","log":{"level":"INFO","logger":"org.flywaydb.core.internal.command.DbMigrate"},"process":{"pid":487503,"thread":{"name":"Test worker"}},"service":{"name":"card-authorization-service","node":{}},"message":"Migrating schema \"public\" to version \"1 - cards authorizations ledger\"","ecs":{"version":"8.11"}}
{"@timestamp":"2026-09-08T07:46:02.808649346Z","log":{"level":"INFO","logger":"org.flywaydb.core.internal.command.DbMigrate"},"process":{"pid":487503,"thread":{"name":"Test worker"}},"service":{"name":"card-authorization-service","node":{}},"message":"Migrating schema \"public\" to version \"2 - outbox events\"","ecs":{"version":"8.11"}}
{"@timestamp":"2026-09-08T07:46:02.821043132Z","log":{"level":"INFO","logger":"org.flywaydb.core.internal.command.DbMigrate"},"process":{"pid":487503,"thread":{"name":"Test worker"}},"service":{"name":"card-authorization-service","node":{}},"message":"Successfully applied 2 migrations to schema \"public\", now at version v2 (execution time 00:00.024s)","ecs":{"version":"8.11"}}
{"@timestamp":"2026-09-08T07:46:03.351513368Z","log":{"level":"INFO","logger":"org.springframework.boot.tomcat.TomcatWebServer"},"process":{"pid":487503,"thread":{"name":"Test worker"}},"service":{"name":"card-authorization-service","node":{}},"message":"Tomcat started on port 44269 (http) with context path '/'","tags":["COMMONS-LOGGING"],"ecs":{"version":"8.11"}}
{"@timestamp":"2026-09-08T07:46:03.360097404Z","log":{"level":"INFO","logger":"pl.fairydeck.authorization.acceptance.AcceptanceContext"},"process":{"pid":487503,"thread":{"name":"Test worker"}},"service":{"name":"card-authorization-service","node":{}},"message":"Started AcceptanceContext in 5.594 seconds (process running for 6.708)","tags":["COMMONS-LOGGING"],"ecs":{"version":"8.11"}}
{"@timestamp":"2026-09-08T07:46:03.365223741Z","log":{"level":"INFO","logger":"com.zaxxer.hikari.HikariDataSource"},"process":{"pid":487503,"thread":{"name":"scheduling-1"}},"service":{"name":"card-authorization-service","node":{}},"message":"HikariPool-1 - Starting...","ecs":{"version":"8.11"}}
{"@timestamp":"2026-09-08T07:46:03.379647301Z","log":{"level":"INFO","logger":"com.zaxxer.hikari.pool.HikariPool"},"process":{"pid":487503,"thread":{"name":"scheduling-1"}},"service":{"name":"card-authorization-service","node":{}},"message":"HikariPool-1 - Added connection org.postgresql.jdbc.PgConnection@ff7273e","ecs":{"version":"8.11"}}
{"@timestamp":"2026-09-08T07:46:03.381000978Z","log":{"level":"INFO","logger":"com.zaxxer.hikari.HikariDataSource"},"process":{"pid":487503,"thread":{"name":"scheduling-1"}},"service":{"name":"card-authorization-service","node":{}},"message":"HikariPool-1 - Start completed.","ecs":{"version":"8.11"}}

?[1mScenario:?[22m A purchase within the available balance is approved ?[90m# classpath:pl/fairydeck/authorization/acceptance/card_authorization.feature:9?[39m
{"@timestamp":"2026-09-08T07:46:03.913534230Z","log":{"level":"INFO","logger":"org.apache.catalina.core.ContainerBase.[Tomcat].[localhost].[/]"},"process":{"pid":487503,"thread":{"name":"http-nio-auto-1-exec-1"}},"service":{"name":"card-authorization-service","node":{}},"message":"Initializing Spring DispatcherServlet 'dispatcherServlet'","ecs":{"version":"8.11"}}
{"@timestamp":"2026-09-08T07:46:03.913896278Z","log":{"level":"INFO","logger":"org.springframework.web.servlet.DispatcherServlet"},"process":{"pid":487503,"thread":{"name":"http-nio-auto-1-exec-1"}},"service":{"name":"card-authorization-service","node":{}},"message":"Initializing Servlet 'dispatcherServlet'","tags":["COMMONS-LOGGING"],"ecs":{"version":"8.11"}}
{"@timestamp":"2026-09-08T07:46:03.915232502Z","log":{"level":"INFO","logger":"org.springframework.web.servlet.DispatcherServlet"},"process":{"pid":487503,"thread":{"name":"http-nio-auto-1-exec-1"}},"service":{"name":"card-authorization-service","node":{}},"message":"Completed initialization in 1 ms","tags":["COMMONS-LOGGING"],"ecs":{"version":"8.11"}}
{"@timestamp":"2026-09-08T07:46:04.007440469Z","log":{"level":"INFO","logger":"pl.fairydeck.authorization.technical.logbook.RequestLoggingFilter"},"process":{"pid":487503,"thread":{"name":"http-nio-auto-1-exec-1"}},"service":{"name":"card-authorization-service","node":{}},"message":"POST /v1/cards responded 201 in 89 ms","correlationId":"0fb4e88a-c523-414d-b314-ea649be7604a","ecs":{"version":"8.11"}}
{"@timestamp":"2026-09-08T07:46:04.408138032Z","log":{"level":"INFO","logger":"pl.fairydeck.authorization.adapter.out.events.LoggingEventPublisher"},"process":{"pid":487503,"thread":{"name":"scheduling-1"}},"service":{"name":"card-authorization-service","node":{}},"message":"Published event 3d7b867c-ecfd-4968-bbe2-13733055a0f0 of type authorization.approved: {\"amount\": 1.00, \"cardId\": \"ef6a0904-1559-426a-b77a-c3ff6b5455e8\", \"status\": \"APPROVED\", \"eventId\": \"3d7b867c-ecfd-4968-bbe2-13733055a0f0\", \"currency\": \"GBP\", \"occurredAt\": \"2026-09-08T07:46:04.391Z\", \"authorizationId\": \"e6ca9523-c91e-48c8-85fc-637d3ade24d5\"}","ecs":{"version":"8.11"}}
{"@timestamp":"2026-09-08T07:46:04.410121710Z","log":{"level":"INFO","logger":"pl.fairydeck.authorization.technical.logbook.RequestLoggingFilter"},"process":{"pid":487503,"thread":{"name":"http-nio-auto-1-exec-2"}},"service":{"name":"card-authorization-service","node":{}},"message":"POST /v1/authorizations responded 201 in 387 ms","correlationId":"3a140f9b-8151-45a6-9f29-64f5f8ffc086","ecs":{"version":"8.11"}}
  ?[32m✔?[39m ?[32m?[1mGiven ?[22mthe risk engine scores every purchase as low risk?[39m   ?[90m# pl.fairydeck.authorization.acceptance.CardAuthorizationSteps.theRiskEngineScoresEveryPurchaseAsLowRisk()?[39m
{"@timestamp":"2026-09-08T07:46:04.425984186Z","log":{"level":"INFO","logger":"pl.fairydeck.authorization.technical.logbook.RequestLoggingFilter"},"process":{"pid":487503,"thread":{"name":"http-nio-auto-1-exec-3"}},"service":{"name":"card-authorization-service","node":{}},"message":"POST /v1/cards responded 201 in 2 ms","correlationId":"769d6c9d-0fb8-43d0-8912-e6b5e910d532","ecs":{"version":"8.11"}}
  ?[32m✔?[39m ?[32m?[1mGiven ?[22ma card with a credit limit of ?[1m100.00?[22m ?[1mGBP?[22m?[39m            ?[90m# pl.fairydeck.authorization.acceptance.CardAuthorizationSteps.aCardWithACreditLimitOf(java.math.BigDecimal,java.lang.String)?[39m
{"@timestamp":"2026-09-08T07:46:04.446406006Z","log":{"level":"INFO","logger":"pl.fairydeck.authorization.technical.logbook.RequestLoggingFilter"},"process":{"pid":487503,"thread":{"name":"http-nio-auto-1-exec-4"}},"service":{"name":"card-authorization-service","node":{}},"message":"POST /v1/authorizations responded 201 in 13 ms","correlationId":"a06f78c3-cc4b-4f6b-b306-90d6899bb064","ecs":{"version":"8.11"}}
  ?[32m✔?[39m ?[32m?[1mWhen ?[22ma purchase of ?[1m30.00?[22m ?[1mGBP?[22m is made at ?[1m"Coffee Corner"?[22m?[39m   ?[90m# pl.fairydeck.authorization.acceptance.CardAuthorizationSteps.aPurchaseIsMadeAt(java.math.BigDecimal,java.lang.String,java.lang.String)?[39m
  ?[32m✔?[39m ?[32m?[1mThen ?[22mthe purchase is approved?[39m                             ?[90m# pl.fairydeck.authorization.acceptance.CardAuthorizationSteps.thePurchaseIsApproved()?[39m
{"@timestamp":"2026-09-08T07:46:04.490690044Z","log":{"level":"INFO","logger":"pl.fairydeck.authorization.technical.logbook.RequestLoggingFilter"},"process":{"pid":487503,"thread":{"name":"http-nio-auto-1-exec-5"}},"service":{"name":"card-authorization-service","node":{}},"message":"GET /v1/cards/724314cc-f462-4323-8bc2-155dcc705d3f/balance responded 200 in 10 ms","correlationId":"41e571fc-f0df-4da5-a042-5b5a601e1fb1","ecs":{"version":"8.11"}}
{"@timestamp":"2026-09-08T07:46:04.497931354Z","log":{"level":"INFO","logger":"pl.fairydeck.authorization.technical.logbook.RequestLoggingFilter"},"process":{"pid":487503,"thread":{"name":"http-nio-auto-1-exec-6"}},"service":{"name":"card-authorization-service","node":{}},"message":"GET /v1/cards/724314cc-f462-4323-8bc2-155dcc705d3f/balance responded 200 in 2 ms","correlationId":"70674e76-6f6f-4370-a300-c113ea9b6f3e","ecs":{"version":"8.11"}}
  ?[32m✔?[39m ?[32m?[1mAnd ?[22mthe available balance is ?[1m70.00?[22m ?[1mGBP?[22m?[39m                    ?[90m# pl.fairydeck.authorization.acceptance.CardAuthorizationSteps.theAvailableBalanceIs(java.math.BigDecimal,java.lang.String)?[39m
{"@timestamp":"2026-09-08T07:46:04.508208573Z","log":{"level":"INFO","logger":"org.springframework.test.context.support.AnnotationConfigContextLoaderUtils"},"process":{"pid":487503,"thread":{"name":"Test worker"}},"service":{"name":"card-authorization-service","node":{}},"message":"Could not detect default configuration classes for test class [pl.fairydeck.authorization.acceptance.AcceptanceContext]: AcceptanceContext does not declare any static, non-private, non-final, nested classes annotated with @Configuration.","tags":["COMMONS-LOGGING"],"ecs":{"version":"8.11"}}
{"@timestamp":"2026-09-08T07:46:04.511513326Z","log":{"level":"INFO","logger":"org.springframework.boot.test.context.SpringBootTestContextBootstrapper"},"process":{"pid":487503,"thread":{"name":"Test worker"}},"service":{"name":"card-authorization-service","node":{}},"message":"Found @SpringBootConfiguration pl.fairydeck.authorization.CardAuthorizationApplication for test class pl.fairydeck.authorization.acceptance.AcceptanceContext","tags":["COMMONS-LOGGING"],"ecs":{"version":"8.11"}}
{"@timestamp":"2026-09-08T07:46:04.512699329Z","log":{"level":"INFO","logger":"org.springframework.test.context.support.AnnotationConfigContextLoaderUtils"},"process":{"pid":487503,"thread":{"name":"Test worker"}},"service":{"name":"card-authorization-service","node":{}},"message":"Could not detect default configuration classes for test class [pl.fairydeck.authorization.acceptance.AcceptanceContext]: AcceptanceContext does not declare any static, non-private, non-final, nested classes annotated with @Configuration.","tags":["COMMONS-LOGGING"],"ecs":{"version":"8.11"}}
{"@timestamp":"2026-09-08T07:46:04.515764333Z","log":{"level":"INFO","logger":"org.springframework.boot.test.context.SpringBootTestContextBootstrapper"},"process":{"pid":487503,"thread":{"name":"Test worker"}},"service":{"name":"card-authorization-service","node":{}},"message":"Found @SpringBootConfiguration pl.fairydeck.authorization.CardAuthorizationApplication for test class pl.fairydeck.authorization.acceptance.AcceptanceContext","tags":["COMMONS-LOGGING"],"ecs":{"version":"8.11"}}

?[1mScenario:?[22m A purchase exceeding the available balance is declined  ?[90m# classpath:pl/fairydeck/authorization/acceptance/card_authorization.feature:15?[39m
  ?[32m✔?[39m ?[32m?[1mGiven ?[22mthe risk engine scores every purchase as low risk?[39m       ?[90m# pl.fairydeck.authorization.acceptance.CardAuthorizationSteps.theRiskEngineScoresEveryPurchaseAsLowRisk()?[39m
{"@timestamp":"2026-09-08T07:46:04.526843215Z","log":{"level":"INFO","logger":"pl.fairydeck.authorization.technical.logbook.RequestLoggingFilter"},"process":{"pid":487503,"thread":{"name":"http-nio-auto-1-exec-7"}},"service":{"name":"card-authorization-service","node":{}},"message":"POST /v1/cards responded 201 in 2 ms","correlationId":"85a9e94c-df45-429c-8a38-fa4fe78bbf91","ecs":{"version":"8.11"}}
  ?[32m✔?[39m ?[32m?[1mGiven ?[22ma card with a credit limit of ?[1m100.00?[22m ?[1mGBP?[22m?[39m                ?[90m# pl.fairydeck.authorization.acceptance.CardAuthorizationSteps.aCardWithACreditLimitOf(java.math.BigDecimal,java.lang.String)?[39m
{"@timestamp":"2026-09-08T07:46:04.541617882Z","log":{"level":"INFO","logger":"pl.fairydeck.authorization.technical.logbook.RequestLoggingFilter"},"process":{"pid":487503,"thread":{"name":"http-nio-auto-1-exec-8"}},"service":{"name":"card-authorization-service","node":{}},"message":"POST /v1/authorizations responded 201 in 10 ms","correlationId":"14d398db-ed29-4bb8-88e8-95a64cb2beb7","ecs":{"version":"8.11"}}
  ?[32m✔?[39m ?[32m?[1mWhen ?[22ma purchase of ?[1m100.01?[22m ?[1mGBP?[22m is made at ?[1m"Coffee Corner"?[22m?[39m      ?[90m# pl.fairydeck.authorization.acceptance.CardAuthorizationSteps.aPurchaseIsMadeAt(java.math.BigDecimal,java.lang.String,java.lang.String)?[39m
  ?[32m✔?[39m ?[32m?[1mThen ?[22mthe purchase is declined because of ?[1m"INSUFFICIENT_FUNDS"?[22m?[39m ?[90m# pl.fairydeck.authorization.acceptance.CardAuthorizationSteps.thePurchaseIsDeclinedBecauseOf(java.lang.String)?[39m
{"@timestamp":"2026-09-08T07:46:04.547300431Z","log":{"level":"INFO","logger":"pl.fairydeck.authorization.technical.logbook.RequestLoggingFilter"},"process":{"pid":487503,"thread":{"name":"http-nio-auto-1-exec-9"}},"service":{"name":"card-authorization-service","node":{}},"message":"GET /v1/cards/17d51186-d020-43d3-8173-bd543ac1d2ce/balance responded 200 in 2 ms","correlationId":"727576eb-874d-44f7-bb94-9d77f7aea908","ecs":{"version":"8.11"}}
{"@timestamp":"2026-09-08T07:46:04.552350264Z","log":{"level":"INFO","logger":"pl.fairydeck.authorization.technical.logbook.RequestLoggingFilter"},"process":{"pid":487503,"thread":{"name":"http-nio-auto-1-exec-10"}},"service":{"name":"card-authorization-service","node":{}},"message":"GET /v1/cards/17d51186-d020-43d3-8173-bd543ac1d2ce/balance responded 200 in 2 ms","correlationId":"155c0f26-2bf7-461d-9363-f35fdf26a385","ecs":{"version":"8.11"}}
  ?[32m✔?[39m ?[32m?[1mAnd ?[22mthe available balance is ?[1m100.00?[22m ?[1mGBP?[22m?[39m                       ?[90m# pl.fairydeck.authorization.acceptance.CardAuthorizationSteps.theAvailableBalanceIs(java.math.BigDecimal,java.lang.String)?[39m
{"@timestamp":"2026-09-08T07:46:04.555845875Z","log":{"level":"INFO","logger":"org.springframework.test.context.support.AnnotationConfigContextLoaderUtils"},"process":{"pid":487503,"thread":{"name":"Test worker"}},"service":{"name":"card-authorization-service","node":{}},"message":"Could not detect default configuration classes for test class [pl.fairydeck.authorization.acceptance.AcceptanceContext]: AcceptanceContext does not declare any static, non-private, non-final, nested classes annotated with @Configuration.","tags":["COMMONS-LOGGING"],"ecs":{"version":"8.11"}}
{"@timestamp":"2026-09-08T07:46:04.558726834Z","log":{"level":"INFO","logger":"org.springframework.boot.test.context.SpringBootTestContextBootstrapper"},"process":{"pid":487503,"thread":{"name":"Test worker"}},"service":{"name":"card-authorization-service","node":{}},"message":"Found @SpringBootConfiguration pl.fairydeck.authorization.CardAuthorizationApplication for test class pl.fairydeck.authorization.acceptance.AcceptanceContext","tags":["COMMONS-LOGGING"],"ecs":{"version":"8.11"}}
{"@timestamp":"2026-09-08T07:46:04.559537734Z","log":{"level":"INFO","logger":"org.springframework.test.context.support.AnnotationConfigContextLoaderUtils"},"process":{"pid":487503,"thread":{"name":"Test worker"}},"service":{"name":"card-authorization-service","node":{}},"message":"Could not detect default configuration classes for test class [pl.fairydeck.authorization.acceptance.AcceptanceContext]: AcceptanceContext does not declare any static, non-private, non-final, nested classes annotated with @Configuration.","tags":["COMMONS-LOGGING"],"ecs":{"version":"8.11"}}
{"@timestamp":"2026-09-08T07:46:04.562777255Z","log":{"level":"INFO","logger":"org.springframework.boot.test.context.SpringBootTestContextBootstrapper"},"process":{"pid":487503,"thread":{"name":"Test worker"}},"service":{"name":"card-authorization-service","node":{}},"message":"Found @SpringBootConfiguration pl.fairydeck.authorization.CardAuthorizationApplication for test class pl.fairydeck.authorization.acceptance.AcceptanceContext","tags":["COMMONS-LOGGING"],"ecs":{"version":"8.11"}}

?[1mScenario:?[22m A purchase on a blocked card is declined             ?[90m# classpath:pl/fairydeck/authorization/acceptance/card_authorization.feature:21?[39m
  ?[32m✔?[39m ?[32m?[1mGiven ?[22mthe risk engine scores every purchase as low risk?[39m    ?[90m# pl.fairydeck.authorization.acceptance.CardAuthorizationSteps.theRiskEngineScoresEveryPurchaseAsLowRisk()?[39m
  ?[32m✔?[39m ?[32m?[1mGiven ?[22ma blocked card with a credit limit of ?[1m100.00?[22m ?[1mGBP?[22m?[39m     ?[90m# pl.fairydeck.authorization.acceptance.CardAuthorizationSteps.aBlockedCardWithACreditLimitOf(java.math.BigDecimal,java.lang.String)?[39m
{"@timestamp":"2026-09-08T07:46:04.586130058Z","log":{"level":"INFO","logger":"pl.fairydeck.authorization.technical.logbook.RequestLoggingFilter"},"process":{"pid":487503,"thread":{"name":"http-nio-auto-1-exec-1"}},"service":{"name":"card-authorization-service","node":{}},"message":"POST /v1/authorizations responded 201 in 13 ms","correlationId":"59e7f5d0-5ceb-4e64-bdf6-b9146c307f03","ecs":{"version":"8.11"}}
  ?[32m✔?[39m ?[32m?[1mWhen ?[22ma purchase of ?[1m1.00?[22m ?[1mGBP?[22m is made at ?[1m"Coffee Corner"?[22m?[39m     ?[90m# pl.fairydeck.authorization.acceptance.CardAuthorizationSteps.aPurchaseIsMadeAt(java.math.BigDecimal,java.lang.String,java.lang.String)?[39m
  ?[32m✔?[39m ?[32m?[1mThen ?[22mthe purchase is declined because of ?[1m"CARD_NOT_ACTIVE"?[22m?[39m ?[90m# pl.fairydeck.authorization.acceptance.CardAuthorizationSteps.thePurchaseIsDeclinedBecauseOf(java.lang.String)?[39m
{"@timestamp":"2026-09-08T07:46:04.590831969Z","log":{"level":"INFO","logger":"org.springframework.test.context.support.AnnotationConfigContextLoaderUtils"},"process":{"pid":487503,"thread":{"name":"Test worker"}},"service":{"name":"card-authorization-service","node":{}},"message":"Could not detect default configuration classes for test class [pl.fairydeck.authorization.acceptance.AcceptanceContext]: AcceptanceContext does not declare any static, non-private, non-final, nested classes annotated with @Configuration.","tags":["COMMONS-LOGGING"],"ecs":{"version":"8.11"}}
{"@timestamp":"2026-09-08T07:46:04.594020735Z","log":{"level":"INFO","logger":"org.springframework.boot.test.context.SpringBootTestContextBootstrapper"},"process":{"pid":487503,"thread":{"name":"Test worker"}},"service":{"name":"card-authorization-service","node":{}},"message":"Found @SpringBootConfiguration pl.fairydeck.authorization.CardAuthorizationApplication for test class pl.fairydeck.authorization.acceptance.AcceptanceContext","tags":["COMMONS-LOGGING"],"ecs":{"version":"8.11"}}
{"@timestamp":"2026-09-08T07:46:04.594833077Z","log":{"level":"INFO","logger":"org.springframework.test.context.support.AnnotationConfigContextLoaderUtils"},"process":{"pid":487503,"thread":{"name":"Test worker"}},"service":{"name":"card-authorization-service","node":{}},"message":"Could not detect default configuration classes for test class [pl.fairydeck.authorization.acceptance.AcceptanceContext]: AcceptanceContext does not declare any static, non-private, non-final, nested classes annotated with @Configuration.","tags":["COMMONS-LOGGING"],"ecs":{"version":"8.11"}}
{"@timestamp":"2026-09-08T07:46:04.597446374Z","log":{"level":"INFO","logger":"org.springframework.boot.test.context.SpringBootTestContextBootstrapper"},"process":{"pid":487503,"thread":{"name":"Test worker"}},"service":{"name":"card-authorization-service","node":{}},"message":"Found @SpringBootConfiguration pl.fairydeck.authorization.CardAuthorizationApplication for test class pl.fairydeck.authorization.acceptance.AcceptanceContext","tags":["COMMONS-LOGGING"],"ecs":{"version":"8.11"}}

?[1mScenario:?[22m A retried purchase with the same idempotency key is not authorized twice ?[90m# classpath:pl/fairydeck/authorization/acceptance/card_authorization.feature:26?[39m
  ?[32m✔?[39m ?[32m?[1mGiven ?[22mthe risk engine scores every purchase as low risk?[39m                        ?[90m# pl.fairydeck.authorization.acceptance.CardAuthorizationSteps.theRiskEngineScoresEveryPurchaseAsLowRisk()?[39m
{"@timestamp":"2026-09-08T07:46:04.607072053Z","log":{"level":"INFO","logger":"pl.fairydeck.authorization.technical.logbook.RequestLoggingFilter"},"process":{"pid":487503,"thread":{"name":"http-nio-auto-1-exec-2"}},"service":{"name":"card-authorization-service","node":{}},"message":"POST /v1/cards responded 201 in 2 ms","correlationId":"c46a56a3-349b-4430-b570-64131177dbb7","ecs":{"version":"8.11"}}
  ?[32m✔?[39m ?[32m?[1mGiven ?[22ma card with a credit limit of ?[1m100.00?[22m ?[1mGBP?[22m?[39m                                 ?[90m# pl.fairydeck.authorization.acceptance.CardAuthorizationSteps.aCardWithACreditLimitOf(java.math.BigDecimal,java.lang.String)?[39m
{"@timestamp":"2026-09-08T07:46:04.621176635Z","log":{"level":"INFO","logger":"pl.fairydeck.authorization.technical.logbook.RequestLoggingFilter"},"process":{"pid":487503,"thread":{"name":"http-nio-auto-1-exec-3"}},"service":{"name":"card-authorization-service","node":{}},"message":"POST /v1/authorizations responded 201 in 10 ms","correlationId":"6a9e2c59-6dd4-4625-a9e8-e0544a7037f7","ecs":{"version":"8.11"}}
  ?[32m✔?[39m ?[32m?[1mWhen ?[22ma purchase of ?[1m30.00?[22m ?[1mGBP?[22m is made with idempotency key ?[1m"retry-once"?[22m?[39m         ?[90m# pl.fairydeck.authorization.acceptance.CardAuthorizationSteps.aPurchaseIsMadeWithIdempotencyKey(java.math.BigDecimal,java.lang.String,java.lang.String)?[39m
{"@timestamp":"2026-09-08T07:46:04.628141857Z","log":{"level":"INFO","logger":"pl.fairydeck.authorization.technical.logbook.RequestLoggingFilter"},"process":{"pid":487503,"thread":{"name":"http-nio-auto-1-exec-4"}},"service":{"name":"card-authorization-service","node":{}},"message":"POST /v1/authorizations responded 201 in 3 ms","correlationId":"0f67a3c3-00e5-4a3a-8913-b1c2d6b4146d","ecs":{"version":"8.11"}}
  ?[32m✔?[39m ?[32m?[1mAnd ?[22mthe same purchase is retried with idempotency key ?[1m"retry-once"?[22m?[39m             ?[90m# pl.fairydeck.authorization.acceptance.CardAuthorizationSteps.theSamePurchaseIsRetriedWithIdempotencyKey(java.lang.String)?[39m
  ?[32m✔?[39m ?[32m?[1mThen ?[22mboth answers refer to the same authorization?[39m                              ?[90m# pl.fairydeck.authorization.acceptance.CardAuthorizationSteps.bothAnswersReferToTheSameAuthorization()?[39m
{"@timestamp":"2026-09-08T07:46:04.638437251Z","log":{"level":"INFO","logger":"pl.fairydeck.authorization.technical.logbook.RequestLoggingFilter"},"process":{"pid":487503,"thread":{"name":"http-nio-auto-1-exec-5"}},"service":{"name":"card-authorization-service","node":{}},"message":"GET /v1/cards/657d678d-bb8e-4c9b-b210-7a0d3df0dd8b/balance responded 200 in 2 ms","correlationId":"0a620d91-7487-4ea3-9eb9-68ee7d902d5d","ecs":{"version":"8.11"}}
{"@timestamp":"2026-09-08T07:46:04.643802876Z","log":{"level":"INFO","logger":"pl.fairydeck.authorization.technical.logbook.RequestLoggingFilter"},"process":{"pid":487503,"thread":{"name":"http-nio-auto-1-exec-6"}},"service":{"name":"card-authorization-service","node":{}},"message":"GET /v1/cards/657d678d-bb8e-4c9b-b210-7a0d3df0dd8b/balance responded 200 in 2 ms","correlationId":"b729a67d-f55b-4f08-8040-39a1d7d6b880","ecs":{"version":"8.11"}}
  ?[32m✔?[39m ?[32m?[1mAnd ?[22mthe available balance is ?[1m70.00?[22m ?[1mGBP?[22m?[39m                                         ?[90m# pl.fairydeck.authorization.acceptance.CardAuthorizationSteps.theAvailableBalanceIs(java.math.BigDecimal,java.lang.String)?[39m
{"@timestamp":"2026-09-08T07:46:04.647456202Z","log":{"level":"INFO","logger":"org.springframework.test.context.support.AnnotationConfigContextLoaderUtils"},"process":{"pid":487503,"thread":{"name":"Test worker"}},"service":{"name":"card-authorization-service","node":{}},"message":"Could not detect default configuration classes for test class [pl.fairydeck.authorization.acceptance.AcceptanceContext]: AcceptanceContext does not declare any static, non-private, non-final, nested classes annotated with @Configuration.","tags":["COMMONS-LOGGING"],"ecs":{"version":"8.11"}}
{"@timestamp":"2026-09-08T07:46:04.650410699Z","log":{"level":"INFO","logger":"org.springframework.boot.test.context.SpringBootTestContextBootstrapper"},"process":{"pid":487503,"thread":{"name":"Test worker"}},"service":{"name":"card-authorization-service","node":{}},"message":"Found @SpringBootConfiguration pl.fairydeck.authorization.CardAuthorizationApplication for test class pl.fairydeck.authorization.acceptance.AcceptanceContext","tags":["COMMONS-LOGGING"],"ecs":{"version":"8.11"}}
{"@timestamp":"2026-09-08T07:46:04.651365999Z","log":{"level":"INFO","logger":"org.springframework.test.context.support.AnnotationConfigContextLoaderUtils"},"process":{"pid":487503,"thread":{"name":"Test worker"}},"service":{"name":"card-authorization-service","node":{}},"message":"Could not detect default configuration classes for test class [pl.fairydeck.authorization.acceptance.AcceptanceContext]: AcceptanceContext does not declare any static, non-private, non-final, nested classes annotated with @Configuration.","tags":["COMMONS-LOGGING"],"ecs":{"version":"8.11"}}
{"@timestamp":"2026-09-08T07:46:04.654124098Z","log":{"level":"INFO","logger":"org.springframework.boot.test.context.SpringBootTestContextBootstrapper"},"process":{"pid":487503,"thread":{"name":"Test worker"}},"service":{"name":"card-authorization-service","node":{}},"message":"Found @SpringBootConfiguration pl.fairydeck.authorization.CardAuthorizationApplication for test class pl.fairydeck.authorization.acceptance.AcceptanceContext","tags":["COMMONS-LOGGING"],"ecs":{"version":"8.11"}}

?[1mScenario:?[22m Concurrent purchases cannot overdraw the available balance ?[90m# classpath:pl/fairydeck/authorization/acceptance/card_authorization.feature:33?[39m
  ?[32m✔?[39m ?[32m?[1mGiven ?[22mthe risk engine scores every purchase as low risk?[39m          ?[90m# pl.fairydeck.authorization.acceptance.CardAuthorizationSteps.theRiskEngineScoresEveryPurchaseAsLowRisk()?[39m
{"@timestamp":"2026-09-08T07:46:04.663505959Z","log":{"level":"INFO","logger":"pl.fairydeck.authorization.technical.logbook.RequestLoggingFilter"},"process":{"pid":487503,"thread":{"name":"http-nio-auto-1-exec-7"}},"service":{"name":"card-authorization-service","node":{}},"message":"POST /v1/cards responded 201 in 2 ms","correlationId":"abef9104-4719-4a79-9863-eb7db4a20f42","ecs":{"version":"8.11"}}
  ?[32m✔?[39m ?[32m?[1mGiven ?[22ma card with a credit limit of ?[1m100.00?[22m ?[1mGBP?[22m?[39m                   ?[90m# pl.fairydeck.authorization.acceptance.CardAuthorizationSteps.aCardWithACreditLimitOf(java.math.BigDecimal,java.lang.String)?[39m
{"@timestamp":"2026-09-08T07:46:04.686219835Z","log":{"level":"INFO","logger":"pl.fairydeck.authorization.technical.logbook.RequestLoggingFilter"},"process":{"pid":487503,"thread":{"name":"http-nio-auto-1-exec-2"}},"service":{"name":"card-authorization-service","node":{}},"message":"POST /v1/authorizations responded 201 in 11 ms","correlationId":"cd3d967e-70ed-4f82-9662-9475404045ce","ecs":{"version":"8.11"}}
{"@timestamp":"2026-09-08T07:46:04.696393039Z","log":{"level":"INFO","logger":"pl.fairydeck.authorization.technical.logbook.RequestLoggingFilter"},"process":{"pid":487503,"thread":{"name":"http-nio-auto-1-exec-1"}},"service":{"name":"card-authorization-service","node":{}},"message":"POST /v1/authorizations responded 201 in 22 ms","correlationId":"d01ee0ec-437b-4ab2-9aa7-6cc330b4c9e0","ecs":{"version":"8.11"}}
{"@timestamp":"2026-09-08T07:46:04.706044867Z","log":{"level":"INFO","logger":"pl.fairydeck.authorization.technical.logbook.RequestLoggingFilter"},"process":{"pid":487503,"thread":{"name":"http-nio-auto-1-exec-10"}},"service":{"name":"card-authorization-service","node":{}},"message":"POST /v1/authorizations responded 201 in 32 ms","correlationId":"c9d7d71b-2ca7-4c62-9023-dd14ee02deb2","ecs":{"version":"8.11"}}
{"@timestamp":"2026-09-08T07:46:04.716701347Z","log":{"level":"INFO","logger":"pl.fairydeck.authorization.technical.logbook.RequestLoggingFilter"},"process":{"pid":487503,"thread":{"name":"http-nio-auto-1-exec-9"}},"service":{"name":"card-authorization-service","node":{}},"message":"POST /v1/authorizations responded 201 in 43 ms","correlationId":"36c91a10-7932-4bbc-83a9-80ce72653cea","ecs":{"version":"8.11"}}
{"@timestamp":"2026-09-08T07:46:04.726429317Z","log":{"level":"INFO","logger":"pl.fairydeck.authorization.technical.logbook.RequestLoggingFilter"},"process":{"pid":487503,"thread":{"name":"http-nio-auto-1-exec-8"}},"service":{"name":"card-authorization-service","node":{}},"message":"POST /v1/authorizations responded 201 in 53 ms","correlationId":"26ce8846-3834-4190-8054-6e22982c970c","ecs":{"version":"8.11"}}
{"@timestamp":"2026-09-08T07:46:04.728335720Z","log":{"level":"INFO","logger":"pl.fairydeck.authorization.technical.logbook.RequestLoggingFilter"},"process":{"pid":487503,"thread":{"name":"http-nio-auto-1-exec-3"}},"service":{"name":"card-authorization-service","node":{}},"message":"POST /v1/authorizations responded 201 in 39 ms","correlationId":"84f6a571-6793-4be6-bc4f-3485713c96fb","ecs":{"version":"8.11"}}
{"@timestamp":"2026-09-08T07:46:04.730861232Z","log":{"level":"INFO","logger":"pl.fairydeck.authorization.technical.logbook.RequestLoggingFilter"},"process":{"pid":487503,"thread":{"name":"http-nio-auto-1-exec-4"}},"service":{"name":"card-authorization-service","node":{}},"message":"POST /v1/authorizations responded 201 in 33 ms","correlationId":"7f0b8c4b-4e1d-4558-9169-faf27c0403ed","ecs":{"version":"8.11"}}
{"@timestamp":"2026-09-08T07:46:04.734227641Z","log":{"level":"INFO","logger":"pl.fairydeck.authorization.technical.logbook.RequestLoggingFilter"},"process":{"pid":487503,"thread":{"name":"http-nio-auto-1-exec-5"}},"service":{"name":"card-authorization-service","node":{}},"message":"POST /v1/authorizations responded 201 in 26 ms","correlationId":"2ce8f54a-44c9-4b2a-8959-836eeb23b40d","ecs":{"version":"8.11"}}
{"@timestamp":"2026-09-08T07:46:04.737291533Z","log":{"level":"INFO","logger":"pl.fairydeck.authorization.technical.logbook.RequestLoggingFilter"},"process":{"pid":487503,"thread":{"name":"http-nio-auto-1-exec-6"}},"service":{"name":"card-authorization-service","node":{}},"message":"POST /v1/authorizations responded 201 in 19 ms","correlationId":"d1afa8a7-7d5b-4610-bc02-1d73ea97d6bc","ecs":{"version":"8.11"}}
{"@timestamp":"2026-09-08T07:46:04.739702150Z","log":{"level":"INFO","logger":"pl.fairydeck.authorization.technical.logbook.RequestLoggingFilter"},"process":{"pid":487503,"thread":{"name":"http-nio-auto-1-exec-7"}},"service":{"name":"card-authorization-service","node":{}},"message":"POST /v1/authorizations responded 201 in 12 ms","correlationId":"ac197f71-ae1f-414c-a0a3-f5e392485676","ecs":{"version":"8.11"}}
{"@timestamp":"2026-09-08T07:46:04.742025544Z","log":{"level":"INFO","logger":"pl.fairydeck.authorization.technical.logbook.RequestLoggingFilter"},"process":{"pid":487503,"thread":{"name":"http-nio-auto-1-exec-2"}},"service":{"name":"card-authorization-service","node":{}},"message":"POST /v1/authorizations responded 201 in 12 ms","correlationId":"8050f523-6d26-4d84-8d55-3e407113e309","ecs":{"version":"8.11"}}
{"@timestamp":"2026-09-08T07:46:04.744468502Z","log":{"level":"INFO","logger":"pl.fairydeck.authorization.technical.logbook.RequestLoggingFilter"},"process":{"pid":487503,"thread":{"name":"http-nio-auto-1-exec-1"}},"service":{"name":"card-authorization-service","node":{}},"message":"POST /v1/authorizations responded 201 in 12 ms","correlationId":"5077949a-abcf-4b80-87a7-ff8d8c4a98f8","ecs":{"version":"8.11"}}
{"@timestamp":"2026-09-08T07:46:04.749429569Z","log":{"level":"INFO","logger":"pl.fairydeck.authorization.technical.logbook.RequestLoggingFilter"},"process":{"pid":487503,"thread":{"name":"http-nio-auto-1-exec-10"}},"service":{"name":"card-authorization-service","node":{}},"message":"POST /v1/authorizations responded 201 in 14 ms","correlationId":"8492a974-6d20-41ad-9f45-f6cc0f99f37f","ecs":{"version":"8.11"}}
{"@timestamp":"2026-09-08T07:46:04.751853652Z","log":{"level":"INFO","logger":"pl.fairydeck.authorization.technical.logbook.RequestLoggingFilter"},"process":{"pid":487503,"thread":{"name":"http-nio-auto-1-exec-9"}},"service":{"name":"card-authorization-service","node":{}},"message":"POST /v1/authorizations responded 201 in 13 ms","correlationId":"7cf5727b-1456-4c88-9bf7-1f538a5aee98","ecs":{"version":"8.11"}}
{"@timestamp":"2026-09-08T07:46:04.753718988Z","log":{"level":"INFO","logger":"pl.fairydeck.authorization.technical.logbook.RequestLoggingFilter"},"process":{"pid":487503,"thread":{"name":"http-nio-auto-1-exec-8"}},"service":{"name":"card-authorization-service","node":{}},"message":"POST /v1/authorizations responded 201 in 12 ms","correlationId":"a5ecca44-d3a9-4398-812e-5dbfb44005ec","ecs":{"version":"8.11"}}
{"@timestamp":"2026-09-08T07:46:04.755607968Z","log":{"level":"INFO","logger":"pl.fairydeck.authorization.technical.logbook.RequestLoggingFilter"},"process":{"pid":487503,"thread":{"name":"http-nio-auto-1-exec-3"}},"service":{"name":"card-authorization-service","node":{}},"message":"POST /v1/authorizations responded 201 in 12 ms","correlationId":"57066882-430f-4828-9bb3-12696e15d551","ecs":{"version":"8.11"}}
  ?[32m✔?[39m ?[32m?[1mWhen ?[22m?[1m16?[22m purchases of ?[1m10.00?[22m ?[1mGBP?[22m are made at the same time?[39m         ?[90m# pl.fairydeck.authorization.acceptance.CardAuthorizationSteps.purchasesAreMadeAtTheSameTime(int,java.math.BigDecimal,java.lang.String)?[39m
  ?[32m✔?[39m ?[32m?[1mThen ?[22mexactly ?[1m10?[22m of them are approved?[39m                             ?[90m# pl.fairydeck.authorization.acceptance.CardAuthorizationSteps.exactlyOfThemAreApproved(int)?[39m
{"@timestamp":"2026-09-08T07:46:04.761162326Z","log":{"level":"INFO","logger":"pl.fairydeck.authorization.technical.logbook.RequestLoggingFilter"},"process":{"pid":487503,"thread":{"name":"http-nio-auto-1-exec-7"}},"service":{"name":"card-authorization-service","node":{}},"message":"GET /v1/cards/c86ec0cb-04fd-40fb-9217-ab35f114bfb7/balance responded 200 in 2 ms","correlationId":"9b36ccc5-00d6-4845-b572-6923a70f13a0","ecs":{"version":"8.11"}}
{"@timestamp":"2026-09-08T07:46:04.765827368Z","log":{"level":"INFO","logger":"pl.fairydeck.authorization.technical.logbook.RequestLoggingFilter"},"process":{"pid":487503,"thread":{"name":"http-nio-auto-1-exec-2"}},"service":{"name":"card-authorization-service","node":{}},"message":"GET /v1/cards/c86ec0cb-04fd-40fb-9217-ab35f114bfb7/balance responded 200 in 2 ms","correlationId":"d6728c3c-a0f5-47cd-846a-21cfd1f9b829","ecs":{"version":"8.11"}}
  ?[32m✔?[39m ?[32m?[1mAnd ?[22mthe available balance is ?[1m0.00?[22m ?[1mGBP?[22m?[39m                            ?[90m# pl.fairydeck.authorization.acceptance.CardAuthorizationSteps.theAvailableBalanceIs(java.math.BigDecimal,java.lang.String)?[39m
{"@timestamp":"2026-09-08T07:46:04.768875982Z","log":{"level":"INFO","logger":"org.springframework.test.context.support.AnnotationConfigContextLoaderUtils"},"process":{"pid":487503,"thread":{"name":"Test worker"}},"service":{"name":"card-authorization-service","node":{}},"message":"Could not detect default configuration classes for test class [pl.fairydeck.authorization.acceptance.AcceptanceContext]: AcceptanceContext does not declare any static, non-private, non-final, nested classes annotated with @Configuration.","tags":["COMMONS-LOGGING"],"ecs":{"version":"8.11"}}
{"@timestamp":"2026-09-08T07:46:04.771194306Z","log":{"level":"INFO","logger":"org.springframework.boot.test.context.SpringBootTestContextBootstrapper"},"process":{"pid":487503,"thread":{"name":"Test worker"}},"service":{"name":"card-authorization-service","node":{}},"message":"Found @SpringBootConfiguration pl.fairydeck.authorization.CardAuthorizationApplication for test class pl.fairydeck.authorization.acceptance.AcceptanceContext","tags":["COMMONS-LOGGING"],"ecs":{"version":"8.11"}}
{"@timestamp":"2026-09-08T07:46:04.771928232Z","log":{"level":"INFO","logger":"org.springframework.test.context.support.AnnotationConfigContextLoaderUtils"},"process":{"pid":487503,"thread":{"name":"Test worker"}},"service":{"name":"card-authorization-service","node":{}},"message":"Could not detect default configuration classes for test class [pl.fairydeck.authorization.acceptance.AcceptanceContext]: AcceptanceContext does not declare any static, non-private, non-final, nested classes annotated with @Configuration.","tags":["COMMONS-LOGGING"],"ecs":{"version":"8.11"}}
{"@timestamp":"2026-09-08T07:46:04.774221609Z","log":{"level":"INFO","logger":"org.springframework.boot.test.context.SpringBootTestContextBootstrapper"},"process":{"pid":487503,"thread":{"name":"Test worker"}},"service":{"name":"card-authorization-service","node":{}},"message":"Found @SpringBootConfiguration pl.fairydeck.authorization.CardAuthorizationApplication for test class pl.fairydeck.authorization.acceptance.AcceptanceContext","tags":["COMMONS-LOGGING"],"ecs":{"version":"8.11"}}

?[1mScenario:?[22m When the risk service times out, the purchase is declined ?[90m# classpath:pl/fairydeck/authorization/acceptance/card_authorization.feature:39?[39m
  ?[32m✔?[39m ?[32m?[1mGiven ?[22mthe risk engine scores every purchase as low risk?[39m         ?[90m# pl.fairydeck.authorization.acceptance.CardAuthorizationSteps.theRiskEngineScoresEveryPurchaseAsLowRisk()?[39m
{"@timestamp":"2026-09-08T07:46:04.782166448Z","log":{"level":"INFO","logger":"pl.fairydeck.authorization.technical.logbook.RequestLoggingFilter"},"process":{"pid":487503,"thread":{"name":"http-nio-auto-1-exec-1"}},"service":{"name":"card-authorization-service","node":{}},"message":"POST /v1/cards responded 201 in 2 ms","correlationId":"a1e57966-f1f3-43e5-afbb-db56e4810243","ecs":{"version":"8.11"}}
  ?[32m✔?[39m ?[32m?[1mGiven ?[22ma card with a credit limit of ?[1m100.00?[22m ?[1mGBP?[22m?[39m                  ?[90m# pl.fairydeck.authorization.acceptance.CardAuthorizationSteps.aCardWithACreditLimitOf(java.math.BigDecimal,java.lang.String)?[39m
  ?[32m✔?[39m ?[32m?[1mBut ?[22mthe risk engine does not answer in time?[39m                     ?[90m# pl.fairydeck.authorization.acceptance.CardAuthorizationSteps.theRiskEngineDoesNotAnswerInTime()?[39m
{"@timestamp":"2026-09-08T07:46:04.940655946Z","log":{"level":"WARN","logger":"pl.fairydeck.authorization.adapter.out.risk.HttpRiskScorer"},"process":{"pid":487503,"thread":{"name":"http-nio-auto-1-exec-4"}},"service":{"name":"card-authorization-service","node":{}},"message":"Risk scoring unavailable for card abbfb682-f393-41e4-9d3b-ca7f9780fff6: I/O error on POST request for \"http://localhost:45513/v1/scores\": Read timed out","correlationId":"e48e0b0f-f764-4ade-ac9e-43fd8ea8eb0e","ecs":{"version":"8.11"}}
{"@timestamp":"2026-09-08T07:46:04.944293503Z","log":{"level":"INFO","logger":"pl.fairydeck.authorization.technical.logbook.RequestLoggingFilter"},"process":{"pid":487503,"thread":{"name":"http-nio-auto-1-exec-4"}},"service":{"name":"card-authorization-service","node":{}},"message":"POST /v1/authorizations responded 201 in 158 ms","correlationId":"e48e0b0f-f764-4ade-ac9e-43fd8ea8eb0e","ecs":{"version":"8.11"}}
  ?[32m✔?[39m ?[32m?[1mWhen ?[22ma purchase of ?[1m30.00?[22m ?[1mGBP?[22m is made at ?[1m"Coffee Corner"?[22m?[39m         ?[90m# pl.fairydeck.authorization.acceptance.CardAuthorizationSteps.aPurchaseIsMadeAt(java.math.BigDecimal,java.lang.String,java.lang.String)?[39m
  ?[32m✔?[39m ?[32m?[1mThen ?[22mthe purchase is declined because of ?[1m"RISK_UNAVAILABLE"?[22m?[39m     ?[90m# pl.fairydeck.authorization.acceptance.CardAuthorizationSteps.thePurchaseIsDeclinedBecauseOf(java.lang.String)?[39m
  ?[32m✔?[39m ?[32m?[1mAnd ?[22mthe decision took less than ?[1m1000?[22m ms?[39m                         ?[90m# pl.fairydeck.authorization.acceptance.CardAuthorizationSteps.theDecisionTookLessThan(int)?[39m
{"@timestamp":"2026-09-08T07:46:04.950420374Z","log":{"level":"INFO","logger":"pl.fairydeck.authorization.technical.logbook.RequestLoggingFilter"},"process":{"pid":487503,"thread":{"name":"http-nio-auto-1-exec-5"}},"service":{"name":"card-authorization-service","node":{}},"message":"GET /v1/cards/abbfb682-f393-41e4-9d3b-ca7f9780fff6/balance responded 200 in 2 ms","correlationId":"3e0da118-37eb-4325-8b95-0e901e55d35a","ecs":{"version":"8.11"}}
{"@timestamp":"2026-09-08T07:46:04.954832663Z","log":{"level":"INFO","logger":"pl.fairydeck.authorization.technical.logbook.RequestLoggingFilter"},"process":{"pid":487503,"thread":{"name":"http-nio-auto-1-exec-6"}},"service":{"name":"card-authorization-service","node":{}},"message":"GET /v1/cards/abbfb682-f393-41e4-9d3b-ca7f9780fff6/balance responded 200 in 2 ms","correlationId":"8e682892-fa95-4712-95ef-67570782e8be","ecs":{"version":"8.11"}}
  ?[32m✔?[39m ?[32m?[1mAnd ?[22mthe available balance is ?[1m100.00?[22m ?[1mGBP?[22m?[39m                         ?[90m# pl.fairydeck.authorization.acceptance.CardAuthorizationSteps.theAvailableBalanceIs(java.math.BigDecimal,java.lang.String)?[39m
{"@timestamp":"2026-09-08T07:46:04.957730884Z","log":{"level":"INFO","logger":"org.springframework.test.context.support.AnnotationConfigContextLoaderUtils"},"process":{"pid":487503,"thread":{"name":"Test worker"}},"service":{"name":"card-authorization-service","node":{}},"message":"Could not detect default configuration classes for test class [pl.fairydeck.authorization.acceptance.AcceptanceContext]: AcceptanceContext does not declare any static, non-private, non-final, nested classes annotated with @Configuration.","tags":["COMMONS-LOGGING"],"ecs":{"version":"8.11"}}
{"@timestamp":"2026-09-08T07:46:04.960097629Z","log":{"level":"INFO","logger":"org.springframework.boot.test.context.SpringBootTestContextBootstrapper"},"process":{"pid":487503,"thread":{"name":"Test worker"}},"service":{"name":"card-authorization-service","node":{}},"message":"Found @SpringBootConfiguration pl.fairydeck.authorization.CardAuthorizationApplication for test class pl.fairydeck.authorization.acceptance.AcceptanceContext","tags":["COMMONS-LOGGING"],"ecs":{"version":"8.11"}}
{"@timestamp":"2026-09-08T07:46:04.960663460Z","log":{"level":"INFO","logger":"org.springframework.test.context.support.AnnotationConfigContextLoaderUtils"},"process":{"pid":487503,"thread":{"name":"Test worker"}},"service":{"name":"card-authorization-service","node":{}},"message":"Could not detect default configuration classes for test class [pl.fairydeck.authorization.acceptance.AcceptanceContext]: AcceptanceContext does not declare any static, non-private, non-final, nested classes annotated with @Configuration.","tags":["COMMONS-LOGGING"],"ecs":{"version":"8.11"}}
{"@timestamp":"2026-09-08T07:46:04.962566436Z","log":{"level":"INFO","logger":"org.springframework.boot.test.context.SpringBootTestContextBootstrapper"},"process":{"pid":487503,"thread":{"name":"Test worker"}},"service":{"name":"card-authorization-service","node":{}},"message":"Found @SpringBootConfiguration pl.fairydeck.authorization.CardAuthorizationApplication for test class pl.fairydeck.authorization.acceptance.AcceptanceContext","tags":["COMMONS-LOGGING"],"ecs":{"version":"8.11"}}

?[1mScenario:?[22m Capturing an authorization converts the hold into a settled charge ?[90m# classpath:pl/fairydeck/authorization/acceptance/card_authorization.feature:47?[39m
  ?[32m✔?[39m ?[32m?[1mGiven ?[22mthe risk engine scores every purchase as low risk?[39m                  ?[90m# pl.fairydeck.authorization.acceptance.CardAuthorizationSteps.theRiskEngineScoresEveryPurchaseAsLowRisk()?[39m
{"@timestamp":"2026-09-08T07:46:04.970558152Z","log":{"level":"INFO","logger":"pl.fairydeck.authorization.technical.logbook.RequestLoggingFilter"},"process":{"pid":487503,"thread":{"name":"http-nio-auto-1-exec-10"}},"service":{"name":"card-authorization-service","node":{}},"message":"POST /v1/cards responded 201 in 1 ms","correlationId":"4937017c-ed2e-4b6e-be04-b85a455c2d30","ecs":{"version":"8.11"}}
  ?[32m✔?[39m ?[32m?[1mGiven ?[22ma card with a credit limit of ?[1m100.00?[22m ?[1mGBP?[22m?[39m                           ?[90m# pl.fairydeck.authorization.acceptance.CardAuthorizationSteps.aCardWithACreditLimitOf(java.math.BigDecimal,java.lang.String)?[39m
{"@timestamp":"2026-09-08T07:46:04.984237337Z","log":{"level":"INFO","logger":"pl.fairydeck.authorization.technical.logbook.RequestLoggingFilter"},"process":{"pid":487503,"thread":{"name":"http-nio-auto-1-exec-9"}},"service":{"name":"card-authorization-service","node":{}},"message":"POST /v1/authorizations responded 201 in 10 ms","correlationId":"539d48df-5247-49f2-8aec-b2d90515d0ef","ecs":{"version":"8.11"}}
  ?[32m✔?[39m ?[32m?[1mAnd ?[22man approved purchase of ?[1m30.00?[22m ?[1mGBP?[22m?[39m                                    ?[90m# pl.fairydeck.authorization.acceptance.CardAuthorizationSteps.anApprovedPurchaseOf(java.math.BigDecimal,java.lang.String)?[39m
{"@timestamp":"2026-09-08T07:46:04.992776389Z","log":{"level":"INFO","logger":"pl.fairydeck.authorization.technical.logbook.RequestLoggingFilter"},"process":{"pid":487503,"thread":{"name":"http-nio-auto-1-exec-8"}},"service":{"name":"card-authorization-service","node":{}},"message":"POST /v1/authorizations/5f89033e-8189-4fdd-8aee-c69ac808d570/capture responded 200 in 5 ms","correlationId":"330f98f0-4a61-4d42-8a3f-ef22929ac8df","ecs":{"version":"8.11"}}
  ?[32m✔?[39m ?[32m?[1mWhen ?[22mthe purchase is captured?[39m                                            ?[90m# pl.fairydeck.authorization.acceptance.CardAuthorizationSteps.thePurchaseIsCaptured()?[39m
  ?[32m✔?[39m ?[32m?[1mThen ?[22mthe authorization is ?[1m"CAPTURED"?[22m?[39m                                     ?[90m# pl.fairydeck.authorization.acceptance.CardAuthorizationSteps.theAuthorizationIs(java.lang.String)?[39m
{"@timestamp":"2026-09-08T07:46:04.998666878Z","log":{"level":"INFO","logger":"pl.fairydeck.authorization.technical.logbook.RequestLoggingFilter"},"process":{"pid":487503,"thread":{"name":"http-nio-auto-1-exec-3"}},"service":{"name":"card-authorization-service","node":{}},"message":"GET /v1/cards/bf99b2d5-b5f3-4b82-a207-5a6b0ab0c536/balance responded 200 in 2 ms","correlationId":"55f1c3ac-cbad-48c3-954f-76e6fbd34cb0","ecs":{"version":"8.11"}}
  ?[32m✔?[39m ?[32m?[1mAnd ?[22mthe settled amount is ?[1m30.00?[22m ?[1mGBP?[22m?[39m                                      ?[90m# pl.fairydeck.authorization.acceptance.CardAuthorizationSteps.theSettledAmountIs(java.math.BigDecimal,java.lang.String)?[39m
{"@timestamp":"2026-09-08T07:46:05.005401178Z","log":{"level":"INFO","logger":"pl.fairydeck.authorization.technical.logbook.RequestLoggingFilter"},"process":{"pid":487503,"thread":{"name":"http-nio-auto-1-exec-7"}},"service":{"name":"card-authorization-service","node":{}},"message":"GET /v1/cards/bf99b2d5-b5f3-4b82-a207-5a6b0ab0c536/balance responded 200 in 2 ms","correlationId":"4adb67a7-459e-4b2d-b3c7-79acb9d024d4","ecs":{"version":"8.11"}}
{"@timestamp":"2026-09-08T07:46:05.010270383Z","log":{"level":"INFO","logger":"pl.fairydeck.authorization.technical.logbook.RequestLoggingFilter"},"process":{"pid":487503,"thread":{"name":"http-nio-auto-1-exec-2"}},"service":{"name":"card-authorization-service","node":{}},"message":"GET /v1/cards/bf99b2d5-b5f3-4b82-a207-5a6b0ab0c536/balance responded 200 in 2 ms","correlationId":"6cae4adb-1c8c-422b-b5b8-270db5f58546","ecs":{"version":"8.11"}}
  ?[32m✔?[39m ?[32m?[1mAnd ?[22mthe available balance is ?[1m70.00?[22m ?[1mGBP?[22m?[39m                                   ?[90m# pl.fairydeck.authorization.acceptance.CardAuthorizationSteps.theAvailableBalanceIs(java.math.BigDecimal,java.lang.String)?[39m
{"@timestamp":"2026-09-08T07:46:05.013658662Z","log":{"level":"INFO","logger":"org.springframework.test.context.support.AnnotationConfigContextLoaderUtils"},"process":{"pid":487503,"thread":{"name":"Test worker"}},"service":{"name":"card-authorization-service","node":{}},"message":"Could not detect default configuration classes for test class [pl.fairydeck.authorization.acceptance.AcceptanceContext]: AcceptanceContext does not declare any static, non-private, non-final, nested classes annotated with @Configuration.","tags":["COMMONS-LOGGING"],"ecs":{"version":"8.11"}}
{"@timestamp":"2026-09-08T07:46:05.016247243Z","log":{"level":"INFO","logger":"org.springframework.boot.test.context.SpringBootTestContextBootstrapper"},"process":{"pid":487503,"thread":{"name":"Test worker"}},"service":{"name":"card-authorization-service","node":{}},"message":"Found @SpringBootConfiguration pl.fairydeck.authorization.CardAuthorizationApplication for test class pl.fairydeck.authorization.acceptance.AcceptanceContext","tags":["COMMONS-LOGGING"],"ecs":{"version":"8.11"}}
{"@timestamp":"2026-09-08T07:46:05.017028808Z","log":{"level":"INFO","logger":"org.springframework.test.context.support.AnnotationConfigContextLoaderUtils"},"process":{"pid":487503,"thread":{"name":"Test worker"}},"service":{"name":"card-authorization-service","node":{}},"message":"Could not detect default configuration classes for test class [pl.fairydeck.authorization.acceptance.AcceptanceContext]: AcceptanceContext does not declare any static, non-private, non-final, nested classes annotated with @Configuration.","tags":["COMMONS-LOGGING"],"ecs":{"version":"8.11"}}
{"@timestamp":"2026-09-08T07:46:05.019226636Z","log":{"level":"INFO","logger":"org.springframework.boot.test.context.SpringBootTestContextBootstrapper"},"process":{"pid":487503,"thread":{"name":"Test worker"}},"service":{"name":"card-authorization-service","node":{}},"message":"Found @SpringBootConfiguration pl.fairydeck.authorization.CardAuthorizationApplication for test class pl.fairydeck.authorization.acceptance.AcceptanceContext","tags":["COMMONS-LOGGING"],"ecs":{"version":"8.11"}}

?[1mScenario:?[22m Reversing an authorization releases the hold and restores the balance ?[90m# classpath:pl/fairydeck/authorization/acceptance/card_authorization.feature:55?[39m
  ?[32m✔?[39m ?[32m?[1mGiven ?[22mthe risk engine scores every purchase as low risk?[39m                     ?[90m# pl.fairydeck.authorization.acceptance.CardAuthorizationSteps.theRiskEngineScoresEveryPurchaseAsLowRisk()?[39m
{"@timestamp":"2026-09-08T07:46:05.027594979Z","log":{"level":"INFO","logger":"pl.fairydeck.authorization.technical.logbook.RequestLoggingFilter"},"process":{"pid":487503,"thread":{"name":"http-nio-auto-1-exec-1"}},"service":{"name":"card-authorization-service","node":{}},"message":"POST /v1/cards responded 201 in 1 ms","correlationId":"d1a4dd58-8982-4896-8d99-00b60c17fa6c","ecs":{"version":"8.11"}}
  ?[32m✔?[39m ?[32m?[1mGiven ?[22ma card with a credit limit of ?[1m100.00?[22m ?[1mGBP?[22m?[39m                              ?[90m# pl.fairydeck.authorization.acceptance.CardAuthorizationSteps.aCardWithACreditLimitOf(java.math.BigDecimal,java.lang.String)?[39m
{"@timestamp":"2026-09-08T07:46:05.039701797Z","log":{"level":"INFO","logger":"pl.fairydeck.authorization.technical.logbook.RequestLoggingFilter"},"process":{"pid":487503,"thread":{"name":"http-nio-auto-1-exec-4"}},"service":{"name":"card-authorization-service","node":{}},"message":"POST /v1/authorizations responded 201 in 9 ms","correlationId":"7cdac265-539f-4619-b5f3-851eb5c9236a","ecs":{"version":"8.11"}}
  ?[32m✔?[39m ?[32m?[1mAnd ?[22man approved purchase of ?[1m30.00?[22m ?[1mGBP?[22m?[39m                                       ?[90m# pl.fairydeck.authorization.acceptance.CardAuthorizationSteps.anApprovedPurchaseOf(java.math.BigDecimal,java.lang.String)?[39m
{"@timestamp":"2026-09-08T07:46:05.046876291Z","log":{"level":"INFO","logger":"pl.fairydeck.authorization.technical.logbook.RequestLoggingFilter"},"process":{"pid":487503,"thread":{"name":"http-nio-auto-1-exec-5"}},"service":{"name":"card-authorization-service","node":{}},"message":"POST /v1/authorizations/e3fddb95-64fc-44f2-af7f-4b0111fd2231/reverse responded 200 in 4 ms","correlationId":"4185bee1-6921-45cf-bf4d-a79c31db51df","ecs":{"version":"8.11"}}
  ?[32m✔?[39m ?[32m?[1mWhen ?[22mthe purchase is reversed?[39m                                               ?[90m# pl.fairydeck.authorization.acceptance.CardAuthorizationSteps.thePurchaseIsReversed()?[39m
  ?[32m✔?[39m ?[32m?[1mThen ?[22mthe authorization is ?[1m"REVERSED"?[22m?[39m                                        ?[90m# pl.fairydeck.authorization.acceptance.CardAuthorizationSteps.theAuthorizationIs(java.lang.String)?[39m
{"@timestamp":"2026-09-08T07:46:05.052008990Z","log":{"level":"INFO","logger":"pl.fairydeck.authorization.technical.logbook.RequestLoggingFilter"},"process":{"pid":487503,"thread":{"name":"http-nio-auto-1-exec-6"}},"service":{"name":"card-authorization-service","node":{}},"message":"GET /v1/cards/d898e81f-55d1-43cf-a70c-7c73d6c3d674/balance responded 200 in 2 ms","correlationId":"8ef32baa-c56d-4297-95b0-a6618cf0563d","ecs":{"version":"8.11"}}
{"@timestamp":"2026-09-08T07:46:05.056696495Z","log":{"level":"INFO","logger":"pl.fairydeck.authorization.technical.logbook.RequestLoggingFilter"},"process":{"pid":487503,"thread":{"name":"http-nio-auto-1-exec-10"}},"service":{"name":"card-authorization-service","node":{}},"message":"GET /v1/cards/d898e81f-55d1-43cf-a70c-7c73d6c3d674/balance responded 200 in 2 ms","correlationId":"c74dbf3e-97da-462d-aadb-4fe69513bb32","ecs":{"version":"8.11"}}
  ?[32m✔?[39m ?[32m?[1mAnd ?[22mthe available balance is ?[1m100.00?[22m ?[1mGBP?[22m?[39m                                     ?[90m# pl.fairydeck.authorization.acceptance.CardAuthorizationSteps.theAvailableBalanceIs(java.math.BigDecimal,java.lang.String)?[39m
{"@timestamp":"2026-09-08T07:46:05.059686969Z","log":{"level":"INFO","logger":"org.springframework.test.context.support.AnnotationConfigContextLoaderUtils"},"process":{"pid":487503,"thread":{"name":"Test worker"}},"service":{"name":"card-authorization-service","node":{}},"message":"Could not detect default configuration classes for test class [pl.fairydeck.authorization.acceptance.AcceptanceContext]: AcceptanceContext does not declare any static, non-private, non-final, nested classes annotated with @Configuration.","tags":["COMMONS-LOGGING"],"ecs":{"version":"8.11"}}
{"@timestamp":"2026-09-08T07:46:05.062105050Z","log":{"level":"INFO","logger":"org.springframework.boot.test.context.SpringBootTestContextBootstrapper"},"process":{"pid":487503,"thread":{"name":"Test worker"}},"service":{"name":"card-authorization-service","node":{}},"message":"Found @SpringBootConfiguration pl.fairydeck.authorization.CardAuthorizationApplication for test class pl.fairydeck.authorization.acceptance.AcceptanceContext","tags":["COMMONS-LOGGING"],"ecs":{"version":"8.11"}}
{"@timestamp":"2026-09-08T07:46:05.062846049Z","log":{"level":"INFO","logger":"org.springframework.test.context.support.AnnotationConfigContextLoaderUtils"},"process":{"pid":487503,"thread":{"name":"Test worker"}},"service":{"name":"card-authorization-service","node":{}},"message":"Could not detect default configuration classes for test class [pl.fairydeck.authorization.acceptance.AcceptanceContext]: AcceptanceContext does not declare any static, non-private, non-final, nested classes annotated with @Configuration.","tags":["COMMONS-LOGGING"],"ecs":{"version":"8.11"}}
{"@timestamp":"2026-09-08T07:46:05.064702929Z","log":{"level":"INFO","logger":"org.springframework.boot.test.context.SpringBootTestContextBootstrapper"},"process":{"pid":487503,"thread":{"name":"Test worker"}},"service":{"name":"card-authorization-service","node":{}},"message":"Found @SpringBootConfiguration pl.fairydeck.authorization.CardAuthorizationApplication for test class pl.fairydeck.authorization.acceptance.AcceptanceContext","tags":["COMMONS-LOGGING"],"ecs":{"version":"8.11"}}

?[1mScenario:?[22m Retrying a capture after it succeeded changes nothing ?[90m# classpath:pl/fairydeck/authorization/acceptance/card_authorization.feature:62?[39m
  ?[32m✔?[39m ?[32m?[1mGiven ?[22mthe risk engine scores every purchase as low risk?[39m     ?[90m# pl.fairydeck.authorization.acceptance.CardAuthorizationSteps.theRiskEngineScoresEveryPurchaseAsLowRisk()?[39m
{"@timestamp":"2026-09-08T07:46:05.072929315Z","log":{"level":"INFO","logger":"pl.fairydeck.authorization.technical.logbook.RequestLoggingFilter"},"process":{"pid":487503,"thread":{"name":"http-nio-auto-1-exec-9"}},"service":{"name":"card-authorization-service","node":{}},"message":"POST /v1/cards responded 201 in 2 ms","correlationId":"8985ed35-130a-4c77-9d57-842fec16e755","ecs":{"version":"8.11"}}
  ?[32m✔?[39m ?[32m?[1mGiven ?[22ma card with a credit limit of ?[1m100.00?[22m ?[1mGBP?[22m?[39m              ?[90m# pl.fairydeck.authorization.acceptance.CardAuthorizationSteps.aCardWithACreditLimitOf(java.math.BigDecimal,java.lang.String)?[39m
{"@timestamp":"2026-09-08T07:46:05.084835046Z","log":{"level":"INFO","logger":"pl.fairydeck.authorization.technical.logbook.RequestLoggingFilter"},"process":{"pid":487503,"thread":{"name":"http-nio-auto-1-exec-8"}},"service":{"name":"card-authorization-service","node":{}},"message":"POST /v1/authorizations responded 201 in 8 ms","correlationId":"e8084725-df24-4849-9812-156b4c8eda75","ecs":{"version":"8.11"}}
  ?[32m✔?[39m ?[32m?[1mAnd ?[22man approved purchase of ?[1m30.00?[22m ?[1mGBP?[22m?[39m                       ?[90m# pl.fairydeck.authorization.acceptance.CardAuthorizationSteps.anApprovedPurchaseOf(java.math.BigDecimal,java.lang.String)?[39m
{"@timestamp":"2026-09-08T07:46:05.091071583Z","log":{"level":"INFO","logger":"pl.fairydeck.authorization.technical.logbook.RequestLoggingFilter"},"process":{"pid":487503,"thread":{"name":"http-nio-auto-1-exec-3"}},"service":{"name":"card-authorization-service","node":{}},"message":"POST /v1/authorizations/902990a4-46e6-435d-9bf9-7ed51fbe050c/capture responded 200 in 3 ms","correlationId":"2d5b3af9-19f4-4e7e-84d2-eb456ee1e8df","ecs":{"version":"8.11"}}
  ?[32m✔?[39m ?[32m?[1mWhen ?[22mthe purchase is captured?[39m                               ?[90m# pl.fairydeck.authorization.acceptance.CardAuthorizationSteps.thePurchaseIsCaptured()?[39m
{"@timestamp":"2026-09-08T07:46:05.095753176Z","log":{"level":"INFO","logger":"pl.fairydeck.authorization.technical.logbook.RequestLoggingFilter"},"process":{"pid":487503,"thread":{"name":"http-nio-auto-1-exec-7"}},"service":{"name":"card-authorization-service","node":{}},"message":"POST /v1/authorizations/902990a4-46e6-435d-9bf9-7ed51fbe050c/capture responded 200 in 2 ms","correlationId":"a439a50e-4dd8-4a3a-9f29-1fe138ef5c42","ecs":{"version":"8.11"}}
  ?[32m✔?[39m ?[32m?[1mAnd ?[22mthe capture is retried?[39m                                  ?[90m# pl.fairydeck.authorization.acceptance.CardAuthorizationSteps.theCaptureIsRetried()?[39m
  ?[32m✔?[39m ?[32m?[1mThen ?[22mthe retry returns the same settled authorization?[39m       ?[90m# pl.fairydeck.authorization.acceptance.CardAuthorizationSteps.theRetryReturnsTheSameSettledAuthorization()?[39m
{"@timestamp":"2026-09-08T07:46:05.100351834Z","log":{"level":"INFO","logger":"pl.fairydeck.authorization.technical.logbook.RequestLoggingFilter"},"process":{"pid":487503,"thread":{"name":"http-nio-auto-1-exec-2"}},"service":{"name":"card-authorization-service","node":{}},"message":"GET /v1/cards/7b6f09d9-ea00-487b-99cd-5544574d9e37/balance responded 200 in 2 ms","correlationId":"25cfbfc8-8b58-43a4-b05b-e0f8e1faba79","ecs":{"version":"8.11"}}
  ?[32m✔?[39m ?[32m?[1mAnd ?[22mthe settled amount is ?[1m30.00?[22m ?[1mGBP?[22m?[39m                         ?[90m# pl.fairydeck.authorization.acceptance.CardAuthorizationSteps.theSettledAmountIs(java.math.BigDecimal,java.lang.String)?[39m
{"@timestamp":"2026-09-08T07:46:05.105310988Z","log":{"level":"INFO","logger":"pl.fairydeck.authorization.technical.logbook.RequestLoggingFilter"},"process":{"pid":487503,"thread":{"name":"http-nio-auto-1-exec-1"}},"service":{"name":"card-authorization-service","node":{}},"message":"GET /v1/cards/7b6f09d9-ea00-487b-99cd-5544574d9e37/balance responded 200 in 2 ms","correlationId":"fa085e92-6a4c-47b1-9e2f-6bc1a78d0687","ecs":{"version":"8.11"}}
{"@timestamp":"2026-09-08T07:46:05.108829481Z","log":{"level":"INFO","logger":"pl.fairydeck.authorization.technical.logbook.RequestLoggingFilter"},"process":{"pid":487503,"thread":{"name":"http-nio-auto-1-exec-4"}},"service":{"name":"card-authorization-service","node":{}},"message":"GET /v1/cards/7b6f09d9-ea00-487b-99cd-5544574d9e37/balance responded 200 in 1 ms","correlationId":"6edc22b8-ef0f-489c-8407-b65af2af93ee","ecs":{"version":"8.11"}}
  ?[32m✔?[39m ?[32m?[1mAnd ?[22mthe available balance is ?[1m70.00?[22m ?[1mGBP?[22m?[39m                      ?[90m# pl.fairydeck.authorization.acceptance.CardAuthorizationSteps.theAvailableBalanceIs(java.math.BigDecimal,java.lang.String)?[39m
{"@timestamp":"2026-09-08T07:46:05.111855131Z","log":{"level":"INFO","logger":"org.springframework.test.context.support.AnnotationConfigContextLoaderUtils"},"process":{"pid":487503,"thread":{"name":"Test worker"}},"service":{"name":"card-authorization-service","node":{}},"message":"Could not detect default configuration classes for test class [pl.fairydeck.authorization.acceptance.AcceptanceContext]: AcceptanceContext does not declare any static, non-private, non-final, nested classes annotated with @Configuration.","tags":["COMMONS-LOGGING"],"ecs":{"version":"8.11"}}
{"@timestamp":"2026-09-08T07:46:05.114005040Z","log":{"level":"INFO","logger":"org.springframework.boot.test.context.SpringBootTestContextBootstrapper"},"process":{"pid":487503,"thread":{"name":"Test worker"}},"service":{"name":"card-authorization-service","node":{}},"message":"Found @SpringBootConfiguration pl.fairydeck.authorization.CardAuthorizationApplication for test class pl.fairydeck.authorization.acceptance.AcceptanceContext","tags":["COMMONS-LOGGING"],"ecs":{"version":"8.11"}}
{"@timestamp":"2026-09-08T07:46:05.114550482Z","log":{"level":"INFO","logger":"org.springframework.test.context.support.AnnotationConfigContextLoaderUtils"},"process":{"pid":487503,"thread":{"name":"Test worker"}},"service":{"name":"card-authorization-service","node":{}},"message":"Could not detect default configuration classes for test class [pl.fairydeck.authorization.acceptance.AcceptanceContext]: AcceptanceContext does not declare any static, non-private, non-final, nested classes annotated with @Configuration.","tags":["COMMONS-LOGGING"],"ecs":{"version":"8.11"}}
{"@timestamp":"2026-09-08T07:46:05.116318786Z","log":{"level":"INFO","logger":"org.springframework.boot.test.context.SpringBootTestContextBootstrapper"},"process":{"pid":487503,"thread":{"name":"Test worker"}},"service":{"name":"card-authorization-service","node":{}},"message":"Found @SpringBootConfiguration pl.fairydeck.authorization.CardAuthorizationApplication for test class pl.fairydeck.authorization.acceptance.AcceptanceContext","tags":["COMMONS-LOGGING"],"ecs":{"version":"8.11"}}

?[1mScenario:?[22m The card's transactions show every decision, newest first ?[90m# classpath:pl/fairydeck/authorization/acceptance/card_authorization.feature:71?[39m
  ?[32m✔?[39m ?[32m?[1mGiven ?[22mthe risk engine scores every purchase as low risk?[39m         ?[90m# pl.fairydeck.authorization.acceptance.CardAuthorizationSteps.theRiskEngineScoresEveryPurchaseAsLowRisk()?[39m
{"@timestamp":"2026-09-08T07:46:05.123544447Z","log":{"level":"INFO","logger":"pl.fairydeck.authorization.technical.logbook.RequestLoggingFilter"},"process":{"pid":487503,"thread":{"name":"http-nio-auto-1-exec-5"}},"service":{"name":"card-authorization-service","node":{}},"message":"POST /v1/cards responded 201 in 1 ms","correlationId":"b220cdba-3b28-4a08-b90a-6d2754f306f8","ecs":{"version":"8.11"}}
  ?[32m✔?[39m ?[32m?[1mGiven ?[22ma card with a credit limit of ?[1m100.00?[22m ?[1mGBP?[22m?[39m                  ?[90m# pl.fairydeck.authorization.acceptance.CardAuthorizationSteps.aCardWithACreditLimitOf(java.math.BigDecimal,java.lang.String)?[39m
{"@timestamp":"2026-09-08T07:46:05.134685706Z","log":{"level":"INFO","logger":"pl.fairydeck.authorization.technical.logbook.RequestLoggingFilter"},"process":{"pid":487503,"thread":{"name":"http-nio-auto-1-exec-6"}},"service":{"name":"card-authorization-service","node":{}},"message":"POST /v1/authorizations responded 201 in 8 ms","correlationId":"a28eeec3-8c30-4b37-9079-bcf2000fda08","ecs":{"version":"8.11"}}
  ?[32m✔?[39m ?[32m?[1mWhen ?[22ma purchase of ?[1m30.00?[22m ?[1mGBP?[22m is made at ?[1m"Coffee Corner"?[22m?[39m         ?[90m# pl.fairydeck.authorization.acceptance.CardAuthorizationSteps.aPurchaseIsMadeAt(java.math.BigDecimal,java.lang.String,java.lang.String)?[39m
{"@timestamp":"2026-09-08T07:46:05.145024701Z","log":{"level":"INFO","logger":"pl.fairydeck.authorization.technical.logbook.RequestLoggingFilter"},"process":{"pid":487503,"thread":{"name":"http-nio-auto-1-exec-10"}},"service":{"name":"card-authorization-service","node":{}},"message":"POST /v1/authorizations responded 201 in 7 ms","correlationId":"d10eb928-64aa-44ad-9136-0cea027df356","ecs":{"version":"8.11"}}
  ?[32m✔?[39m ?[32m?[1mAnd ?[22ma purchase of ?[1m80.00?[22m ?[1mGBP?[22m is made at ?[1m"Bike Shop"?[22m?[39m              ?[90m# pl.fairydeck.authorization.acceptance.CardAuthorizationSteps.aPurchaseIsMadeAt(java.math.BigDecimal,java.lang.String,java.lang.String)?[39m
{"@timestamp":"2026-09-08T07:46:05.153996965Z","log":{"level":"INFO","logger":"pl.fairydeck.authorization.technical.logbook.RequestLoggingFilter"},"process":{"pid":487503,"thread":{"name":"http-nio-auto-1-exec-9"}},"service":{"name":"card-authorization-service","node":{}},"message":"GET /v1/cards/f35b44f8-4806-4cc7-9185-aa32c12fb5fc/transactions responded 200 in 6 ms","correlationId":"8d53982e-f609-4f8e-9c75-4a1372f7bfbf","ecs":{"version":"8.11"}}
  ?[32m✔?[39m ?[32m?[1mThen ?[22mthe card's transactions are ?[1m"DECLINED, APPROVED"?[22m?[39m           ?[90m# pl.fairydeck.authorization.acceptance.CardAuthorizationSteps.theCardsTransactionsAre(java.lang.String)?[39m
{"@timestamp":"2026-09-08T07:46:05.160803811Z","log":{"level":"INFO","logger":"pl.fairydeck.authorization.technical.logbook.RequestLoggingFilter"},"process":{"pid":487503,"thread":{"name":"http-nio-auto-1-exec-8"}},"service":{"name":"card-authorization-service","node":{}},"message":"GET /v1/cards/f35b44f8-4806-4cc7-9185-aa32c12fb5fc/transactions responded 200 in 3 ms","correlationId":"ee72ef41-f207-4e0f-ad60-153b799f9dad","ecs":{"version":"8.11"}}
  ?[32m✔?[39m ?[32m?[1mAnd ?[22mthe card's approved transactions are ?[1m"APPROVED"?[22m?[39m             ?[90m# pl.fairydeck.authorization.acceptance.CardAuthorizationSteps.theCardsApprovedTransactionsAre(java.lang.String)?[39m
]]></system-out>
  <system-err><![CDATA[]]></system-err>
</testsuite>
