<?xml version="1.0" encoding="UTF-8"?>
<testsuite name="Card authorization" tests="10" skipped="0" failures="0" errors="0" timestamp="2026-09-08T07:45:33.414Z" hostname="nas" time="7.101">
  <properties/>
  <testcase name="A purchase within the available balance is approved" classname="feature_classpath_pl/fairydeck/authorization/acceptance/card_authorization.feature" time="6.487"/>
  <testcase name="A purchase exceeding the available balance is declined" classname="feature_classpath_pl/fairydeck/authorization/acceptance/card_authorization.feature" time="0.041"/>
  <testcase name="A purchase on a blocked card is declined" classname="feature_classpath_pl/fairydeck/authorization/acceptance/card_authorization.feature" time="0.028"/>
  <testcase name="A retried purchase with the same idempotency key is not authorized twice" classname="feature_classpath_pl/fairydeck/authorization/acceptance/card_authorization.feature" time="0.048"/>
  <testcase name="Concurrent purchases cannot overdraw the available balance" classname="feature_classpath_pl/fairydeck/authorization/acceptance/card_authorization.feature" time="0.123"/>
  <testcase name="When the risk service times out, the purchase is declined" classname="feature_classpath_pl/fairydeck/authorization/acceptance/card_authorization.feature" time="0.187"/>
  <testcase name="Capturing an authorization converts the hold into a settled charge" classname="feature_classpath_pl/fairydeck/authorization/acceptance/card_authorization.feature" time="0.044"/>
  <testcase name="Reversing an authorization releases the hold and restores the balance" classname="feature_classpath_pl/fairydeck/authorization/acceptance/card_authorization.feature" time="0.039"/>
  <testcase name="Retrying a capture after it succeeded changes nothing" classname="feature_classpath_pl/fairydeck/authorization/acceptance/card_authorization.feature" time="0.049"/>
  <testcase name="The card's transactions show every decision, newest first" classname="feature_classpath_pl/fairydeck/authorization/acceptance/card_authorization.feature" time="0.05"/>
  <system-out><![CDATA[07:45:33.531 [Test worker] INFO org.springframework.test.context.support.AnnotationConfigContextLoaderUtils -- Could not detect default configuration classes for test class [pl.fairydeck.authorization.acceptance.AcceptanceContext]: AcceptanceContext does not declare any static, non-private, non-final, nested classes annotated with @Configuration.
07:45:33.634 [Test worker] INFO org.springframework.boot.test.context.SpringBootTestContextBootstrapper -- Found @SpringBootConfiguration pl.fairydeck.authorization.CardAuthorizationApplication for test class pl.fairydeck.authorization.acceptance.AcceptanceContext
07:45:33.684 [Test worker] INFO org.springframework.test.context.support.AnnotationConfigContextLoaderUtils -- Could not detect default configuration classes for test class [pl.fairydeck.authorization.acceptance.AcceptanceContext]: AcceptanceContext does not declare any static, non-private, non-final, nested classes annotated with @Configuration.
07:45:33.687 [Test worker] INFO org.springframework.boot.test.context.SpringBootTestContextBootstrapper -- Found @SpringBootConfiguration pl.fairydeck.authorization.CardAuthorizationApplication for test class pl.fairydeck.authorization.acceptance.AcceptanceContext
{"@timestamp":"2026-09-08T07:45:34.325208281Z","log":{"level":"INFO","logger":"pl.fairydeck.authorization.acceptance.AcceptanceContext"},"process":{"pid":484653,"thread":{"name":"Test worker"}},"service":{"name":"card-authorization-service","node":{}},"message":"Starting AcceptanceContext using Java 25.0.4.1 with PID 484653 (started by muszkin in /home/muszkin/work/zilch/worktrees/r1)","tags":["COMMONS-LOGGING"],"ecs":{"version":"8.11"}}
{"@timestamp":"2026-09-08T07:45:34.330427672Z","log":{"level":"INFO","logger":"pl.fairydeck.authorization.acceptance.AcceptanceContext"},"process":{"pid":484653,"thread":{"name":"Test worker"}},"service":{"name":"card-authorization-service","node":{}},"message":"No active profile set, falling back to 1 default profile: \"default\"","tags":["COMMONS-LOGGING"],"ecs":{"version":"8.11"}}
{"@timestamp":"2026-09-08T07:45:34.773262632Z","log":{"level":"INFO","logger":"org.springframework.data.repository.config.RepositoryConfigurationDelegate"},"process":{"pid":484653,"thread":{"name":"Test worker"}},"service":{"name":"card-authorization-service","node":{}},"message":"Multiple Spring Data modules found, entering strict repository configuration mode","tags":["COMMONS-LOGGING"],"ecs":{"version":"8.11"}}
{"@timestamp":"2026-09-08T07:45:34.775657019Z","log":{"level":"INFO","logger":"org.springframework.data.repository.config.RepositoryConfigurationDelegate"},"process":{"pid":484653,"thread":{"name":"Test worker"}},"service":{"name":"card-authorization-service","node":{}},"message":"Bootstrapping Spring Data Redis repositories in DEFAULT mode.","tags":["COMMONS-LOGGING"],"ecs":{"version":"8.11"}}
{"@timestamp":"2026-09-08T07:45:34.803478296Z","log":{"level":"INFO","logger":"org.springframework.data.repository.config.RepositoryConfigurationDelegate"},"process":{"pid":484653,"thread":{"name":"Test worker"}},"service":{"name":"card-authorization-service","node":{}},"message":"Finished Spring Data repository scanning in 11 ms. Found 0 Redis repository interfaces.","tags":["COMMONS-LOGGING"],"ecs":{"version":"8.11"}}
{"@timestamp":"2026-09-08T07:45:35.260356383Z","log":{"level":"INFO","logger":"org.springframework.boot.tomcat.TomcatWebServer"},"process":{"pid":484653,"thread":{"name":"Test worker"}},"service":{"name":"card-authorization-service","node":{}},"message":"Tomcat initialized with port 0 (http)","tags":["COMMONS-LOGGING"],"ecs":{"version":"8.11"}}
{"@timestamp":"2026-09-08T07:45:35.271650167Z","log":{"level":"INFO","logger":"org.apache.catalina.core.StandardService"},"process":{"pid":484653,"thread":{"name":"Test worker"}},"service":{"name":"card-authorization-service","node":{}},"message":"Starting service [Tomcat]","ecs":{"version":"8.11"}}
{"@timestamp":"2026-09-08T07:45:35.272185Z","log":{"level":"INFO","logger":"org.apache.catalina.core.StandardEngine"},"process":{"pid":484653,"thread":{"name":"Test worker"}},"service":{"name":"card-authorization-service","node":{}},"message":"Starting Servlet engine: [Apache Tomcat/11.0.24]","ecs":{"version":"8.11"}}
{"@timestamp":"2026-09-08T07:45:35.300453505Z","log":{"level":"INFO","logger":"org.springframework.boot.web.context.servlet.WebApplicationContextInitializer"},"process":{"pid":484653,"thread":{"name":"Test worker"}},"service":{"name":"card-authorization-service","node":{}},"message":"Root WebApplicationContext: initialization completed in 957 ms","tags":["COMMONS-LOGGING"],"ecs":{"version":"8.11"}}
{"@timestamp":"2026-09-08T07:45:35.371624979Z","log":{"level":"INFO","logger":"org.testcontainers.images.PullPolicy"},"process":{"pid":484653,"thread":{"name":"Test worker"}},"service":{"name":"card-authorization-service","node":{}},"message":"Image pull policy will be performed by: DefaultPullPolicy()","ecs":{"version":"8.11"}}
{"@timestamp":"2026-09-08T07:45:35.373243773Z","log":{"level":"INFO","logger":"org.testcontainers.utility.ImageNameSubstitutor"},"process":{"pid":484653,"thread":{"name":"Test worker"}},"service":{"name":"card-authorization-service","node":{}},"message":"Image name substitution will be performed by: DefaultImageNameSubstitutor (composite of 'ConfigurationFileImageNameSubstitutor' and 'PrefixingImageNameSubstitutor')","ecs":{"version":"8.11"}}
{"@timestamp":"2026-09-08T07:45:35.392536508Z","log":{"level":"INFO","logger":"org.testcontainers.DockerClientFactory"},"process":{"pid":484653,"thread":{"name":"Test worker"}},"service":{"name":"card-authorization-service","node":{}},"message":"Testcontainers version: 2.0.5","ecs":{"version":"8.11"}}
{"@timestamp":"2026-09-08T07:45:35.499413094Z","log":{"level":"INFO","logger":"org.testcontainers.dockerclient.DockerClientProviderStrategy"},"process":{"pid":484653,"thread":{"name":"Test worker"}},"service":{"name":"card-authorization-service","node":{}},"message":"Loaded org.testcontainers.dockerclient.UnixSocketClientProviderStrategy from ~/.testcontainers.properties, will try it first","ecs":{"version":"8.11"}}
{"@timestamp":"2026-09-08T07:45:35.714777575Z","log":{"level":"INFO","logger":"org.testcontainers.dockerclient.DockerClientProviderStrategy"},"process":{"pid":484653,"thread":{"name":"Test worker"}},"service":{"name":"card-authorization-service","node":{}},"message":"Found Docker environment with local Unix socket (unix:///var/run/docker.sock)","ecs":{"version":"8.11"}}
{"@timestamp":"2026-09-08T07:45:35.716467813Z","log":{"level":"INFO","logger":"org.testcontainers.DockerClientFactory"},"process":{"pid":484653,"thread":{"name":"Test worker"}},"service":{"name":"card-authorization-service","node":{}},"message":"Docker host IP address is localhost","ecs":{"version":"8.11"}}
{"@timestamp":"2026-09-08T07:45:35.730620705Z","log":{"level":"INFO","logger":"org.testcontainers.DockerClientFactory"},"process":{"pid":484653,"thread":{"name":"Test worker"}},"service":{"name":"card-authorization-service","node":{}},"message":"Connected to docker: \n  Server Version: 29.8.0\n  API Version: 1.56\n  Operating System: Ubuntu 24.04.4 LTS\n  Total Memory: 128182 MB","ecs":{"version":"8.11"}}
{"@timestamp":"2026-09-08T07:45:35.762993682Z","log":{"level":"INFO","logger":"tc.testcontainers/ryuk:0.14.0"},"process":{"pid":484653,"thread":{"name":"Test worker"}},"service":{"name":"card-authorization-service","node":{}},"message":"Creating container for image: testcontainers/ryuk:0.14.0","ecs":{"version":"8.11"}}
{"@timestamp":"2026-09-08T07:45:35.767374542Z","log":{"level":"INFO","logger":"org.testcontainers.utility.RegistryAuthLocator"},"process":{"pid":484653,"thread":{"name":"Test worker"}},"service":{"name":"card-authorization-service","node":{}},"message":"Failure when attempting to lookup auth config. Please ignore if you don't have images in an authenticated registry. Details: (dockerImageName: testcontainers/ryuk:0.14.0, configFile: /home/muszkin/.docker/config.json, configEnv: DOCKER_AUTH_CONFIG). Falling back to docker-java default behaviour. Exception message: Status 404: No config supplied. Checked in order: /home/muszkin/.docker/config.json (file not found), DOCKER_AUTH_CONFIG (not set)","ecs":{"version":"8.11"}}
{"@timestamp":"2026-09-08T07:45:35.831306029Z","log":{"level":"INFO","logger":"tc.testcontainers/ryuk:0.14.0"},"process":{"pid":484653,"thread":{"name":"Test worker"}},"service":{"name":"card-authorization-service","node":{}},"message":"Container testcontainers/ryuk:0.14.0 is starting: 393b4c29e219f488ab41f7c21b1c513b61d6198d507071f4169075e2ce03046b","ecs":{"version":"8.11"}}
{"@timestamp":"2026-09-08T07:45:36.084498330Z","log":{"level":"INFO","logger":"tc.testcontainers/ryuk:0.14.0"},"process":{"pid":484653,"thread":{"name":"Test worker"}},"service":{"name":"card-authorization-service","node":{}},"message":"Container testcontainers/ryuk:0.14.0 started in PT0.32147928S","ecs":{"version":"8.11"}}
{"@timestamp":"2026-09-08T07:45:36.087433129Z","log":{"level":"INFO","logger":"org.testcontainers.utility.RyukResourceReaper"},"process":{"pid":484653,"thread":{"name":"Test worker"}},"service":{"name":"card-authorization-service","node":{}},"message":"Ryuk started - will monitor and terminate Testcontainers containers on JVM exit","ecs":{"version":"8.11"}}
{"@timestamp":"2026-09-08T07:45:36.087679822Z","log":{"level":"INFO","logger":"org.testcontainers.DockerClientFactory"},"process":{"pid":484653,"thread":{"name":"Test worker"}},"service":{"name":"card-authorization-service","node":{}},"message":"Checking the system...","ecs":{"version":"8.11"}}
{"@timestamp":"2026-09-08T07:45:36.088087386Z","log":{"level":"INFO","logger":"org.testcontainers.DockerClientFactory"},"process":{"pid":484653,"thread":{"name":"Test worker"}},"service":{"name":"card-authorization-service","node":{}},"message":"✔︎ Docker server version should be at least 1.6.0","ecs":{"version":"8.11"}}
{"@timestamp":"2026-09-08T07:45:36.088496513Z","log":{"level":"INFO","logger":"tc.redis:7-alpine"},"process":{"pid":484653,"thread":{"name":"Test worker"}},"service":{"name":"card-authorization-service","node":{}},"message":"Creating container for image: redis:7-alpine","ecs":{"version":"8.11"}}
{"@timestamp":"2026-09-08T07:45:36.102568954Z","log":{"level":"INFO","logger":"tc.redis:7-alpine"},"process":{"pid":484653,"thread":{"name":"Test worker"}},"service":{"name":"card-authorization-service","node":{}},"message":"Container redis:7-alpine is starting: 37d19ac53ad5818755520e8081bcb5d854b321e96c88ea66fe32736fea7f4b88","ecs":{"version":"8.11"}}
{"@timestamp":"2026-09-08T07:45:36.290207748Z","log":{"level":"INFO","logger":"tc.redis:7-alpine"},"process":{"pid":484653,"thread":{"name":"Test worker"}},"service":{"name":"card-authorization-service","node":{}},"message":"Container redis:7-alpine started in PT0.201708029S","ecs":{"version":"8.11"}}
{"@timestamp":"2026-09-08T07:45:36.290645127Z","log":{"level":"INFO","logger":"tc.postgres:17-alpine"},"process":{"pid":484653,"thread":{"name":"Test worker"}},"service":{"name":"card-authorization-service","node":{}},"message":"Creating container for image: postgres:17-alpine","ecs":{"version":"8.11"}}
{"@timestamp":"2026-09-08T07:45:36.304489211Z","log":{"level":"INFO","logger":"tc.postgres:17-alpine"},"process":{"pid":484653,"thread":{"name":"Test worker"}},"service":{"name":"card-authorization-service","node":{}},"message":"Container postgres:17-alpine is starting: 105f989ed67a16e25a855a814e33853847944bb839c0131d12749466bf6d28ad","ecs":{"version":"8.11"}}
{"@timestamp":"2026-09-08T07:45:37.584753649Z","log":{"level":"INFO","logger":"tc.postgres:17-alpine"},"process":{"pid":484653,"thread":{"name":"Test worker"}},"service":{"name":"card-authorization-service","node":{}},"message":"Container postgres:17-alpine started in PT1.294078786S","ecs":{"version":"8.11"}}
{"@timestamp":"2026-09-08T07:45:37.585847008Z","log":{"level":"INFO","logger":"tc.postgres:17-alpine"},"process":{"pid":484653,"thread":{"name":"Test worker"}},"service":{"name":"card-authorization-service","node":{}},"message":"Container is started (JDBC URL: jdbc:postgresql://localhost:32842/test?loggerLevel=OFF)","ecs":{"version":"8.11"}}
{"@timestamp":"2026-09-08T07:45:38.055193630Z","log":{"level":"INFO","logger":"org.flywaydb.core.FlywayExecutor"},"process":{"pid":484653,"thread":{"name":"Test worker"}},"service":{"name":"card-authorization-service","node":{}},"message":"Database: jdbc:postgresql://localhost:32842/test?loggerLevel=OFF (PostgreSQL 17.11)","ecs":{"version":"8.11"}}
{"@timestamp":"2026-09-08T07:45:38.093925774Z","log":{"level":"INFO","logger":"org.flywaydb.core.internal.schemahistory.JdbcTableSchemaHistory"},"process":{"pid":484653,"thread":{"name":"Test worker"}},"service":{"name":"card-authorization-service","node":{}},"message":"Schema history table \"public\".\"flyway_schema_history\" does not exist yet","ecs":{"version":"8.11"}}
{"@timestamp":"2026-09-08T07:45:38.096241053Z","log":{"level":"INFO","logger":"org.flywaydb.core.internal.command.DbValidate"},"process":{"pid":484653,"thread":{"name":"Test worker"}},"service":{"name":"card-authorization-service","node":{}},"message":"Successfully validated 2 migrations (execution time 00:00.011s)","ecs":{"version":"8.11"}}
{"@timestamp":"2026-09-08T07:45:38.106776656Z","log":{"level":"INFO","logger":"org.flywaydb.core.internal.schemahistory.JdbcTableSchemaHistory"},"process":{"pid":484653,"thread":{"name":"Test worker"}},"service":{"name":"card-authorization-service","node":{}},"message":"Creating Schema History table \"public\".\"flyway_schema_history\" ...","ecs":{"version":"8.11"}}
{"@timestamp":"2026-09-08T07:45:38.147378274Z","log":{"level":"INFO","logger":"org.flywaydb.core.internal.command.DbMigrate"},"process":{"pid":484653,"thread":{"name":"Test worker"}},"service":{"name":"card-authorization-service","node":{}},"message":"Current version of schema \"public\": << Empty Schema >>","ecs":{"version":"8.11"}}
{"@timestamp":"2026-09-08T07:45:38.156321373Z","log":{"level":"INFO","logger":"org.flywaydb.core.internal.command.DbMigrate"},"process":{"pid":484653,"thread":{"name":"Test worker"}},"service":{"name":"card-authorization-service","node":{}},"message":"Migrating schema \"public\" to version \"1 - cards authorizations ledger\"","ecs":{"version":"8.11"}}
{"@timestamp":"2026-09-08T07:45:38.187291661Z","log":{"level":"INFO","logger":"org.flywaydb.core.internal.command.DbMigrate"},"process":{"pid":484653,"thread":{"name":"Test worker"}},"service":{"name":"card-authorization-service","node":{}},"message":"Migrating schema \"public\" to version \"2 - outbox events\"","ecs":{"version":"8.11"}}
{"@timestamp":"2026-09-08T07:45:38.198454711Z","log":{"level":"INFO","logger":"org.flywaydb.core.internal.command.DbMigrate"},"process":{"pid":484653,"thread":{"name":"Test worker"}},"service":{"name":"card-authorization-service","node":{}},"message":"Successfully applied 2 migrations to schema \"public\", now at version v2 (execution time 00:00.027s)","ecs":{"version":"8.11"}}
{"@timestamp":"2026-09-08T07:45:38.747022723Z","log":{"level":"INFO","logger":"org.springframework.boot.tomcat.TomcatWebServer"},"process":{"pid":484653,"thread":{"name":"Test worker"}},"service":{"name":"card-authorization-service","node":{}},"message":"Tomcat started on port 45187 (http) with context path '/'","tags":["COMMONS-LOGGING"],"ecs":{"version":"8.11"}}
{"@timestamp":"2026-09-08T07:45:38.753870115Z","log":{"level":"INFO","logger":"pl.fairydeck.authorization.acceptance.AcceptanceContext"},"process":{"pid":484653,"thread":{"name":"Test worker"}},"service":{"name":"card-authorization-service","node":{}},"message":"Started AcceptanceContext in 5.043 seconds (process running for 6.148)","tags":["COMMONS-LOGGING"],"ecs":{"version":"8.11"}}
{"@timestamp":"2026-09-08T07:45:38.757872917Z","log":{"level":"INFO","logger":"com.zaxxer.hikari.HikariDataSource"},"process":{"pid":484653,"thread":{"name":"scheduling-1"}},"service":{"name":"card-authorization-service","node":{}},"message":"HikariPool-1 - Starting...","ecs":{"version":"8.11"}}
{"@timestamp":"2026-09-08T07:45:38.772490800Z","log":{"level":"INFO","logger":"com.zaxxer.hikari.pool.HikariPool"},"process":{"pid":484653,"thread":{"name":"scheduling-1"}},"service":{"name":"card-authorization-service","node":{}},"message":"HikariPool-1 - Added connection org.postgresql.jdbc.PgConnection@4eecc1c8","ecs":{"version":"8.11"}}
{"@timestamp":"2026-09-08T07:45:38.773546739Z","log":{"level":"INFO","logger":"com.zaxxer.hikari.HikariDataSource"},"process":{"pid":484653,"thread":{"name":"scheduling-1"}},"service":{"name":"card-authorization-service","node":{}},"message":"HikariPool-1 - Start completed.","ecs":{"version":"8.11"}}

?[1mScenario:?[22m A purchase within the available balance is approved ?[90m# classpath:pl/fairydeck/authorization/acceptance/card_authorization.feature:9?[39m
{"@timestamp":"2026-09-08T07:45:39.335023443Z","log":{"level":"INFO","logger":"org.apache.catalina.core.ContainerBase.[Tomcat].[localhost].[/]"},"process":{"pid":484653,"thread":{"name":"http-nio-auto-1-exec-1"}},"service":{"name":"card-authorization-service","node":{}},"message":"Initializing Spring DispatcherServlet 'dispatcherServlet'","ecs":{"version":"8.11"}}
{"@timestamp":"2026-09-08T07:45:39.335487983Z","log":{"level":"INFO","logger":"org.springframework.web.servlet.DispatcherServlet"},"process":{"pid":484653,"thread":{"name":"http-nio-auto-1-exec-1"}},"service":{"name":"card-authorization-service","node":{}},"message":"Initializing Servlet 'dispatcherServlet'","tags":["COMMONS-LOGGING"],"ecs":{"version":"8.11"}}
{"@timestamp":"2026-09-08T07:45:39.336523093Z","log":{"level":"INFO","logger":"org.springframework.web.servlet.DispatcherServlet"},"process":{"pid":484653,"thread":{"name":"http-nio-auto-1-exec-1"}},"service":{"name":"card-authorization-service","node":{}},"message":"Completed initialization in 1 ms","tags":["COMMONS-LOGGING"],"ecs":{"version":"8.11"}}
{"@timestamp":"2026-09-08T07:45:39.422845501Z","log":{"level":"INFO","logger":"pl.fairydeck.authorization.technical.logbook.RequestLoggingFilter"},"process":{"pid":484653,"thread":{"name":"http-nio-auto-1-exec-1"}},"service":{"name":"card-authorization-service","node":{}},"message":"POST /v1/cards responded 201 in 83 ms","correlationId":"167dde93-6fe4-4419-b50e-28b6a228820b","ecs":{"version":"8.11"}}
{"@timestamp":"2026-09-08T07:45:39.822128524Z","log":{"level":"INFO","logger":"pl.fairydeck.authorization.technical.logbook.RequestLoggingFilter"},"process":{"pid":484653,"thread":{"name":"http-nio-auto-1-exec-2"}},"service":{"name":"card-authorization-service","node":{}},"message":"POST /v1/authorizations responded 201 in 385 ms","correlationId":"1bf33074-3f4d-4859-a888-cd619a8f7653","ecs":{"version":"8.11"}}
  ?[32m✔?[39m ?[32m?[1mGiven ?[22mthe risk engine scores every purchase as low risk?[39m   ?[90m# pl.fairydeck.authorization.acceptance.CardAuthorizationSteps.theRiskEngineScoresEveryPurchaseAsLowRisk()?[39m
{"@timestamp":"2026-09-08T07:45:39.831523711Z","log":{"level":"INFO","logger":"pl.fairydeck.authorization.technical.logbook.RequestLoggingFilter"},"process":{"pid":484653,"thread":{"name":"http-nio-auto-1-exec-3"}},"service":{"name":"card-authorization-service","node":{}},"message":"POST /v1/cards responded 201 in 1 ms","correlationId":"1a891254-12f6-4e6a-b4f6-6d36b148ba87","ecs":{"version":"8.11"}}
  ?[32m✔?[39m ?[32m?[1mGiven ?[22ma card with a credit limit of ?[1m100.00?[22m ?[1mGBP?[22m?[39m            ?[90m# pl.fairydeck.authorization.acceptance.CardAuthorizationSteps.aCardWithACreditLimitOf(java.math.BigDecimal,java.lang.String)?[39m
{"@timestamp":"2026-09-08T07:45:39.844254759Z","log":{"level":"INFO","logger":"pl.fairydeck.authorization.technical.logbook.RequestLoggingFilter"},"process":{"pid":484653,"thread":{"name":"http-nio-auto-1-exec-4"}},"service":{"name":"card-authorization-service","node":{}},"message":"POST /v1/authorizations responded 201 in 9 ms","correlationId":"2c46ad1d-e722-44d7-8208-116bad950ba8","ecs":{"version":"8.11"}}
  ?[32m✔?[39m ?[32m?[1mWhen ?[22ma purchase of ?[1m30.00?[22m ?[1mGBP?[22m is made at ?[1m"Coffee Corner"?[22m?[39m   ?[90m# pl.fairydeck.authorization.acceptance.CardAuthorizationSteps.aPurchaseIsMadeAt(java.math.BigDecimal,java.lang.String,java.lang.String)?[39m
  ?[32m✔?[39m ?[32m?[1mThen ?[22mthe purchase is approved?[39m                             ?[90m# pl.fairydeck.authorization.acceptance.CardAuthorizationSteps.thePurchaseIsApproved()?[39m
{"@timestamp":"2026-09-08T07:45:39.887139204Z","log":{"level":"INFO","logger":"pl.fairydeck.authorization.technical.logbook.RequestLoggingFilter"},"process":{"pid":484653,"thread":{"name":"http-nio-auto-1-exec-5"}},"service":{"name":"card-authorization-service","node":{}},"message":"GET /v1/cards/e1b26efc-3c46-48d8-b05e-29de8c7b9952/balance responded 200 in 9 ms","correlationId":"d12e93c4-0430-4e8d-92ee-079d866e24a4","ecs":{"version":"8.11"}}
{"@timestamp":"2026-09-08T07:45:39.894758172Z","log":{"level":"INFO","logger":"pl.fairydeck.authorization.technical.logbook.RequestLoggingFilter"},"process":{"pid":484653,"thread":{"name":"http-nio-auto-1-exec-6"}},"service":{"name":"card-authorization-service","node":{}},"message":"GET /v1/cards/e1b26efc-3c46-48d8-b05e-29de8c7b9952/balance responded 200 in 2 ms","correlationId":"6fbef600-9381-4f7e-a126-6d3b34cf0d82","ecs":{"version":"8.11"}}
  ?[32m✔?[39m ?[32m?[1mAnd ?[22mthe available balance is ?[1m70.00?[22m ?[1mGBP?[22m?[39m                    ?[90m# pl.fairydeck.authorization.acceptance.CardAuthorizationSteps.theAvailableBalanceIs(java.math.BigDecimal,java.lang.String)?[39m
{"@timestamp":"2026-09-08T07:45:39.905088621Z","log":{"level":"INFO","logger":"org.springframework.test.context.support.AnnotationConfigContextLoaderUtils"},"process":{"pid":484653,"thread":{"name":"Test worker"}},"service":{"name":"card-authorization-service","node":{}},"message":"Could not detect default configuration classes for test class [pl.fairydeck.authorization.acceptance.AcceptanceContext]: AcceptanceContext does not declare any static, non-private, non-final, nested classes annotated with @Configuration.","tags":["COMMONS-LOGGING"],"ecs":{"version":"8.11"}}
{"@timestamp":"2026-09-08T07:45:39.907955614Z","log":{"level":"INFO","logger":"org.springframework.boot.test.context.SpringBootTestContextBootstrapper"},"process":{"pid":484653,"thread":{"name":"Test worker"}},"service":{"name":"card-authorization-service","node":{}},"message":"Found @SpringBootConfiguration pl.fairydeck.authorization.CardAuthorizationApplication for test class pl.fairydeck.authorization.acceptance.AcceptanceContext","tags":["COMMONS-LOGGING"],"ecs":{"version":"8.11"}}
{"@timestamp":"2026-09-08T07:45:39.908807550Z","log":{"level":"INFO","logger":"org.springframework.test.context.support.AnnotationConfigContextLoaderUtils"},"process":{"pid":484653,"thread":{"name":"Test worker"}},"service":{"name":"card-authorization-service","node":{}},"message":"Could not detect default configuration classes for test class [pl.fairydeck.authorization.acceptance.AcceptanceContext]: AcceptanceContext does not declare any static, non-private, non-final, nested classes annotated with @Configuration.","tags":["COMMONS-LOGGING"],"ecs":{"version":"8.11"}}
{"@timestamp":"2026-09-08T07:45:39.910926061Z","log":{"level":"INFO","logger":"org.springframework.boot.test.context.SpringBootTestContextBootstrapper"},"process":{"pid":484653,"thread":{"name":"Test worker"}},"service":{"name":"card-authorization-service","node":{}},"message":"Found @SpringBootConfiguration pl.fairydeck.authorization.CardAuthorizationApplication for test class pl.fairydeck.authorization.acceptance.AcceptanceContext","tags":["COMMONS-LOGGING"],"ecs":{"version":"8.11"}}

?[1mScenario:?[22m A purchase exceeding the available balance is declined  ?[90m# classpath:pl/fairydeck/authorization/acceptance/card_authorization.feature:15?[39m
  ?[32m✔?[39m ?[32m?[1mGiven ?[22mthe risk engine scores every purchase as low risk?[39m       ?[90m# pl.fairydeck.authorization.acceptance.CardAuthorizationSteps.theRiskEngineScoresEveryPurchaseAsLowRisk()?[39m
{"@timestamp":"2026-09-08T07:45:39.919929974Z","log":{"level":"INFO","logger":"pl.fairydeck.authorization.technical.logbook.RequestLoggingFilter"},"process":{"pid":484653,"thread":{"name":"http-nio-auto-1-exec-7"}},"service":{"name":"card-authorization-service","node":{}},"message":"POST /v1/cards responded 201 in 1 ms","correlationId":"9e79c84a-2a3f-45fe-890f-fe5ed8a5120d","ecs":{"version":"8.11"}}
  ?[32m✔?[39m ?[32m?[1mGiven ?[22ma card with a credit limit of ?[1m100.00?[22m ?[1mGBP?[22m?[39m                ?[90m# pl.fairydeck.authorization.acceptance.CardAuthorizationSteps.aCardWithACreditLimitOf(java.math.BigDecimal,java.lang.String)?[39m
{"@timestamp":"2026-09-08T07:45:39.931930082Z","log":{"level":"INFO","logger":"pl.fairydeck.authorization.technical.logbook.RequestLoggingFilter"},"process":{"pid":484653,"thread":{"name":"http-nio-auto-1-exec-8"}},"service":{"name":"card-authorization-service","node":{}},"message":"POST /v1/authorizations responded 201 in 8 ms","correlationId":"68d23941-0986-47d7-b41b-e82966f8ea12","ecs":{"version":"8.11"}}
  ?[32m✔?[39m ?[32m?[1mWhen ?[22ma purchase of ?[1m100.01?[22m ?[1mGBP?[22m is made at ?[1m"Coffee Corner"?[22m?[39m      ?[90m# pl.fairydeck.authorization.acceptance.CardAuthorizationSteps.aPurchaseIsMadeAt(java.math.BigDecimal,java.lang.String,java.lang.String)?[39m
  ?[32m✔?[39m ?[32m?[1mThen ?[22mthe purchase is declined because of ?[1m"INSUFFICIENT_FUNDS"?[22m?[39m ?[90m# pl.fairydeck.authorization.acceptance.CardAuthorizationSteps.thePurchaseIsDeclinedBecauseOf(java.lang.String)?[39m
{"@timestamp":"2026-09-08T07:45:39.936952574Z","log":{"level":"INFO","logger":"pl.fairydeck.authorization.technical.logbook.RequestLoggingFilter"},"process":{"pid":484653,"thread":{"name":"http-nio-auto-1-exec-9"}},"service":{"name":"card-authorization-service","node":{}},"message":"GET /v1/cards/970fd2af-af2d-482c-be82-f515fbe8120a/balance responded 200 in 2 ms","correlationId":"8ccc5ffa-c82e-49a5-b75a-4e45d8d57571","ecs":{"version":"8.11"}}
{"@timestamp":"2026-09-08T07:45:39.941798786Z","log":{"level":"INFO","logger":"pl.fairydeck.authorization.technical.logbook.RequestLoggingFilter"},"process":{"pid":484653,"thread":{"name":"http-nio-auto-1-exec-10"}},"service":{"name":"card-authorization-service","node":{}},"message":"GET /v1/cards/970fd2af-af2d-482c-be82-f515fbe8120a/balance responded 200 in 1 ms","correlationId":"0d3cb306-4d14-489e-a757-504ce680b22f","ecs":{"version":"8.11"}}
  ?[32m✔?[39m ?[32m?[1mAnd ?[22mthe available balance is ?[1m100.00?[22m ?[1mGBP?[22m?[39m                       ?[90m# pl.fairydeck.authorization.acceptance.CardAuthorizationSteps.theAvailableBalanceIs(java.math.BigDecimal,java.lang.String)?[39m
{"@timestamp":"2026-09-08T07:45:39.945251486Z","log":{"level":"INFO","logger":"org.springframework.test.context.support.AnnotationConfigContextLoaderUtils"},"process":{"pid":484653,"thread":{"name":"Test worker"}},"service":{"name":"card-authorization-service","node":{}},"message":"Could not detect default configuration classes for test class [pl.fairydeck.authorization.acceptance.AcceptanceContext]: AcceptanceContext does not declare any static, non-private, non-final, nested classes annotated with @Configuration.","tags":["COMMONS-LOGGING"],"ecs":{"version":"8.11"}}
{"@timestamp":"2026-09-08T07:45:39.947661062Z","log":{"level":"INFO","logger":"org.springframework.boot.test.context.SpringBootTestContextBootstrapper"},"process":{"pid":484653,"thread":{"name":"Test worker"}},"service":{"name":"card-authorization-service","node":{}},"message":"Found @SpringBootConfiguration pl.fairydeck.authorization.CardAuthorizationApplication for test class pl.fairydeck.authorization.acceptance.AcceptanceContext","tags":["COMMONS-LOGGING"],"ecs":{"version":"8.11"}}
{"@timestamp":"2026-09-08T07:45:39.948373697Z","log":{"level":"INFO","logger":"org.springframework.test.context.support.AnnotationConfigContextLoaderUtils"},"process":{"pid":484653,"thread":{"name":"Test worker"}},"service":{"name":"card-authorization-service","node":{}},"message":"Could not detect default configuration classes for test class [pl.fairydeck.authorization.acceptance.AcceptanceContext]: AcceptanceContext does not declare any static, non-private, non-final, nested classes annotated with @Configuration.","tags":["COMMONS-LOGGING"],"ecs":{"version":"8.11"}}
{"@timestamp":"2026-09-08T07:45:39.950509119Z","log":{"level":"INFO","logger":"org.springframework.boot.test.context.SpringBootTestContextBootstrapper"},"process":{"pid":484653,"thread":{"name":"Test worker"}},"service":{"name":"card-authorization-service","node":{}},"message":"Found @SpringBootConfiguration pl.fairydeck.authorization.CardAuthorizationApplication for test class pl.fairydeck.authorization.acceptance.AcceptanceContext","tags":["COMMONS-LOGGING"],"ecs":{"version":"8.11"}}

?[1mScenario:?[22m A purchase on a blocked card is declined             ?[90m# classpath:pl/fairydeck/authorization/acceptance/card_authorization.feature:21?[39m
  ?[32m✔?[39m ?[32m?[1mGiven ?[22mthe risk engine scores every purchase as low risk?[39m    ?[90m# pl.fairydeck.authorization.acceptance.CardAuthorizationSteps.theRiskEngineScoresEveryPurchaseAsLowRisk()?[39m
  ?[32m✔?[39m ?[32m?[1mGiven ?[22ma blocked card with a credit limit of ?[1m100.00?[22m ?[1mGBP?[22m?[39m     ?[90m# pl.fairydeck.authorization.acceptance.CardAuthorizationSteps.aBlockedCardWithACreditLimitOf(java.math.BigDecimal,java.lang.String)?[39m
{"@timestamp":"2026-09-08T07:45:39.968735224Z","log":{"level":"INFO","logger":"pl.fairydeck.authorization.technical.logbook.RequestLoggingFilter"},"process":{"pid":484653,"thread":{"name":"http-nio-auto-1-exec-1"}},"service":{"name":"card-authorization-service","node":{}},"message":"POST /v1/authorizations responded 201 in 10 ms","correlationId":"bc075f61-ff2b-43f7-a5e9-1a9d278a734e","ecs":{"version":"8.11"}}
  ?[32m✔?[39m ?[32m?[1mWhen ?[22ma purchase of ?[1m1.00?[22m ?[1mGBP?[22m is made at ?[1m"Coffee Corner"?[22m?[39m     ?[90m# pl.fairydeck.authorization.acceptance.CardAuthorizationSteps.aPurchaseIsMadeAt(java.math.BigDecimal,java.lang.String,java.lang.String)?[39m
  ?[32m✔?[39m ?[32m?[1mThen ?[22mthe purchase is declined because of ?[1m"CARD_NOT_ACTIVE"?[22m?[39m ?[90m# pl.fairydeck.authorization.acceptance.CardAuthorizationSteps.thePurchaseIsDeclinedBecauseOf(java.lang.String)?[39m
{"@timestamp":"2026-09-08T07:45:39.973237301Z","log":{"level":"INFO","logger":"org.springframework.test.context.support.AnnotationConfigContextLoaderUtils"},"process":{"pid":484653,"thread":{"name":"Test worker"}},"service":{"name":"card-authorization-service","node":{}},"message":"Could not detect default configuration classes for test class [pl.fairydeck.authorization.acceptance.AcceptanceContext]: AcceptanceContext does not declare any static, non-private, non-final, nested classes annotated with @Configuration.","tags":["COMMONS-LOGGING"],"ecs":{"version":"8.11"}}
{"@timestamp":"2026-09-08T07:45:39.975671643Z","log":{"level":"INFO","logger":"org.springframework.boot.test.context.SpringBootTestContextBootstrapper"},"process":{"pid":484653,"thread":{"name":"Test worker"}},"service":{"name":"card-authorization-service","node":{}},"message":"Found @SpringBootConfiguration pl.fairydeck.authorization.CardAuthorizationApplication for test class pl.fairydeck.authorization.acceptance.AcceptanceContext","tags":["COMMONS-LOGGING"],"ecs":{"version":"8.11"}}
{"@timestamp":"2026-09-08T07:45:39.976278591Z","log":{"level":"INFO","logger":"org.springframework.test.context.support.AnnotationConfigContextLoaderUtils"},"process":{"pid":484653,"thread":{"name":"Test worker"}},"service":{"name":"card-authorization-service","node":{}},"message":"Could not detect default configuration classes for test class [pl.fairydeck.authorization.acceptance.AcceptanceContext]: AcceptanceContext does not declare any static, non-private, non-final, nested classes annotated with @Configuration.","tags":["COMMONS-LOGGING"],"ecs":{"version":"8.11"}}
{"@timestamp":"2026-09-08T07:45:39.978096577Z","log":{"level":"INFO","logger":"org.springframework.boot.test.context.SpringBootTestContextBootstrapper"},"process":{"pid":484653,"thread":{"name":"Test worker"}},"service":{"name":"card-authorization-service","node":{}},"message":"Found @SpringBootConfiguration pl.fairydeck.authorization.CardAuthorizationApplication for test class pl.fairydeck.authorization.acceptance.AcceptanceContext","tags":["COMMONS-LOGGING"],"ecs":{"version":"8.11"}}

?[1mScenario:?[22m A retried purchase with the same idempotency key is not authorized twice ?[90m# classpath:pl/fairydeck/authorization/acceptance/card_authorization.feature:26?[39m
  ?[32m✔?[39m ?[32m?[1mGiven ?[22mthe risk engine scores every purchase as low risk?[39m                        ?[90m# pl.fairydeck.authorization.acceptance.CardAuthorizationSteps.theRiskEngineScoresEveryPurchaseAsLowRisk()?[39m
{"@timestamp":"2026-09-08T07:45:39.986291224Z","log":{"level":"INFO","logger":"pl.fairydeck.authorization.technical.logbook.RequestLoggingFilter"},"process":{"pid":484653,"thread":{"name":"http-nio-auto-1-exec-2"}},"service":{"name":"card-authorization-service","node":{}},"message":"POST /v1/cards responded 201 in 1 ms","correlationId":"66b80215-36d5-4d7e-b873-c9ce65fc6535","ecs":{"version":"8.11"}}
  ?[32m✔?[39m ?[32m?[1mGiven ?[22ma card with a credit limit of ?[1m100.00?[22m ?[1mGBP?[22m?[39m                                 ?[90m# pl.fairydeck.authorization.acceptance.CardAuthorizationSteps.aCardWithACreditLimitOf(java.math.BigDecimal,java.lang.String)?[39m
{"@timestamp":"2026-09-08T07:45:39.999080862Z","log":{"level":"INFO","logger":"pl.fairydeck.authorization.technical.logbook.RequestLoggingFilter"},"process":{"pid":484653,"thread":{"name":"http-nio-auto-1-exec-3"}},"service":{"name":"card-authorization-service","node":{}},"message":"POST /v1/authorizations responded 201 in 9 ms","correlationId":"a95e2a9b-a622-49ac-8cec-64aeade307a3","ecs":{"version":"8.11"}}
  ?[32m✔?[39m ?[32m?[1mWhen ?[22ma purchase of ?[1m30.00?[22m ?[1mGBP?[22m is made with idempotency key ?[1m"retry-once"?[22m?[39m         ?[90m# pl.fairydeck.authorization.acceptance.CardAuthorizationSteps.aPurchaseIsMadeWithIdempotencyKey(java.math.BigDecimal,java.lang.String,java.lang.String)?[39m
{"@timestamp":"2026-09-08T07:45:40.005569391Z","log":{"level":"INFO","logger":"pl.fairydeck.authorization.technical.logbook.RequestLoggingFilter"},"process":{"pid":484653,"thread":{"name":"http-nio-auto-1-exec-4"}},"service":{"name":"card-authorization-service","node":{}},"message":"POST /v1/authorizations responded 201 in 3 ms","correlationId":"eadee774-2db1-45a5-9254-a84379c254c1","ecs":{"version":"8.11"}}
  ?[32m✔?[39m ?[32m?[1mAnd ?[22mthe same purchase is retried with idempotency key ?[1m"retry-once"?[22m?[39m             ?[90m# pl.fairydeck.authorization.acceptance.CardAuthorizationSteps.theSamePurchaseIsRetriedWithIdempotencyKey(java.lang.String)?[39m
  ?[32m✔?[39m ?[32m?[1mThen ?[22mboth answers refer to the same authorization?[39m                              ?[90m# pl.fairydeck.authorization.acceptance.CardAuthorizationSteps.bothAnswersReferToTheSameAuthorization()?[39m
{"@timestamp":"2026-09-08T07:45:40.014607719Z","log":{"level":"INFO","logger":"pl.fairydeck.authorization.technical.logbook.RequestLoggingFilter"},"process":{"pid":484653,"thread":{"name":"http-nio-auto-1-exec-5"}},"service":{"name":"card-authorization-service","node":{}},"message":"GET /v1/cards/f02ebfd2-9523-478b-9ad4-f7dcff389e1b/balance responded 200 in 2 ms","correlationId":"12afcc4a-0a07-4206-96cb-f64e8ccf5ecd","ecs":{"version":"8.11"}}
{"@timestamp":"2026-09-08T07:45:40.019026961Z","log":{"level":"INFO","logger":"pl.fairydeck.authorization.technical.logbook.RequestLoggingFilter"},"process":{"pid":484653,"thread":{"name":"http-nio-auto-1-exec-6"}},"service":{"name":"card-authorization-service","node":{}},"message":"GET /v1/cards/f02ebfd2-9523-478b-9ad4-f7dcff389e1b/balance responded 200 in 1 ms","correlationId":"de8a8e3a-9adb-4cda-a752-1da803266b68","ecs":{"version":"8.11"}}
  ?[32m✔?[39m ?[32m?[1mAnd ?[22mthe available balance is ?[1m70.00?[22m ?[1mGBP?[22m?[39m                                         ?[90m# pl.fairydeck.authorization.acceptance.CardAuthorizationSteps.theAvailableBalanceIs(java.math.BigDecimal,java.lang.String)?[39m
{"@timestamp":"2026-09-08T07:45:40.021928568Z","log":{"level":"INFO","logger":"org.springframework.test.context.support.AnnotationConfigContextLoaderUtils"},"process":{"pid":484653,"thread":{"name":"Test worker"}},"service":{"name":"card-authorization-service","node":{}},"message":"Could not detect default configuration classes for test class [pl.fairydeck.authorization.acceptance.AcceptanceContext]: AcceptanceContext does not declare any static, non-private, non-final, nested classes annotated with @Configuration.","tags":["COMMONS-LOGGING"],"ecs":{"version":"8.11"}}
{"@timestamp":"2026-09-08T07:45:40.024107011Z","log":{"level":"INFO","logger":"org.springframework.boot.test.context.SpringBootTestContextBootstrapper"},"process":{"pid":484653,"thread":{"name":"Test worker"}},"service":{"name":"card-authorization-service","node":{}},"message":"Found @SpringBootConfiguration pl.fairydeck.authorization.CardAuthorizationApplication for test class pl.fairydeck.authorization.acceptance.AcceptanceContext","tags":["COMMONS-LOGGING"],"ecs":{"version":"8.11"}}
{"@timestamp":"2026-09-08T07:45:40.024637345Z","log":{"level":"INFO","logger":"org.springframework.test.context.support.AnnotationConfigContextLoaderUtils"},"process":{"pid":484653,"thread":{"name":"Test worker"}},"service":{"name":"card-authorization-service","node":{}},"message":"Could not detect default configuration classes for test class [pl.fairydeck.authorization.acceptance.AcceptanceContext]: AcceptanceContext does not declare any static, non-private, non-final, nested classes annotated with @Configuration.","tags":["COMMONS-LOGGING"],"ecs":{"version":"8.11"}}
{"@timestamp":"2026-09-08T07:45:40.026364451Z","log":{"level":"INFO","logger":"org.springframework.boot.test.context.SpringBootTestContextBootstrapper"},"process":{"pid":484653,"thread":{"name":"Test worker"}},"service":{"name":"card-authorization-service","node":{}},"message":"Found @SpringBootConfiguration pl.fairydeck.authorization.CardAuthorizationApplication for test class pl.fairydeck.authorization.acceptance.AcceptanceContext","tags":["COMMONS-LOGGING"],"ecs":{"version":"8.11"}}

?[1mScenario:?[22m Concurrent purchases cannot overdraw the available balance ?[90m# classpath:pl/fairydeck/authorization/acceptance/card_authorization.feature:33?[39m
  ?[32m✔?[39m ?[32m?[1mGiven ?[22mthe risk engine scores every purchase as low risk?[39m          ?[90m# pl.fairydeck.authorization.acceptance.CardAuthorizationSteps.theRiskEngineScoresEveryPurchaseAsLowRisk()?[39m
{"@timestamp":"2026-09-08T07:45:40.034556473Z","log":{"level":"INFO","logger":"pl.fairydeck.authorization.technical.logbook.RequestLoggingFilter"},"process":{"pid":484653,"thread":{"name":"http-nio-auto-1-exec-7"}},"service":{"name":"card-authorization-service","node":{}},"message":"POST /v1/cards responded 201 in 1 ms","correlationId":"c9dbfec2-edbf-4f61-b6c3-18748d341f04","ecs":{"version":"8.11"}}
  ?[32m✔?[39m ?[32m?[1mGiven ?[22ma card with a credit limit of ?[1m100.00?[22m ?[1mGBP?[22m?[39m                   ?[90m# pl.fairydeck.authorization.acceptance.CardAuthorizationSteps.aCardWithACreditLimitOf(java.math.BigDecimal,java.lang.String)?[39m
{"@timestamp":"2026-09-08T07:45:40.056639416Z","log":{"level":"INFO","logger":"pl.fairydeck.authorization.technical.logbook.RequestLoggingFilter"},"process":{"pid":484653,"thread":{"name":"http-nio-auto-1-exec-10"}},"service":{"name":"card-authorization-service","node":{}},"message":"POST /v1/authorizations responded 201 in 13 ms","correlationId":"f5936b74-cdb5-4421-ba0f-9d6e1075a2fc","ecs":{"version":"8.11"}}
{"@timestamp":"2026-09-08T07:45:40.067143080Z","log":{"level":"INFO","logger":"pl.fairydeck.authorization.technical.logbook.RequestLoggingFilter"},"process":{"pid":484653,"thread":{"name":"http-nio-auto-1-exec-8"}},"service":{"name":"card-authorization-service","node":{}},"message":"POST /v1/authorizations responded 201 in 23 ms","correlationId":"ffed83eb-48fa-4296-acae-3c7433d7a065","ecs":{"version":"8.11"}}
{"@timestamp":"2026-09-08T07:45:40.077239821Z","log":{"level":"INFO","logger":"pl.fairydeck.authorization.technical.logbook.RequestLoggingFilter"},"process":{"pid":484653,"thread":{"name":"http-nio-auto-1-exec-1"}},"service":{"name":"card-authorization-service","node":{}},"message":"POST /v1/authorizations responded 201 in 34 ms","correlationId":"a03bc64a-9583-4bad-8f8c-3144ef1eb0af","ecs":{"version":"8.11"}}
{"@timestamp":"2026-09-08T07:45:40.088116694Z","log":{"level":"INFO","logger":"pl.fairydeck.authorization.technical.logbook.RequestLoggingFilter"},"process":{"pid":484653,"thread":{"name":"http-nio-auto-1-exec-9"}},"service":{"name":"card-authorization-service","node":{}},"message":"POST /v1/authorizations responded 201 in 44 ms","correlationId":"60439d76-f241-4fc2-bd6c-e09ad96a69ee","ecs":{"version":"8.11"}}
{"@timestamp":"2026-09-08T07:45:40.099800139Z","log":{"level":"INFO","logger":"pl.fairydeck.authorization.technical.logbook.RequestLoggingFilter"},"process":{"pid":484653,"thread":{"name":"http-nio-auto-1-exec-2"}},"service":{"name":"card-authorization-service","node":{}},"message":"POST /v1/authorizations responded 201 in 56 ms","correlationId":"a57eb782-6991-4a5f-a696-447a26773137","ecs":{"version":"8.11"}}
{"@timestamp":"2026-09-08T07:45:40.101862895Z","log":{"level":"INFO","logger":"pl.fairydeck.authorization.technical.logbook.RequestLoggingFilter"},"process":{"pid":484653,"thread":{"name":"http-nio-auto-1-exec-6"}},"service":{"name":"card-authorization-service","node":{}},"message":"POST /v1/authorizations responded 201 in 42 ms","correlationId":"65da94d0-cd44-47c5-b57c-698bb28dd823","ecs":{"version":"8.11"}}
{"@timestamp":"2026-09-08T07:45:40.104764021Z","log":{"level":"INFO","logger":"pl.fairydeck.authorization.technical.logbook.RequestLoggingFilter"},"process":{"pid":484653,"thread":{"name":"http-nio-auto-1-exec-7"}},"service":{"name":"card-authorization-service","node":{}},"message":"POST /v1/authorizations responded 201 in 36 ms","correlationId":"c5df5735-ad3c-431a-9e0f-2beee733531a","ecs":{"version":"8.11"}}
{"@timestamp":"2026-09-08T07:45:40.107949481Z","log":{"level":"INFO","logger":"pl.fairydeck.authorization.technical.logbook.RequestLoggingFilter"},"process":{"pid":484653,"thread":{"name":"http-nio-auto-1-exec-5"}},"service":{"name":"card-authorization-service","node":{}},"message":"POST /v1/authorizations responded 201 in 29 ms","correlationId":"c921c1a2-c4fe-46d8-a552-bfdaadd69de2","ecs":{"version":"8.11"}}
{"@timestamp":"2026-09-08T07:45:40.111080088Z","log":{"level":"INFO","logger":"pl.fairydeck.authorization.technical.logbook.RequestLoggingFilter"},"process":{"pid":484653,"thread":{"name":"http-nio-auto-1-exec-3"}},"service":{"name":"card-authorization-service","node":{}},"message":"POST /v1/authorizations responded 201 in 21 ms","correlationId":"d1dcc54b-5f4f-4f18-92d5-7be9ab1b4cda","ecs":{"version":"8.11"}}
{"@timestamp":"2026-09-08T07:45:40.113558813Z","log":{"level":"INFO","logger":"pl.fairydeck.authorization.technical.logbook.RequestLoggingFilter"},"process":{"pid":484653,"thread":{"name":"http-nio-auto-1-exec-4"}},"service":{"name":"card-authorization-service","node":{}},"message":"POST /v1/authorizations responded 201 in 12 ms","correlationId":"50a68924-3b22-4ead-a00d-0eac2fd79e64","ecs":{"version":"8.11"}}
{"@timestamp":"2026-09-08T07:45:40.116093012Z","log":{"level":"INFO","logger":"pl.fairydeck.authorization.technical.logbook.RequestLoggingFilter"},"process":{"pid":484653,"thread":{"name":"http-nio-auto-1-exec-10"}},"service":{"name":"card-authorization-service","node":{}},"message":"POST /v1/authorizations responded 201 in 12 ms","correlationId":"a9bdc96e-4299-48e9-9952-3852cb815d57","ecs":{"version":"8.11"}}
{"@timestamp":"2026-09-08T07:45:40.119465562Z","log":{"level":"INFO","logger":"pl.fairydeck.authorization.technical.logbook.RequestLoggingFilter"},"process":{"pid":484653,"thread":{"name":"http-nio-auto-1-exec-8"}},"service":{"name":"card-authorization-service","node":{}},"message":"POST /v1/authorizations responded 201 in 13 ms","correlationId":"03bd7e39-e8e9-4c8e-a8f3-35bf014788e5","ecs":{"version":"8.11"}}
{"@timestamp":"2026-09-08T07:45:40.122196219Z","log":{"level":"INFO","logger":"pl.fairydeck.authorization.technical.logbook.RequestLoggingFilter"},"process":{"pid":484653,"thread":{"name":"http-nio-auto-1-exec-1"}},"service":{"name":"card-authorization-service","node":{}},"message":"POST /v1/authorizations responded 201 in 12 ms","correlationId":"1238c038-ff23-4a1f-8d56-f0acd701009a","ecs":{"version":"8.11"}}
{"@timestamp":"2026-09-08T07:45:40.125386608Z","log":{"level":"INFO","logger":"pl.fairydeck.authorization.technical.logbook.RequestLoggingFilter"},"process":{"pid":484653,"thread":{"name":"http-nio-auto-1-exec-9"}},"service":{"name":"card-authorization-service","node":{}},"message":"POST /v1/authorizations responded 201 in 12 ms","correlationId":"fb60e08f-2cd7-4f04-afbf-4e5fb20aed8e","ecs":{"version":"8.11"}}
{"@timestamp":"2026-09-08T07:45:40.128414282Z","log":{"level":"INFO","logger":"pl.fairydeck.authorization.technical.logbook.RequestLoggingFilter"},"process":{"pid":484653,"thread":{"name":"http-nio-auto-1-exec-6"}},"service":{"name":"card-authorization-service","node":{}},"message":"POST /v1/authorizations responded 201 in 10 ms","correlationId":"30f77209-38b7-48c9-a793-74f12088b8e5","ecs":{"version":"8.11"}}
{"@timestamp":"2026-09-08T07:45:40.130790064Z","log":{"level":"INFO","logger":"pl.fairydeck.authorization.technical.logbook.RequestLoggingFilter"},"process":{"pid":484653,"thread":{"name":"http-nio-auto-1-exec-2"}},"service":{"name":"card-authorization-service","node":{}},"message":"POST /v1/authorizations responded 201 in 15 ms","correlationId":"7af02271-352b-4bea-845d-b8aa0d439f10","ecs":{"version":"8.11"}}
  ?[32m✔?[39m ?[32m?[1mWhen ?[22m?[1m16?[22m purchases of ?[1m10.00?[22m ?[1mGBP?[22m are made at the same time?[39m         ?[90m# pl.fairydeck.authorization.acceptance.CardAuthorizationSteps.purchasesAreMadeAtTheSameTime(int,java.math.BigDecimal,java.lang.String)?[39m
  ?[32m✔?[39m ?[32m?[1mThen ?[22mexactly ?[1m10?[22m of them are approved?[39m                             ?[90m# pl.fairydeck.authorization.acceptance.CardAuthorizationSteps.exactlyOfThemAreApproved(int)?[39m
{"@timestamp":"2026-09-08T07:45:40.137014759Z","log":{"level":"INFO","logger":"pl.fairydeck.authorization.technical.logbook.RequestLoggingFilter"},"process":{"pid":484653,"thread":{"name":"http-nio-auto-1-exec-7"}},"service":{"name":"card-authorization-service","node":{}},"message":"GET /v1/cards/a9ad8b65-38e9-423c-826b-94c2614126f5/balance responded 200 in 2 ms","correlationId":"dbbeaa86-4ab1-4407-b9a0-b9bc93c93d7f","ecs":{"version":"8.11"}}
{"@timestamp":"2026-09-08T07:45:40.141995162Z","log":{"level":"INFO","logger":"pl.fairydeck.authorization.technical.logbook.RequestLoggingFilter"},"process":{"pid":484653,"thread":{"name":"http-nio-auto-1-exec-5"}},"service":{"name":"card-authorization-service","node":{}},"message":"GET /v1/cards/a9ad8b65-38e9-423c-826b-94c2614126f5/balance responded 200 in 2 ms","correlationId":"4c590dde-b009-453a-b743-3e7bc611598e","ecs":{"version":"8.11"}}
  ?[32m✔?[39m ?[32m?[1mAnd ?[22mthe available balance is ?[1m0.00?[22m ?[1mGBP?[22m?[39m                            ?[90m# pl.fairydeck.authorization.acceptance.CardAuthorizationSteps.theAvailableBalanceIs(java.math.BigDecimal,java.lang.String)?[39m
{"@timestamp":"2026-09-08T07:45:40.145263437Z","log":{"level":"INFO","logger":"org.springframework.test.context.support.AnnotationConfigContextLoaderUtils"},"process":{"pid":484653,"thread":{"name":"Test worker"}},"service":{"name":"card-authorization-service","node":{}},"message":"Could not detect default configuration classes for test class [pl.fairydeck.authorization.acceptance.AcceptanceContext]: AcceptanceContext does not declare any static, non-private, non-final, nested classes annotated with @Configuration.","tags":["COMMONS-LOGGING"],"ecs":{"version":"8.11"}}
{"@timestamp":"2026-09-08T07:45:40.147429887Z","log":{"level":"INFO","logger":"org.springframework.boot.test.context.SpringBootTestContextBootstrapper"},"process":{"pid":484653,"thread":{"name":"Test worker"}},"service":{"name":"card-authorization-service","node":{}},"message":"Found @SpringBootConfiguration pl.fairydeck.authorization.CardAuthorizationApplication for test class pl.fairydeck.authorization.acceptance.AcceptanceContext","tags":["COMMONS-LOGGING"],"ecs":{"version":"8.11"}}
{"@timestamp":"2026-09-08T07:45:40.147956494Z","log":{"level":"INFO","logger":"org.springframework.test.context.support.AnnotationConfigContextLoaderUtils"},"process":{"pid":484653,"thread":{"name":"Test worker"}},"service":{"name":"card-authorization-service","node":{}},"message":"Could not detect default configuration classes for test class [pl.fairydeck.authorization.acceptance.AcceptanceContext]: AcceptanceContext does not declare any static, non-private, non-final, nested classes annotated with @Configuration.","tags":["COMMONS-LOGGING"],"ecs":{"version":"8.11"}}
{"@timestamp":"2026-09-08T07:45:40.149892822Z","log":{"level":"INFO","logger":"org.springframework.boot.test.context.SpringBootTestContextBootstrapper"},"process":{"pid":484653,"thread":{"name":"Test worker"}},"service":{"name":"card-authorization-service","node":{}},"message":"Found @SpringBootConfiguration pl.fairydeck.authorization.CardAuthorizationApplication for test class pl.fairydeck.authorization.acceptance.AcceptanceContext","tags":["COMMONS-LOGGING"],"ecs":{"version":"8.11"}}

?[1mScenario:?[22m When the risk service times out, the purchase is declined ?[90m# classpath:pl/fairydeck/authorization/acceptance/card_authorization.feature:39?[39m
  ?[32m✔?[39m ?[32m?[1mGiven ?[22mthe risk engine scores every purchase as low risk?[39m         ?[90m# pl.fairydeck.authorization.acceptance.CardAuthorizationSteps.theRiskEngineScoresEveryPurchaseAsLowRisk()?[39m
{"@timestamp":"2026-09-08T07:45:40.158357065Z","log":{"level":"INFO","logger":"pl.fairydeck.authorization.technical.logbook.RequestLoggingFilter"},"process":{"pid":484653,"thread":{"name":"http-nio-auto-1-exec-3"}},"service":{"name":"card-authorization-service","node":{}},"message":"POST /v1/cards responded 201 in 2 ms","correlationId":"c7f9c97c-45cb-43bb-9b20-ce469c7ababf","ecs":{"version":"8.11"}}
  ?[32m✔?[39m ?[32m?[1mGiven ?[22ma card with a credit limit of ?[1m100.00?[22m ?[1mGBP?[22m?[39m                  ?[90m# pl.fairydeck.authorization.acceptance.CardAuthorizationSteps.aCardWithACreditLimitOf(java.math.BigDecimal,java.lang.String)?[39m
  ?[32m✔?[39m ?[32m?[1mBut ?[22mthe risk engine does not answer in time?[39m                     ?[90m# pl.fairydeck.authorization.acceptance.CardAuthorizationSteps.theRiskEngineDoesNotAnswerInTime()?[39m
{"@timestamp":"2026-09-08T07:45:40.316813240Z","log":{"level":"WARN","logger":"pl.fairydeck.authorization.adapter.out.risk.HttpRiskScorer"},"process":{"pid":484653,"thread":{"name":"http-nio-auto-1-exec-4"}},"service":{"name":"card-authorization-service","node":{}},"message":"Risk scoring unavailable for card 9613f998-bb0f-42b2-9fb6-ad2a9386da11: I/O error on POST request for \"http://localhost:41545/v1/scores\": Read timed out","correlationId":"9f2ebd99-8f14-4965-bedb-69adfc65f131","ecs":{"version":"8.11"}}
{"@timestamp":"2026-09-08T07:45:40.320379824Z","log":{"level":"INFO","logger":"pl.fairydeck.authorization.technical.logbook.RequestLoggingFilter"},"process":{"pid":484653,"thread":{"name":"http-nio-auto-1-exec-4"}},"service":{"name":"card-authorization-service","node":{}},"message":"POST /v1/authorizations responded 201 in 158 ms","correlationId":"9f2ebd99-8f14-4965-bedb-69adfc65f131","ecs":{"version":"8.11"}}
  ?[32m✔?[39m ?[32m?[1mWhen ?[22ma purchase of ?[1m30.00?[22m ?[1mGBP?[22m is made at ?[1m"Coffee Corner"?[22m?[39m         ?[90m# pl.fairydeck.authorization.acceptance.CardAuthorizationSteps.aPurchaseIsMadeAt(java.math.BigDecimal,java.lang.String,java.lang.String)?[39m
  ?[32m✔?[39m ?[32m?[1mThen ?[22mthe purchase is declined because of ?[1m"RISK_UNAVAILABLE"?[22m?[39m     ?[90m# pl.fairydeck.authorization.acceptance.CardAuthorizationSteps.thePurchaseIsDeclinedBecauseOf(java.lang.String)?[39m
  ?[32m✔?[39m ?[32m?[1mAnd ?[22mthe decision took less than ?[1m1000?[22m ms?[39m                         ?[90m# pl.fairydeck.authorization.acceptance.CardAuthorizationSteps.theDecisionTookLessThan(int)?[39m
{"@timestamp":"2026-09-08T07:45:40.326237150Z","log":{"level":"INFO","logger":"pl.fairydeck.authorization.technical.logbook.RequestLoggingFilter"},"process":{"pid":484653,"thread":{"name":"http-nio-auto-1-exec-10"}},"service":{"name":"card-authorization-service","node":{}},"message":"GET /v1/cards/9613f998-bb0f-42b2-9fb6-ad2a9386da11/balance responded 200 in 2 ms","correlationId":"283c640f-f6f0-4db0-a987-db08544b99cd","ecs":{"version":"8.11"}}
{"@timestamp":"2026-09-08T07:45:40.330236786Z","log":{"level":"INFO","logger":"pl.fairydeck.authorization.technical.logbook.RequestLoggingFilter"},"process":{"pid":484653,"thread":{"name":"http-nio-auto-1-exec-8"}},"service":{"name":"card-authorization-service","node":{}},"message":"GET /v1/cards/9613f998-bb0f-42b2-9fb6-ad2a9386da11/balance responded 200 in 1 ms","correlationId":"5cc36f48-d455-406f-984c-51720e17143a","ecs":{"version":"8.11"}}
  ?[32m✔?[39m ?[32m?[1mAnd ?[22mthe available balance is ?[1m100.00?[22m ?[1mGBP?[22m?[39m                         ?[90m# pl.fairydeck.authorization.acceptance.CardAuthorizationSteps.theAvailableBalanceIs(java.math.BigDecimal,java.lang.String)?[39m
{"@timestamp":"2026-09-08T07:45:40.332856475Z","log":{"level":"INFO","logger":"org.springframework.test.context.support.AnnotationConfigContextLoaderUtils"},"process":{"pid":484653,"thread":{"name":"Test worker"}},"service":{"name":"card-authorization-service","node":{}},"message":"Could not detect default configuration classes for test class [pl.fairydeck.authorization.acceptance.AcceptanceContext]: AcceptanceContext does not declare any static, non-private, non-final, nested classes annotated with @Configuration.","tags":["COMMONS-LOGGING"],"ecs":{"version":"8.11"}}
{"@timestamp":"2026-09-08T07:45:40.335154371Z","log":{"level":"INFO","logger":"org.springframework.boot.test.context.SpringBootTestContextBootstrapper"},"process":{"pid":484653,"thread":{"name":"Test worker"}},"service":{"name":"card-authorization-service","node":{}},"message":"Found @SpringBootConfiguration pl.fairydeck.authorization.CardAuthorizationApplication for test class pl.fairydeck.authorization.acceptance.AcceptanceContext","tags":["COMMONS-LOGGING"],"ecs":{"version":"8.11"}}
{"@timestamp":"2026-09-08T07:45:40.335685827Z","log":{"level":"INFO","logger":"org.springframework.test.context.support.AnnotationConfigContextLoaderUtils"},"process":{"pid":484653,"thread":{"name":"Test worker"}},"service":{"name":"card-authorization-service","node":{}},"message":"Could not detect default configuration classes for test class [pl.fairydeck.authorization.acceptance.AcceptanceContext]: AcceptanceContext does not declare any static, non-private, non-final, nested classes annotated with @Configuration.","tags":["COMMONS-LOGGING"],"ecs":{"version":"8.11"}}
{"@timestamp":"2026-09-08T07:45:40.337442209Z","log":{"level":"INFO","logger":"org.springframework.boot.test.context.SpringBootTestContextBootstrapper"},"process":{"pid":484653,"thread":{"name":"Test worker"}},"service":{"name":"card-authorization-service","node":{}},"message":"Found @SpringBootConfiguration pl.fairydeck.authorization.CardAuthorizationApplication for test class pl.fairydeck.authorization.acceptance.AcceptanceContext","tags":["COMMONS-LOGGING"],"ecs":{"version":"8.11"}}

?[1mScenario:?[22m Capturing an authorization converts the hold into a settled charge ?[90m# classpath:pl/fairydeck/authorization/acceptance/card_authorization.feature:47?[39m
  ?[32m✔?[39m ?[32m?[1mGiven ?[22mthe risk engine scores every purchase as low risk?[39m                  ?[90m# pl.fairydeck.authorization.acceptance.CardAuthorizationSteps.theRiskEngineScoresEveryPurchaseAsLowRisk()?[39m
{"@timestamp":"2026-09-08T07:45:40.344637944Z","log":{"level":"INFO","logger":"pl.fairydeck.authorization.technical.logbook.RequestLoggingFilter"},"process":{"pid":484653,"thread":{"name":"http-nio-auto-1-exec-1"}},"service":{"name":"card-authorization-service","node":{}},"message":"POST /v1/cards responded 201 in 1 ms","correlationId":"7144e096-ab26-4a31-9bf4-60cb9e100f0b","ecs":{"version":"8.11"}}
  ?[32m✔?[39m ?[32m?[1mGiven ?[22ma card with a credit limit of ?[1m100.00?[22m ?[1mGBP?[22m?[39m                           ?[90m# pl.fairydeck.authorization.acceptance.CardAuthorizationSteps.aCardWithACreditLimitOf(java.math.BigDecimal,java.lang.String)?[39m
{"@timestamp":"2026-09-08T07:45:40.355378982Z","log":{"level":"INFO","logger":"pl.fairydeck.authorization.technical.logbook.RequestLoggingFilter"},"process":{"pid":484653,"thread":{"name":"http-nio-auto-1-exec-9"}},"service":{"name":"card-authorization-service","node":{}},"message":"POST /v1/authorizations responded 201 in 8 ms","correlationId":"5d788891-0901-4d12-9cde-b41058543408","ecs":{"version":"8.11"}}
  ?[32m✔?[39m ?[32m?[1mAnd ?[22man approved purchase of ?[1m30.00?[22m ?[1mGBP?[22m?[39m                                    ?[90m# pl.fairydeck.authorization.acceptance.CardAuthorizationSteps.anApprovedPurchaseOf(java.math.BigDecimal,java.lang.String)?[39m
{"@timestamp":"2026-09-08T07:45:40.362859861Z","log":{"level":"INFO","logger":"pl.fairydeck.authorization.technical.logbook.RequestLoggingFilter"},"process":{"pid":484653,"thread":{"name":"http-nio-auto-1-exec-6"}},"service":{"name":"card-authorization-service","node":{}},"message":"POST /v1/authorizations/842378ca-4a05-4206-8f57-a7051603f309/capture responded 200 in 4 ms","correlationId":"bd0b031e-112e-4f8c-8360-ed04262b4725","ecs":{"version":"8.11"}}
  ?[32m✔?[39m ?[32m?[1mWhen ?[22mthe purchase is captured?[39m                                            ?[90m# pl.fairydeck.authorization.acceptance.CardAuthorizationSteps.thePurchaseIsCaptured()?[39m
  ?[32m✔?[39m ?[32m?[1mThen ?[22mthe authorization is ?[1m"CAPTURED"?[22m?[39m                                     ?[90m# pl.fairydeck.authorization.acceptance.CardAuthorizationSteps.theAuthorizationIs(java.lang.String)?[39m
{"@timestamp":"2026-09-08T07:45:40.367554760Z","log":{"level":"INFO","logger":"pl.fairydeck.authorization.technical.logbook.RequestLoggingFilter"},"process":{"pid":484653,"thread":{"name":"http-nio-auto-1-exec-2"}},"service":{"name":"card-authorization-service","node":{}},"message":"GET /v1/cards/ab157603-eb09-4288-b0ef-edce4a2bc2d0/balance responded 200 in 2 ms","correlationId":"717868b1-9f1e-4e19-9d80-c2faab6889f3","ecs":{"version":"8.11"}}
  ?[32m✔?[39m ?[32m?[1mAnd ?[22mthe settled amount is ?[1m30.00?[22m ?[1mGBP?[22m?[39m                                      ?[90m# pl.fairydeck.authorization.acceptance.CardAuthorizationSteps.theSettledAmountIs(java.math.BigDecimal,java.lang.String)?[39m
{"@timestamp":"2026-09-08T07:45:40.371850440Z","log":{"level":"INFO","logger":"pl.fairydeck.authorization.technical.logbook.RequestLoggingFilter"},"process":{"pid":484653,"thread":{"name":"http-nio-auto-1-exec-7"}},"service":{"name":"card-authorization-service","node":{}},"message":"GET /v1/cards/ab157603-eb09-4288-b0ef-edce4a2bc2d0/balance responded 200 in 1 ms","correlationId":"afb20a48-ed08-43ef-9b89-ca65890f355f","ecs":{"version":"8.11"}}
{"@timestamp":"2026-09-08T07:45:40.375347573Z","log":{"level":"INFO","logger":"pl.fairydeck.authorization.technical.logbook.RequestLoggingFilter"},"process":{"pid":484653,"thread":{"name":"http-nio-auto-1-exec-5"}},"service":{"name":"card-authorization-service","node":{}},"message":"GET /v1/cards/ab157603-eb09-4288-b0ef-edce4a2bc2d0/balance responded 200 in 2 ms","correlationId":"6f3a7135-c9bc-475d-9927-6c1a7132c39d","ecs":{"version":"8.11"}}
  ?[32m✔?[39m ?[32m?[1mAnd ?[22mthe available balance is ?[1m70.00?[22m ?[1mGBP?[22m?[39m                                   ?[90m# pl.fairydeck.authorization.acceptance.CardAuthorizationSteps.theAvailableBalanceIs(java.math.BigDecimal,java.lang.String)?[39m
{"@timestamp":"2026-09-08T07:45:40.377955280Z","log":{"level":"INFO","logger":"org.springframework.test.context.support.AnnotationConfigContextLoaderUtils"},"process":{"pid":484653,"thread":{"name":"Test worker"}},"service":{"name":"card-authorization-service","node":{}},"message":"Could not detect default configuration classes for test class [pl.fairydeck.authorization.acceptance.AcceptanceContext]: AcceptanceContext does not declare any static, non-private, non-final, nested classes annotated with @Configuration.","tags":["COMMONS-LOGGING"],"ecs":{"version":"8.11"}}
{"@timestamp":"2026-09-08T07:45:40.380138241Z","log":{"level":"INFO","logger":"org.springframework.boot.test.context.SpringBootTestContextBootstrapper"},"process":{"pid":484653,"thread":{"name":"Test worker"}},"service":{"name":"card-authorization-service","node":{}},"message":"Found @SpringBootConfiguration pl.fairydeck.authorization.CardAuthorizationApplication for test class pl.fairydeck.authorization.acceptance.AcceptanceContext","tags":["COMMONS-LOGGING"],"ecs":{"version":"8.11"}}
{"@timestamp":"2026-09-08T07:45:40.380659167Z","log":{"level":"INFO","logger":"org.springframework.test.context.support.AnnotationConfigContextLoaderUtils"},"process":{"pid":484653,"thread":{"name":"Test worker"}},"service":{"name":"card-authorization-service","node":{}},"message":"Could not detect default configuration classes for test class [pl.fairydeck.authorization.acceptance.AcceptanceContext]: AcceptanceContext does not declare any static, non-private, non-final, nested classes annotated with @Configuration.","tags":["COMMONS-LOGGING"],"ecs":{"version":"8.11"}}
{"@timestamp":"2026-09-08T07:45:40.382398647Z","log":{"level":"INFO","logger":"org.springframework.boot.test.context.SpringBootTestContextBootstrapper"},"process":{"pid":484653,"thread":{"name":"Test worker"}},"service":{"name":"card-authorization-service","node":{}},"message":"Found @SpringBootConfiguration pl.fairydeck.authorization.CardAuthorizationApplication for test class pl.fairydeck.authorization.acceptance.AcceptanceContext","tags":["COMMONS-LOGGING"],"ecs":{"version":"8.11"}}

?[1mScenario:?[22m Reversing an authorization releases the hold and restores the balance ?[90m# classpath:pl/fairydeck/authorization/acceptance/card_authorization.feature:55?[39m
  ?[32m✔?[39m ?[32m?[1mGiven ?[22mthe risk engine scores every purchase as low risk?[39m                     ?[90m# pl.fairydeck.authorization.acceptance.CardAuthorizationSteps.theRiskEngineScoresEveryPurchaseAsLowRisk()?[39m
{"@timestamp":"2026-09-08T07:45:40.389412240Z","log":{"level":"INFO","logger":"pl.fairydeck.authorization.technical.logbook.RequestLoggingFilter"},"process":{"pid":484653,"thread":{"name":"http-nio-auto-1-exec-3"}},"service":{"name":"card-authorization-service","node":{}},"message":"POST /v1/cards responded 201 in 1 ms","correlationId":"60b0849c-022e-4f69-a8a4-2ab23d74a237","ecs":{"version":"8.11"}}
  ?[32m✔?[39m ?[32m?[1mGiven ?[22ma card with a credit limit of ?[1m100.00?[22m ?[1mGBP?[22m?[39m                              ?[90m# pl.fairydeck.authorization.acceptance.CardAuthorizationSteps.aCardWithACreditLimitOf(java.math.BigDecimal,java.lang.String)?[39m
{"@timestamp":"2026-09-08T07:45:40.399623526Z","log":{"level":"INFO","logger":"pl.fairydeck.authorization.technical.logbook.RequestLoggingFilter"},"process":{"pid":484653,"thread":{"name":"http-nio-auto-1-exec-4"}},"service":{"name":"card-authorization-service","node":{}},"message":"POST /v1/authorizations responded 201 in 7 ms","correlationId":"84992c84-5d7b-43ee-b15a-8d000fb8b49a","ecs":{"version":"8.11"}}
  ?[32m✔?[39m ?[32m?[1mAnd ?[22man approved purchase of ?[1m30.00?[22m ?[1mGBP?[22m?[39m                                       ?[90m# pl.fairydeck.authorization.acceptance.CardAuthorizationSteps.anApprovedPurchaseOf(java.math.BigDecimal,java.lang.String)?[39m
{"@timestamp":"2026-09-08T07:45:40.406203938Z","log":{"level":"INFO","logger":"pl.fairydeck.authorization.technical.logbook.RequestLoggingFilter"},"process":{"pid":484653,"thread":{"name":"http-nio-auto-1-exec-10"}},"service":{"name":"card-authorization-service","node":{}},"message":"POST /v1/authorizations/65d67baa-5262-4173-b400-63757900f638/reverse responded 200 in 4 ms","correlationId":"08c5e271-3686-4e10-aed3-17a726a6a414","ecs":{"version":"8.11"}}
  ?[32m✔?[39m ?[32m?[1mWhen ?[22mthe purchase is reversed?[39m                                               ?[90m# pl.fairydeck.authorization.acceptance.CardAuthorizationSteps.thePurchaseIsReversed()?[39m
  ?[32m✔?[39m ?[32m?[1mThen ?[22mthe authorization is ?[1m"REVERSED"?[22m?[39m                                        ?[90m# pl.fairydeck.authorization.acceptance.CardAuthorizationSteps.theAuthorizationIs(java.lang.String)?[39m
{"@timestamp":"2026-09-08T07:45:40.410735470Z","log":{"level":"INFO","logger":"pl.fairydeck.authorization.technical.logbook.RequestLoggingFilter"},"process":{"pid":484653,"thread":{"name":"http-nio-auto-1-exec-8"}},"service":{"name":"card-authorization-service","node":{}},"message":"GET /v1/cards/b14a384a-eec7-4b15-8516-a66ca1297bd3/balance responded 200 in 2 ms","correlationId":"7ec5c1af-a17f-426b-b07f-8962021e7c0d","ecs":{"version":"8.11"}}
{"@timestamp":"2026-09-08T07:45:40.414503632Z","log":{"level":"INFO","logger":"pl.fairydeck.authorization.technical.logbook.RequestLoggingFilter"},"process":{"pid":484653,"thread":{"name":"http-nio-auto-1-exec-1"}},"service":{"name":"card-authorization-service","node":{}},"message":"GET /v1/cards/b14a384a-eec7-4b15-8516-a66ca1297bd3/balance responded 200 in 1 ms","correlationId":"919a5607-f250-4b7a-8f24-efb2c963b59f","ecs":{"version":"8.11"}}
  ?[32m✔?[39m ?[32m?[1mAnd ?[22mthe available balance is ?[1m100.00?[22m ?[1mGBP?[22m?[39m                                     ?[90m# pl.fairydeck.authorization.acceptance.CardAuthorizationSteps.theAvailableBalanceIs(java.math.BigDecimal,java.lang.String)?[39m
{"@timestamp":"2026-09-08T07:45:40.417343433Z","log":{"level":"INFO","logger":"org.springframework.test.context.support.AnnotationConfigContextLoaderUtils"},"process":{"pid":484653,"thread":{"name":"Test worker"}},"service":{"name":"card-authorization-service","node":{}},"message":"Could not detect default configuration classes for test class [pl.fairydeck.authorization.acceptance.AcceptanceContext]: AcceptanceContext does not declare any static, non-private, non-final, nested classes annotated with @Configuration.","tags":["COMMONS-LOGGING"],"ecs":{"version":"8.11"}}
{"@timestamp":"2026-09-08T07:45:40.419512057Z","log":{"level":"INFO","logger":"org.springframework.boot.test.context.SpringBootTestContextBootstrapper"},"process":{"pid":484653,"thread":{"name":"Test worker"}},"service":{"name":"card-authorization-service","node":{}},"message":"Found @SpringBootConfiguration pl.fairydeck.authorization.CardAuthorizationApplication for test class pl.fairydeck.authorization.acceptance.AcceptanceContext","tags":["COMMONS-LOGGING"],"ecs":{"version":"8.11"}}
{"@timestamp":"2026-09-08T07:45:40.420011523Z","log":{"level":"INFO","logger":"org.springframework.test.context.support.AnnotationConfigContextLoaderUtils"},"process":{"pid":484653,"thread":{"name":"Test worker"}},"service":{"name":"card-authorization-service","node":{}},"message":"Could not detect default configuration classes for test class [pl.fairydeck.authorization.acceptance.AcceptanceContext]: AcceptanceContext does not declare any static, non-private, non-final, nested classes annotated with @Configuration.","tags":["COMMONS-LOGGING"],"ecs":{"version":"8.11"}}
{"@timestamp":"2026-09-08T07:45:40.421769107Z","log":{"level":"INFO","logger":"org.springframework.boot.test.context.SpringBootTestContextBootstrapper"},"process":{"pid":484653,"thread":{"name":"Test worker"}},"service":{"name":"card-authorization-service","node":{}},"message":"Found @SpringBootConfiguration pl.fairydeck.authorization.CardAuthorizationApplication for test class pl.fairydeck.authorization.acceptance.AcceptanceContext","tags":["COMMONS-LOGGING"],"ecs":{"version":"8.11"}}

?[1mScenario:?[22m Retrying a capture after it succeeded changes nothing ?[90m# classpath:pl/fairydeck/authorization/acceptance/card_authorization.feature:62?[39m
  ?[32m✔?[39m ?[32m?[1mGiven ?[22mthe risk engine scores every purchase as low risk?[39m     ?[90m# pl.fairydeck.authorization.acceptance.CardAuthorizationSteps.theRiskEngineScoresEveryPurchaseAsLowRisk()?[39m
{"@timestamp":"2026-09-08T07:45:40.429206925Z","log":{"level":"INFO","logger":"pl.fairydeck.authorization.technical.logbook.RequestLoggingFilter"},"process":{"pid":484653,"thread":{"name":"http-nio-auto-1-exec-9"}},"service":{"name":"card-authorization-service","node":{}},"message":"POST /v1/cards responded 201 in 1 ms","correlationId":"ea5129c8-53a7-4c25-b7c4-2b3732833dac","ecs":{"version":"8.11"}}
  ?[32m✔?[39m ?[32m?[1mGiven ?[22ma card with a credit limit of ?[1m100.00?[22m ?[1mGBP?[22m?[39m              ?[90m# pl.fairydeck.authorization.acceptance.CardAuthorizationSteps.aCardWithACreditLimitOf(java.math.BigDecimal,java.lang.String)?[39m
{"@timestamp":"2026-09-08T07:45:40.440618140Z","log":{"level":"INFO","logger":"pl.fairydeck.authorization.technical.logbook.RequestLoggingFilter"},"process":{"pid":484653,"thread":{"name":"http-nio-auto-1-exec-6"}},"service":{"name":"card-authorization-service","node":{}},"message":"POST /v1/authorizations responded 201 in 8 ms","correlationId":"863363fc-dc81-46ff-bc21-464c57f5bdb3","ecs":{"version":"8.11"}}
  ?[32m✔?[39m ?[32m?[1mAnd ?[22man approved purchase of ?[1m30.00?[22m ?[1mGBP?[22m?[39m                       ?[90m# pl.fairydeck.authorization.acceptance.CardAuthorizationSteps.anApprovedPurchaseOf(java.math.BigDecimal,java.lang.String)?[39m
{"@timestamp":"2026-09-08T07:45:40.447302867Z","log":{"level":"INFO","logger":"pl.fairydeck.authorization.technical.logbook.RequestLoggingFilter"},"process":{"pid":484653,"thread":{"name":"http-nio-auto-1-exec-2"}},"service":{"name":"card-authorization-service","node":{}},"message":"POST /v1/authorizations/6990bc15-8ad4-4be4-aa5e-5ce146461abe/capture responded 200 in 4 ms","correlationId":"2505c8eb-adfa-413f-8e4f-b783c7407f3e","ecs":{"version":"8.11"}}
  ?[32m✔?[39m ?[32m?[1mWhen ?[22mthe purchase is captured?[39m                               ?[90m# pl.fairydeck.authorization.acceptance.CardAuthorizationSteps.thePurchaseIsCaptured()?[39m
{"@timestamp":"2026-09-08T07:45:40.451467341Z","log":{"level":"INFO","logger":"pl.fairydeck.authorization.technical.logbook.RequestLoggingFilter"},"process":{"pid":484653,"thread":{"name":"http-nio-auto-1-exec-7"}},"service":{"name":"card-authorization-service","node":{}},"message":"POST /v1/authorizations/6990bc15-8ad4-4be4-aa5e-5ce146461abe/capture responded 200 in 2 ms","correlationId":"d6d22641-bb70-4f11-a4f2-1375f9d7f587","ecs":{"version":"8.11"}}
  ?[32m✔?[39m ?[32m?[1mAnd ?[22mthe capture is retried?[39m                                  ?[90m# pl.fairydeck.authorization.acceptance.CardAuthorizationSteps.theCaptureIsRetried()?[39m
  ?[32m✔?[39m ?[32m?[1mThen ?[22mthe retry returns the same settled authorization?[39m       ?[90m# pl.fairydeck.authorization.acceptance.CardAuthorizationSteps.theRetryReturnsTheSameSettledAuthorization()?[39m
{"@timestamp":"2026-09-08T07:45:40.455610746Z","log":{"level":"INFO","logger":"pl.fairydeck.authorization.technical.logbook.RequestLoggingFilter"},"process":{"pid":484653,"thread":{"name":"http-nio-auto-1-exec-5"}},"service":{"name":"card-authorization-service","node":{}},"message":"GET /v1/cards/5f08abdc-ad4d-421b-b2a4-f8555064f9c0/balance responded 200 in 1 ms","correlationId":"fa52c67f-a47d-462d-b480-974332552a66","ecs":{"version":"8.11"}}
  ?[32m✔?[39m ?[32m?[1mAnd ?[22mthe settled amount is ?[1m30.00?[22m ?[1mGBP?[22m?[39m                         ?[90m# pl.fairydeck.authorization.acceptance.CardAuthorizationSteps.theSettledAmountIs(java.math.BigDecimal,java.lang.String)?[39m
{"@timestamp":"2026-09-08T07:45:40.459956840Z","log":{"level":"INFO","logger":"pl.fairydeck.authorization.technical.logbook.RequestLoggingFilter"},"process":{"pid":484653,"thread":{"name":"http-nio-auto-1-exec-3"}},"service":{"name":"card-authorization-service","node":{}},"message":"GET /v1/cards/5f08abdc-ad4d-421b-b2a4-f8555064f9c0/balance responded 200 in 1 ms","correlationId":"2e55b14a-e467-4ceb-929a-efc4bbe8f87a","ecs":{"version":"8.11"}}
{"@timestamp":"2026-09-08T07:45:40.463202062Z","log":{"level":"INFO","logger":"pl.fairydeck.authorization.technical.logbook.RequestLoggingFilter"},"process":{"pid":484653,"thread":{"name":"http-nio-auto-1-exec-4"}},"service":{"name":"card-authorization-service","node":{}},"message":"GET /v1/cards/5f08abdc-ad4d-421b-b2a4-f8555064f9c0/balance responded 200 in 1 ms","correlationId":"1a2df5e4-09a0-4ef9-9861-2152cc4ec0f4","ecs":{"version":"8.11"}}
  ?[32m✔?[39m ?[32m?[1mAnd ?[22mthe available balance is ?[1m70.00?[22m ?[1mGBP?[22m?[39m                      ?[90m# pl.fairydeck.authorization.acceptance.CardAuthorizationSteps.theAvailableBalanceIs(java.math.BigDecimal,java.lang.String)?[39m
{"@timestamp":"2026-09-08T07:45:40.466425573Z","log":{"level":"INFO","logger":"org.springframework.test.context.support.AnnotationConfigContextLoaderUtils"},"process":{"pid":484653,"thread":{"name":"Test worker"}},"service":{"name":"card-authorization-service","node":{}},"message":"Could not detect default configuration classes for test class [pl.fairydeck.authorization.acceptance.AcceptanceContext]: AcceptanceContext does not declare any static, non-private, non-final, nested classes annotated with @Configuration.","tags":["COMMONS-LOGGING"],"ecs":{"version":"8.11"}}
{"@timestamp":"2026-09-08T07:45:40.468852030Z","log":{"level":"INFO","logger":"org.springframework.boot.test.context.SpringBootTestContextBootstrapper"},"process":{"pid":484653,"thread":{"name":"Test worker"}},"service":{"name":"card-authorization-service","node":{}},"message":"Found @SpringBootConfiguration pl.fairydeck.authorization.CardAuthorizationApplication for test class pl.fairydeck.authorization.acceptance.AcceptanceContext","tags":["COMMONS-LOGGING"],"ecs":{"version":"8.11"}}
{"@timestamp":"2026-09-08T07:45:40.469438078Z","log":{"level":"INFO","logger":"org.springframework.test.context.support.AnnotationConfigContextLoaderUtils"},"process":{"pid":484653,"thread":{"name":"Test worker"}},"service":{"name":"card-authorization-service","node":{}},"message":"Could not detect default configuration classes for test class [pl.fairydeck.authorization.acceptance.AcceptanceContext]: AcceptanceContext does not declare any static, non-private, non-final, nested classes annotated with @Configuration.","tags":["COMMONS-LOGGING"],"ecs":{"version":"8.11"}}
{"@timestamp":"2026-09-08T07:45:40.471357415Z","log":{"level":"INFO","logger":"org.springframework.boot.test.context.SpringBootTestContextBootstrapper"},"process":{"pid":484653,"thread":{"name":"Test worker"}},"service":{"name":"card-authorization-service","node":{}},"message":"Found @SpringBootConfiguration pl.fairydeck.authorization.CardAuthorizationApplication for test class pl.fairydeck.authorization.acceptance.AcceptanceContext","tags":["COMMONS-LOGGING"],"ecs":{"version":"8.11"}}

?[1mScenario:?[22m The card's transactions show every decision, newest first ?[90m# classpath:pl/fairydeck/authorization/acceptance/card_authorization.feature:71?[39m
  ?[32m✔?[39m ?[32m?[1mGiven ?[22mthe risk engine scores every purchase as low risk?[39m         ?[90m# pl.fairydeck.authorization.acceptance.CardAuthorizationSteps.theRiskEngineScoresEveryPurchaseAsLowRisk()?[39m
{"@timestamp":"2026-09-08T07:45:40.478652516Z","log":{"level":"INFO","logger":"pl.fairydeck.authorization.technical.logbook.RequestLoggingFilter"},"process":{"pid":484653,"thread":{"name":"http-nio-auto-1-exec-10"}},"service":{"name":"card-authorization-service","node":{}},"message":"POST /v1/cards responded 201 in 1 ms","correlationId":"a7b30e63-35ed-4d89-a22e-41006c7d7ae0","ecs":{"version":"8.11"}}
  ?[32m✔?[39m ?[32m?[1mGiven ?[22ma card with a credit limit of ?[1m100.00?[22m ?[1mGBP?[22m?[39m                  ?[90m# pl.fairydeck.authorization.acceptance.CardAuthorizationSteps.aCardWithACreditLimitOf(java.math.BigDecimal,java.lang.String)?[39m
{"@timestamp":"2026-09-08T07:45:40.489678238Z","log":{"level":"INFO","logger":"pl.fairydeck.authorization.technical.logbook.RequestLoggingFilter"},"process":{"pid":484653,"thread":{"name":"http-nio-auto-1-exec-8"}},"service":{"name":"card-authorization-service","node":{}},"message":"POST /v1/authorizations responded 201 in 8 ms","correlationId":"aea90e3c-0932-44a9-bfc2-73fd62c704c0","ecs":{"version":"8.11"}}
  ?[32m✔?[39m ?[32m?[1mWhen ?[22ma purchase of ?[1m30.00?[22m ?[1mGBP?[22m is made at ?[1m"Coffee Corner"?[22m?[39m         ?[90m# pl.fairydeck.authorization.acceptance.CardAuthorizationSteps.aPurchaseIsMadeAt(java.math.BigDecimal,java.lang.String,java.lang.String)?[39m
{"@timestamp":"2026-09-08T07:45:40.498935496Z","log":{"level":"INFO","logger":"pl.fairydeck.authorization.technical.logbook.RequestLoggingFilter"},"process":{"pid":484653,"thread":{"name":"http-nio-auto-1-exec-1"}},"service":{"name":"card-authorization-service","node":{}},"message":"POST /v1/authorizations responded 201 in 6 ms","correlationId":"2e188f2f-6900-400b-84b6-231f32d46bf2","ecs":{"version":"8.11"}}
  ?[32m✔?[39m ?[32m?[1mAnd ?[22ma purchase of ?[1m80.00?[22m ?[1mGBP?[22m is made at ?[1m"Bike Shop"?[22m?[39m              ?[90m# pl.fairydeck.authorization.acceptance.CardAuthorizationSteps.aPurchaseIsMadeAt(java.math.BigDecimal,java.lang.String,java.lang.String)?[39m
{"@timestamp":"2026-09-08T07:45:40.506697702Z","log":{"level":"INFO","logger":"pl.fairydeck.authorization.technical.logbook.RequestLoggingFilter"},"process":{"pid":484653,"thread":{"name":"http-nio-auto-1-exec-9"}},"service":{"name":"card-authorization-service","node":{}},"message":"GET /v1/cards/49e07ed2-b66f-4d1b-806b-10f609b322f2/transactions responded 200 in 5 ms","correlationId":"bd10c20a-e18b-4d31-8b01-02976a3d6125","ecs":{"version":"8.11"}}
  ?[32m✔?[39m ?[32m?[1mThen ?[22mthe card's transactions are ?[1m"DECLINED, APPROVED"?[22m?[39m           ?[90m# pl.fairydeck.authorization.acceptance.CardAuthorizationSteps.theCardsTransactionsAre(java.lang.String)?[39m
{"@timestamp":"2026-09-08T07:45:40.513520519Z","log":{"level":"INFO","logger":"pl.fairydeck.authorization.technical.logbook.RequestLoggingFilter"},"process":{"pid":484653,"thread":{"name":"http-nio-auto-1-exec-6"}},"service":{"name":"card-authorization-service","node":{}},"message":"GET /v1/cards/49e07ed2-b66f-4d1b-806b-10f609b322f2/transactions responded 200 in 3 ms","correlationId":"433e08c5-3f9d-4f79-b38a-46289b006f4f","ecs":{"version":"8.11"}}
  ?[32m✔?[39m ?[32m?[1mAnd ?[22mthe card's approved transactions are ?[1m"APPROVED"?[22m?[39m             ?[90m# pl.fairydeck.authorization.acceptance.CardAuthorizationSteps.theCardsApprovedTransactionsAre(java.lang.String)?[39m
]]></system-out>
  <system-err><![CDATA[]]></system-err>
</testsuite>
